mode: set
axonflow/platform/orchestrator/agent_config.go:135.61,137.16 2 0
axonflow/platform/orchestrator/agent_config.go:137.16,139.3 1 0
axonflow/platform/orchestrator/agent_config.go:141.2,141.31 1 0
axonflow/platform/orchestrator/agent_config.go:145.62,147.54 2 0
axonflow/platform/orchestrator/agent_config.go:147.54,149.3 1 0
axonflow/platform/orchestrator/agent_config.go:152.2,152.53 1 0
axonflow/platform/orchestrator/agent_config.go:152.53,154.3 1 0
axonflow/platform/orchestrator/agent_config.go:156.2,156.21 1 0
axonflow/platform/orchestrator/agent_config.go:160.57,161.19 1 0
axonflow/platform/orchestrator/agent_config.go:161.19,163.3 1 0
axonflow/platform/orchestrator/agent_config.go:166.2,166.59 1 0
axonflow/platform/orchestrator/agent_config.go:166.59,168.3 1 0
axonflow/platform/orchestrator/agent_config.go:170.2,170.34 1 0
axonflow/platform/orchestrator/agent_config.go:170.34,172.3 1 0
axonflow/platform/orchestrator/agent_config.go:175.2,175.59 1 0
axonflow/platform/orchestrator/agent_config.go:175.59,177.3 1 0
axonflow/platform/orchestrator/agent_config.go:180.2,180.51 1 0
axonflow/platform/orchestrator/agent_config.go:180.51,182.3 1 0
axonflow/platform/orchestrator/agent_config.go:184.2,184.12 1 0
axonflow/platform/orchestrator/agent_config.go:188.54,189.25 1 0
axonflow/platform/orchestrator/agent_config.go:189.25,191.3 1 0
axonflow/platform/orchestrator/agent_config.go:193.2,193.27 1 0
axonflow/platform/orchestrator/agent_config.go:193.27,195.3 1 0
axonflow/platform/orchestrator/agent_config.go:198.2,198.39 1 0
axonflow/platform/orchestrator/agent_config.go:198.39,200.3 1 0
axonflow/platform/orchestrator/agent_config.go:202.2,202.12 1 0
axonflow/platform/orchestrator/agent_config.go:206.48,208.65 1 0
axonflow/platform/orchestrator/agent_config.go:208.65,210.3 1 0
axonflow/platform/orchestrator/agent_config.go:213.2,213.27 1 0
axonflow/platform/orchestrator/agent_config.go:213.27,215.3 1 0
axonflow/platform/orchestrator/agent_config.go:217.2,218.36 2 0
axonflow/platform/orchestrator/agent_config.go:218.36,219.50 1 0
axonflow/platform/orchestrator/agent_config.go:219.50,221.4 1 0
axonflow/platform/orchestrator/agent_config.go:223.3,223.29 1 0
axonflow/platform/orchestrator/agent_config.go:223.29,225.4 1 0
axonflow/platform/orchestrator/agent_config.go:226.3,226.32 1 0
axonflow/platform/orchestrator/agent_config.go:230.2,230.36 1 0
axonflow/platform/orchestrator/agent_config.go:230.36,231.67 1 0
axonflow/platform/orchestrator/agent_config.go:231.67,233.4 1 0
axonflow/platform/orchestrator/agent_config.go:236.2,236.12 1 0
axonflow/platform/orchestrator/agent_config.go:240.61,242.74 1 0
axonflow/platform/orchestrator/agent_config.go:242.74,244.3 1 0
axonflow/platform/orchestrator/agent_config.go:247.2,247.33 1 0
axonflow/platform/orchestrator/agent_config.go:247.33,249.3 1 0
axonflow/platform/orchestrator/agent_config.go:252.2,252.31 1 0
axonflow/platform/orchestrator/agent_config.go:252.31,254.3 1 0
axonflow/platform/orchestrator/agent_config.go:256.2,256.12 1 0
axonflow/platform/orchestrator/agent_config.go:260.54,261.22 1 0
axonflow/platform/orchestrator/agent_config.go:261.22,263.3 1 0
axonflow/platform/orchestrator/agent_config.go:265.2,265.36 1 0
axonflow/platform/orchestrator/agent_config.go:265.36,267.3 1 0
axonflow/platform/orchestrator/agent_config.go:269.2,269.22 1 0
axonflow/platform/orchestrator/agent_config.go:269.22,271.3 1 0
axonflow/platform/orchestrator/agent_config.go:273.2,273.34 1 0
axonflow/platform/orchestrator/agent_config.go:273.34,275.3 1 0
axonflow/platform/orchestrator/agent_config.go:278.2,278.20 1 0
axonflow/platform/orchestrator/agent_config.go:279.18,280.53 1 0
axonflow/platform/orchestrator/agent_config.go:280.53,282.4 1 0
axonflow/platform/orchestrator/agent_config.go:283.3,283.23 1 0
axonflow/platform/orchestrator/agent_config.go:283.23,284.55 1 0
axonflow/platform/orchestrator/agent_config.go:284.55,286.5 1 0
axonflow/platform/orchestrator/agent_config.go:288.24,289.29 1 0
axonflow/platform/orchestrator/agent_config.go:289.29,291.4 1 0
axonflow/platform/orchestrator/agent_config.go:292.3,292.63 1 0
axonflow/platform/orchestrator/agent_config.go:292.63,294.4 1 0
axonflow/platform/orchestrator/agent_config.go:297.2,297.12 1 0
axonflow/platform/orchestrator/agent_config.go:301.51,302.24 1 0
axonflow/platform/orchestrator/agent_config.go:302.24,304.3 1 0
axonflow/platform/orchestrator/agent_config.go:306.2,306.21 1 0
axonflow/platform/orchestrator/agent_config.go:306.21,308.3 1 0
axonflow/platform/orchestrator/agent_config.go:311.2,311.64 1 0
axonflow/platform/orchestrator/agent_config.go:311.64,313.3 1 0
axonflow/platform/orchestrator/agent_config.go:316.2,316.23 1 0
axonflow/platform/orchestrator/agent_config.go:316.23,318.3 1 0
axonflow/platform/orchestrator/agent_config.go:320.2,320.12 1 0
axonflow/platform/orchestrator/agent_config.go:324.53,325.21 1 0
axonflow/platform/orchestrator/agent_config.go:325.21,327.3 1 0
axonflow/platform/orchestrator/agent_config.go:329.2,329.26 1 0
axonflow/platform/orchestrator/agent_config.go:329.26,331.3 1 0
axonflow/platform/orchestrator/agent_config.go:333.2,333.12 1 0
axonflow/platform/orchestrator/agent_config.go:337.91,338.24 1 0
axonflow/platform/orchestrator/agent_config.go:338.24,340.3 1 0
axonflow/platform/orchestrator/agent_config.go:343.2,343.59 1 0
axonflow/platform/orchestrator/agent_config.go:343.59,345.3 1 0
axonflow/platform/orchestrator/agent_config.go:347.2,347.22 1 0
axonflow/platform/orchestrator/agent_config.go:347.22,349.3 1 0
axonflow/platform/orchestrator/agent_config.go:352.2,352.30 1 0
axonflow/platform/orchestrator/agent_config.go:352.30,354.3 1 0
axonflow/platform/orchestrator/agent_config.go:356.2,356.12 1 0
axonflow/platform/orchestrator/agent_config.go:360.49,367.46 2 0
axonflow/platform/orchestrator/agent_config.go:367.46,369.30 2 0
axonflow/platform/orchestrator/agent_config.go:369.30,371.4 1 0
axonflow/platform/orchestrator/agent_config.go:375.2,376.16 2 0
axonflow/platform/orchestrator/agent_config.go:376.16,378.3 1 0
axonflow/platform/orchestrator/agent_config.go:381.2,381.37 1 0
axonflow/platform/orchestrator/agent_config.go:381.37,383.3 1 0
axonflow/platform/orchestrator/agent_config.go:385.2,385.12 1 0
axonflow/platform/orchestrator/agent_config.go:390.39,391.13 1 0
axonflow/platform/orchestrator/agent_config.go:391.13,393.3 1 0
axonflow/platform/orchestrator/agent_config.go:395.2,395.22 1 0
axonflow/platform/orchestrator/agent_config.go:395.22,396.27 1 0
axonflow/platform/orchestrator/agent_config.go:396.27,397.12 1 0
axonflow/platform/orchestrator/agent_config.go:399.3,399.27 1 0
axonflow/platform/orchestrator/agent_config.go:399.27,400.12 1 0
axonflow/platform/orchestrator/agent_config.go:402.3,402.27 1 0
axonflow/platform/orchestrator/agent_config.go:402.27,404.14 1 0
axonflow/platform/orchestrator/agent_config.go:404.14,406.5 1 0
axonflow/platform/orchestrator/agent_config.go:407.4,407.12 1 0
axonflow/platform/orchestrator/agent_config.go:409.3,409.15 1 0
axonflow/platform/orchestrator/agent_config.go:412.2,412.13 1 0
axonflow/platform/orchestrator/agent_config.go:416.82,417.19 1 0
axonflow/platform/orchestrator/agent_config.go:417.19,419.3 1 0
axonflow/platform/orchestrator/agent_config.go:421.2,423.43 2 0
axonflow/platform/orchestrator/agent_config.go:423.43,425.17 2 0
axonflow/platform/orchestrator/agent_config.go:425.17,427.4 1 0
axonflow/platform/orchestrator/agent_config.go:429.3,432.5 1 0
axonflow/platform/orchestrator/agent_config.go:436.2,436.40 1 0
axonflow/platform/orchestrator/agent_config.go:436.40,438.3 1 0
axonflow/platform/orchestrator/agent_config.go:440.2,440.19 1 0
axonflow/platform/orchestrator/agent_config.go:444.50,451.2 1 0
axonflow/platform/orchestrator/agent_config.go:454.61,455.27 1 0
axonflow/platform/orchestrator/agent_config.go:455.27,457.3 1 0
axonflow/platform/orchestrator/agent_config.go:458.2,458.54 1 0
axonflow/platform/orchestrator/agent_config.go:462.45,464.2 1 0
axonflow/platform/orchestrator/agent_config.go:467.47,469.2 1 0
axonflow/platform/orchestrator/agent_config.go:473.62,475.38 2 0
axonflow/platform/orchestrator/agent_config.go:475.38,477.3 1 0
axonflow/platform/orchestrator/agent_config.go:479.2,483.3 1 0
axonflow/platform/orchestrator/agent_config.go:487.67,488.31 1 0
axonflow/platform/orchestrator/agent_config.go:488.31,489.36 1 0
axonflow/platform/orchestrator/agent_config.go:489.36,491.4 1 0
axonflow/platform/orchestrator/agent_config.go:493.2,493.19 1 0
axonflow/platform/orchestrator/agent_config.go:497.55,498.71 1 0
axonflow/platform/orchestrator/agent_config.go:498.71,500.3 1 0
axonflow/platform/orchestrator/agent_config.go:501.2,501.11 1 0
axonflow/platform/orchestrator/agent_registry.go:60.40,69.2 1 0
axonflow/platform/orchestrator/agent_registry.go:72.61,74.2 1 0
axonflow/platform/orchestrator/agent_registry.go:77.93,79.9 1 0
axonflow/platform/orchestrator/agent_registry.go:80.20,81.19 1 0
axonflow/platform/orchestrator/agent_registry.go:82.10,82.10 0 0
axonflow/platform/orchestrator/agent_registry.go:85.2,85.15 1 0
axonflow/platform/orchestrator/agent_registry.go:85.15,87.3 1 0
axonflow/platform/orchestrator/agent_registry.go:90.2,91.16 2 0
axonflow/platform/orchestrator/agent_registry.go:91.16,92.25 1 0
axonflow/platform/orchestrator/agent_registry.go:92.25,94.4 1 0
axonflow/platform/orchestrator/agent_registry.go:95.3,95.67 1 0
axonflow/platform/orchestrator/agent_registry.go:98.2,98.19 1 0
axonflow/platform/orchestrator/agent_registry.go:98.19,100.3 1 0
axonflow/platform/orchestrator/agent_registry.go:103.2,104.16 2 0
axonflow/platform/orchestrator/agent_registry.go:104.16,106.3 1 0
axonflow/platform/orchestrator/agent_registry.go:108.2,108.21 1 0
axonflow/platform/orchestrator/agent_registry.go:108.21,119.3 9 0
axonflow/platform/orchestrator/agent_registry.go:122.2,126.29 4 0
axonflow/platform/orchestrator/agent_registry.go:126.29,128.10 1 0
axonflow/platform/orchestrator/agent_registry.go:129.21,130.20 1 0
axonflow/platform/orchestrator/agent_registry.go:131.11,131.11 0 0
axonflow/platform/orchestrator/agent_registry.go:134.3,135.17 2 0
axonflow/platform/orchestrator/agent_registry.go:135.17,137.4 1 0
axonflow/platform/orchestrator/agent_registry.go:139.3,140.46 2 0
axonflow/platform/orchestrator/agent_registry.go:140.46,142.4 1 0
axonflow/platform/orchestrator/agent_registry.go:144.3,147.37 2 0
axonflow/platform/orchestrator/agent_registry.go:147.37,153.51 4 0
axonflow/platform/orchestrator/agent_registry.go:153.51,155.5 1 0
axonflow/platform/orchestrator/agent_registry.go:159.3,160.17 2 0
axonflow/platform/orchestrator/agent_registry.go:160.17,162.4 1 0
axonflow/platform/orchestrator/agent_registry.go:165.3,165.24 1 0
axonflow/platform/orchestrator/agent_registry.go:165.24,167.4 1 0
axonflow/platform/orchestrator/agent_registry.go:169.3,169.40 1 0
axonflow/platform/orchestrator/agent_registry.go:173.2,173.43 1 0
axonflow/platform/orchestrator/agent_registry.go:173.43,175.3 1 0
axonflow/platform/orchestrator/agent_registry.go:178.2,187.12 9 0
axonflow/platform/orchestrator/agent_registry.go:191.69,194.81 2 0
axonflow/platform/orchestrator/agent_registry.go:194.81,195.17 1 0
axonflow/platform/orchestrator/agent_registry.go:195.17,197.4 1 0
axonflow/platform/orchestrator/agent_registry.go:200.3,200.34 1 0
axonflow/platform/orchestrator/agent_registry.go:200.34,202.4 1 0
axonflow/platform/orchestrator/agent_registry.go:205.3,205.20 1 0
axonflow/platform/orchestrator/agent_registry.go:205.20,207.39 2 0
axonflow/platform/orchestrator/agent_registry.go:207.39,209.5 1 0
axonflow/platform/orchestrator/agent_registry.go:212.3,212.13 1 0
axonflow/platform/orchestrator/agent_registry.go:215.2,215.19 1 0
axonflow/platform/orchestrator/agent_registry.go:219.76,224.13 4 0
axonflow/platform/orchestrator/agent_registry.go:224.13,226.3 1 0
axonflow/platform/orchestrator/agent_registry.go:228.2,228.20 1 0
axonflow/platform/orchestrator/agent_registry.go:232.76,236.49 3 0
axonflow/platform/orchestrator/agent_registry.go:236.49,238.3 1 0
axonflow/platform/orchestrator/agent_registry.go:240.2,240.58 1 0
axonflow/platform/orchestrator/agent_registry.go:240.58,242.3 1 0
axonflow/platform/orchestrator/agent_registry.go:244.2,244.12 1 0
axonflow/platform/orchestrator/agent_registry.go:249.66,254.13 4 0
axonflow/platform/orchestrator/agent_registry.go:254.13,256.3 1 0
axonflow/platform/orchestrator/agent_registry.go:258.2,258.19 1 0
axonflow/platform/orchestrator/agent_registry.go:262.89,267.13 4 0
axonflow/platform/orchestrator/agent_registry.go:267.13,269.3 1 0
axonflow/platform/orchestrator/agent_registry.go:271.2,272.12 2 0
axonflow/platform/orchestrator/agent_registry.go:272.12,274.3 1 0
axonflow/platform/orchestrator/agent_registry.go:276.2,276.19 1 0
axonflow/platform/orchestrator/agent_registry.go:281.86,287.33 4 0
axonflow/platform/orchestrator/agent_registry.go:287.33,288.42 1 0
axonflow/platform/orchestrator/agent_registry.go:288.42,294.56 3 0
axonflow/platform/orchestrator/agent_registry.go:294.56,296.5 1 0
axonflow/platform/orchestrator/agent_registry.go:299.4,299.58 1 0
axonflow/platform/orchestrator/agent_registry.go:299.58,301.5 1 0
axonflow/platform/orchestrator/agent_registry.go:305.2,305.81 1 0
axonflow/platform/orchestrator/agent_registry.go:309.121,311.16 2 0
axonflow/platform/orchestrator/agent_registry.go:311.16,313.3 1 0
axonflow/platform/orchestrator/agent_registry.go:316.2,320.13 4 0
axonflow/platform/orchestrator/agent_registry.go:320.13,322.3 1 0
axonflow/platform/orchestrator/agent_registry.go:324.2,324.45 1 0
axonflow/platform/orchestrator/agent_registry.go:324.45,326.3 1 0
axonflow/platform/orchestrator/agent_registry.go:329.2,329.60 1 0
axonflow/platform/orchestrator/agent_registry.go:333.48,338.32 4 0
axonflow/platform/orchestrator/agent_registry.go:338.32,340.3 1 0
axonflow/platform/orchestrator/agent_registry.go:342.2,343.16 2 0
axonflow/platform/orchestrator/agent_registry.go:347.47,352.29 4 0
axonflow/platform/orchestrator/agent_registry.go:352.29,354.3 1 0
axonflow/platform/orchestrator/agent_registry.go:356.2,357.15 2 0
axonflow/platform/orchestrator/agent_registry.go:361.77,366.13 4 0
axonflow/platform/orchestrator/agent_registry.go:366.13,368.3 1 0
axonflow/platform/orchestrator/agent_registry.go:370.2,371.43 2 0
axonflow/platform/orchestrator/agent_registry.go:371.43,373.3 1 0
axonflow/platform/orchestrator/agent_registry.go:375.2,375.20 1 0
axonflow/platform/orchestrator/agent_registry.go:380.40,382.2 1 0
axonflow/platform/orchestrator/agent_registry.go:385.70,387.9 1 0
axonflow/platform/orchestrator/agent_registry.go:388.20,389.19 1 0
axonflow/platform/orchestrator/agent_registry.go:390.10,390.10 0 0
axonflow/platform/orchestrator/agent_registry.go:393.2,397.21 4 0
axonflow/platform/orchestrator/agent_registry.go:397.21,399.3 1 0
axonflow/platform/orchestrator/agent_registry.go:401.2,401.55 1 0
axonflow/platform/orchestrator/agent_registry.go:405.57,409.2 3 0
axonflow/platform/orchestrator/agent_registry.go:412.51,416.2 3 0
axonflow/platform/orchestrator/agent_registry.go:419.47,432.2 3 0
axonflow/platform/orchestrator/agent_registry.go:435.55,440.2 4 0
axonflow/platform/orchestrator/agent_registry.go:443.52,448.2 4 0
axonflow/platform/orchestrator/agent_registry.go:451.83,453.16 2 0
axonflow/platform/orchestrator/agent_registry.go:453.16,455.3 1 0
axonflow/platform/orchestrator/agent_registry.go:456.2,456.39 1 0
axonflow/platform/orchestrator/agent_registry.go:460.83,462.19 2 0
axonflow/platform/orchestrator/agent_registry.go:462.19,469.3 1 0
axonflow/platform/orchestrator/agent_registry.go:470.2,470.34 1 0
axonflow/platform/orchestrator/agent_registry.go:474.66,476.19 2 0
axonflow/platform/orchestrator/agent_registry.go:476.19,478.3 1 0
axonflow/platform/orchestrator/agent_registry.go:479.2,479.36 1 0
axonflow/platform/orchestrator/agent_registry.go:483.76,485.19 2 0
axonflow/platform/orchestrator/agent_registry.go:485.19,488.3 2 0
axonflow/platform/orchestrator/agent_registry.go:489.2,489.31 1 0
axonflow/platform/orchestrator/agent_registry.go:493.40,497.2 3 0
axonflow/platform/orchestrator/agent_registry.go:500.33,508.2 6 0
axonflow/platform/orchestrator/agent_registry.go:511.71,512.19 1 0
axonflow/platform/orchestrator/agent_registry.go:512.19,514.3 1 0
axonflow/platform/orchestrator/agent_registry.go:516.2,516.52 1 0
axonflow/platform/orchestrator/agent_registry.go:516.52,518.3 1 0
axonflow/platform/orchestrator/agent_registry.go:520.2,527.36 5 0
axonflow/platform/orchestrator/agent_registry.go:527.36,531.49 4 0
axonflow/platform/orchestrator/agent_registry.go:531.49,533.4 1 0
axonflow/platform/orchestrator/agent_registry.go:537.2,538.16 2 0
axonflow/platform/orchestrator/agent_registry.go:538.16,540.3 1 0
axonflow/platform/orchestrator/agent_registry.go:542.2,542.23 1 0
axonflow/platform/orchestrator/agent_registry.go:542.23,544.3 1 0
axonflow/platform/orchestrator/agent_registry.go:546.2,549.44 2 0
axonflow/platform/orchestrator/agent_registry.go:549.44,551.3 1 0
axonflow/platform/orchestrator/agent_registry.go:553.2,556.12 3 0
axonflow/platform/orchestrator/agent_registry.go:560.63,565.13 4 0
axonflow/platform/orchestrator/agent_registry.go:565.13,567.3 1 0
axonflow/platform/orchestrator/agent_registry.go:570.2,570.36 1 0
axonflow/platform/orchestrator/agent_registry.go:570.36,575.78 4 0
axonflow/platform/orchestrator/agent_registry.go:575.78,577.4 1 0
axonflow/platform/orchestrator/agent_registry.go:581.2,582.33 2 0
axonflow/platform/orchestrator/agent_registry.go:582.33,583.28 1 0
axonflow/platform/orchestrator/agent_registry.go:583.28,585.4 1 0
axonflow/platform/orchestrator/agent_registry.go:587.2,592.12 3 0
axonflow/platform/orchestrator/agent_registry_db.go:52.85,58.2 5 0
axonflow/platform/orchestrator/agent_registry_db.go:61.52,65.2 3 0
axonflow/platform/orchestrator/agent_registry_db.go:68.48,71.18 3 0
axonflow/platform/orchestrator/agent_registry_db.go:71.18,73.3 1 0
axonflow/platform/orchestrator/agent_registry_db.go:74.2,74.15 1 0
axonflow/platform/orchestrator/agent_registry_db.go:80.69,82.9 1 0
axonflow/platform/orchestrator/agent_registry_db.go:83.20,84.19 1 0
axonflow/platform/orchestrator/agent_registry_db.go:85.10,85.10 0 0
axonflow/platform/orchestrator/agent_registry_db.go:88.2,93.21 5 0
axonflow/platform/orchestrator/agent_registry_db.go:93.21,95.3 1 0
axonflow/platform/orchestrator/agent_registry_db.go:97.2,97.17 1 0
axonflow/platform/orchestrator/agent_registry_db.go:97.17,99.3 1 0
axonflow/platform/orchestrator/agent_registry_db.go:102.2,103.16 2 0
axonflow/platform/orchestrator/agent_registry_db.go:103.16,105.3 1 0
axonflow/platform/orchestrator/agent_registry_db.go:108.2,114.48 3 0
axonflow/platform/orchestrator/agent_registry_db.go:114.48,116.3 1 0
axonflow/platform/orchestrator/agent_registry_db.go:118.2,118.25 1 0
axonflow/platform/orchestrator/agent_registry_db.go:118.25,123.3 3 0
axonflow/platform/orchestrator/agent_registry_db.go:126.2,130.35 3 0
axonflow/platform/orchestrator/agent_registry_db.go:130.35,131.53 1 0
axonflow/platform/orchestrator/agent_registry_db.go:131.53,133.12 2 0
axonflow/platform/orchestrator/agent_registry_db.go:136.3,139.89 2 0
axonflow/platform/orchestrator/agent_registry_db.go:139.89,141.4 1 0
axonflow/platform/orchestrator/agent_registry_db.go:144.3,149.16 4 0
axonflow/platform/orchestrator/agent_registry_db.go:153.2,153.50 1 0
axonflow/platform/orchestrator/agent_registry_db.go:153.50,155.3 1 0
axonflow/platform/orchestrator/agent_registry_db.go:157.2,161.12 4 0
axonflow/platform/orchestrator/agent_registry_db.go:166.49,167.41 1 0
axonflow/platform/orchestrator/agent_registry_db.go:167.41,168.50 1 0
axonflow/platform/orchestrator/agent_registry_db.go:168.50,171.4 2 0
axonflow/platform/orchestrator/agent_registry_db.go:173.2,173.44 1 0
axonflow/platform/orchestrator/agent_registry_db.go:178.87,179.36 1 0
axonflow/platform/orchestrator/agent_registry_db.go:179.36,185.78 4 0
axonflow/platform/orchestrator/agent_registry_db.go:185.78,187.4 1 0
axonflow/platform/orchestrator/agent_registry_db.go:193.86,194.36 1 0
axonflow/platform/orchestrator/agent_registry_db.go:194.36,201.49 4 0
axonflow/platform/orchestrator/agent_registry_db.go:201.49,203.4 1 0
axonflow/platform/orchestrator/agent_registry_db.go:208.81,210.21 1 0
axonflow/platform/orchestrator/agent_registry_db.go:210.21,211.72 1 0
axonflow/platform/orchestrator/agent_registry_db.go:211.72,214.4 1 0
axonflow/platform/orchestrator/agent_registry_db.go:218.2,222.21 4 0
axonflow/platform/orchestrator/agent_registry_db.go:222.21,223.49 1 0
axonflow/platform/orchestrator/agent_registry_db.go:223.49,226.4 1 0
axonflow/platform/orchestrator/agent_registry_db.go:229.2,229.12 1 0
axonflow/platform/orchestrator/agent_registry_db.go:234.55,237.40 2 0
axonflow/platform/orchestrator/agent_registry_db.go:237.40,239.17 2 0
axonflow/platform/orchestrator/agent_registry_db.go:239.17,241.4 1 0
axonflow/platform/orchestrator/agent_registry_db.go:243.3,243.24 1 0
axonflow/platform/orchestrator/agent_registry_db.go:243.24,245.4 1 0
axonflow/platform/orchestrator/agent_registry_db.go:247.3,247.40 1 0
axonflow/platform/orchestrator/agent_registry_db.go:251.2,251.43 1 0
axonflow/platform/orchestrator/agent_registry_db.go:251.43,253.3 1 0
axonflow/platform/orchestrator/agent_registry_db.go:255.2,256.12 2 0
axonflow/platform/orchestrator/agent_registry_db.go:261.71,266.14 4 0
axonflow/platform/orchestrator/agent_registry_db.go:267.28,268.33 1 0
axonflow/platform/orchestrator/agent_registry_db.go:269.26,273.38 4 0
axonflow/platform/orchestrator/agent_registry_db.go:274.10,276.13 1 0
axonflow/platform/orchestrator/agent_registry_db.go:281.57,285.2 3 0
axonflow/platform/orchestrator/agent_registry_db.go:288.63,291.32 3 0
axonflow/platform/orchestrator/agent_registry_db.go:291.32,293.3 1 0
axonflow/platform/orchestrator/agent_registry_db.go:294.2,294.44 1 0
axonflow/platform/orchestrator/agent_registry_db.go:294.44,296.3 1 0
axonflow/platform/orchestrator/agent_registry_db.go:297.2,297.11 1 0
axonflow/platform/orchestrator/agent_registry_db.go:315.51,337.2 5 0
axonflow/platform/orchestrator/agents_api_handler.go:31.69,33.2 1 0
axonflow/platform/orchestrator/agents_api_handler.go:41.63,46.2 4 0
axonflow/platform/orchestrator/agents_api_handler.go:49.81,50.18 1 0
axonflow/platform/orchestrator/agents_api_handler.go:51.22,52.21 1 0
axonflow/platform/orchestrator/agents_api_handler.go:53.26,54.21 1 0
axonflow/platform/orchestrator/agents_api_handler.go:55.10,56.91 1 0
axonflow/platform/orchestrator/agents_api_handler.go:61.84,66.62 2 0
axonflow/platform/orchestrator/agents_api_handler.go:66.62,69.3 1 0
axonflow/platform/orchestrator/agents_api_handler.go:71.2,71.18 1 0
axonflow/platform/orchestrator/agents_api_handler.go:72.22,73.19 1 0
axonflow/platform/orchestrator/agents_api_handler.go:74.26,75.21 1 0
axonflow/platform/orchestrator/agents_api_handler.go:76.10,77.91 1 0
axonflow/platform/orchestrator/agents_api_handler.go:82.89,83.18 1 0
axonflow/platform/orchestrator/agents_api_handler.go:84.22,85.29 1 0
axonflow/platform/orchestrator/agents_api_handler.go:86.26,87.21 1 0
axonflow/platform/orchestrator/agents_api_handler.go:88.10,89.91 1 0
axonflow/platform/orchestrator/agents_api_handler.go:94.83,95.18 1 0
axonflow/platform/orchestrator/agents_api_handler.go:96.23,97.25 1 0
axonflow/platform/orchestrator/agents_api_handler.go:98.26,99.21 1 0
axonflow/platform/orchestrator/agents_api_handler.go:100.10,101.91 1 0
axonflow/platform/orchestrator/agents_api_handler.go:106.79,118.19 6 0
axonflow/platform/orchestrator/agents_api_handler.go:118.19,120.3 1 0
axonflow/platform/orchestrator/agents_api_handler.go:121.2,121.17 1 0
axonflow/platform/orchestrator/agents_api_handler.go:121.17,123.3 1 0
axonflow/platform/orchestrator/agents_api_handler.go:125.2,129.25 3 0
axonflow/platform/orchestrator/agents_api_handler.go:129.25,131.32 2 0
axonflow/platform/orchestrator/agents_api_handler.go:131.32,133.4 1 0
axonflow/platform/orchestrator/agents_api_handler.go:136.2,146.41 2 0
axonflow/platform/orchestrator/agents_api_handler.go:150.77,154.39 3 0
axonflow/platform/orchestrator/agents_api_handler.go:154.39,157.3 2 0
axonflow/platform/orchestrator/agents_api_handler.go:159.2,163.16 3 0
axonflow/platform/orchestrator/agents_api_handler.go:163.16,166.19 2 0
axonflow/platform/orchestrator/agents_api_handler.go:166.19,169.4 2 0
axonflow/platform/orchestrator/agents_api_handler.go:173.2,177.18 3 0
axonflow/platform/orchestrator/agents_api_handler.go:177.18,179.3 1 0
axonflow/platform/orchestrator/agents_api_handler.go:181.2,190.63 2 0
axonflow/platform/orchestrator/agents_api_handler.go:194.87,197.16 2 0
axonflow/platform/orchestrator/agents_api_handler.go:197.16,200.3 2 0
axonflow/platform/orchestrator/agents_api_handler.go:202.2,206.16 3 0
axonflow/platform/orchestrator/agents_api_handler.go:206.16,209.3 2 0
axonflow/platform/orchestrator/agents_api_handler.go:212.2,213.43 2 0
axonflow/platform/orchestrator/agents_api_handler.go:213.43,222.3 1 0
axonflow/platform/orchestrator/agents_api_handler.go:224.2,234.41 2 0
axonflow/platform/orchestrator/agents_api_handler.go:238.83,243.61 3 0
axonflow/platform/orchestrator/agents_api_handler.go:243.61,246.3 2 0
axonflow/platform/orchestrator/agents_api_handler.go:248.2,249.41 2 0
axonflow/platform/orchestrator/agents_api_handler.go:253.108,260.57 2 0
axonflow/platform/orchestrator/agents_api_handler.go:260.57,266.3 2 0
axonflow/platform/orchestrator/agents_api_handler.go:269.2,269.61 1 0
axonflow/platform/orchestrator/agents_api_handler.go:269.61,275.3 2 0
axonflow/platform/orchestrator/agents_api_handler.go:278.2,279.25 2 0
axonflow/platform/orchestrator/agents_api_handler.go:279.25,282.3 2 0
axonflow/platform/orchestrator/agents_api_handler.go:284.2,284.20 1 0
axonflow/platform/orchestrator/agents_api_handler.go:284.20,286.3 1 0
axonflow/platform/orchestrator/agents_api_handler.go:286.8,288.3 1 0
axonflow/platform/orchestrator/agents_api_handler.go:290.2,290.17 1 0
axonflow/platform/orchestrator/agents_api_handler.go:294.93,298.90 2 0
axonflow/platform/orchestrator/agents_api_handler.go:298.90,303.3 1 0
axonflow/platform/orchestrator/agents_api_handler.go:305.2,305.41 1 0
axonflow/platform/orchestrator/agents_api_handler.go:305.41,310.3 1 0
axonflow/platform/orchestrator/agents_api_handler.go:312.2,312.39 1 0
axonflow/platform/orchestrator/agents_api_handler.go:312.39,317.3 1 0
axonflow/platform/orchestrator/agents_api_handler.go:320.2,320.27 1 0
axonflow/platform/orchestrator/agents_api_handler.go:320.27,325.3 1 0
axonflow/platform/orchestrator/agents_api_handler.go:327.2,328.36 2 0
axonflow/platform/orchestrator/agents_api_handler.go:328.36,331.23 2 0
axonflow/platform/orchestrator/agents_api_handler.go:331.23,336.4 1 0
axonflow/platform/orchestrator/agents_api_handler.go:336.9,337.30 1 0
axonflow/platform/orchestrator/agents_api_handler.go:337.30,342.5 1 0
axonflow/platform/orchestrator/agents_api_handler.go:343.4,345.43 2 0
axonflow/platform/orchestrator/agents_api_handler.go:345.43,350.5 1 0
axonflow/platform/orchestrator/agents_api_handler.go:353.3,353.23 1 0
axonflow/platform/orchestrator/agents_api_handler.go:353.23,358.4 1 0
axonflow/platform/orchestrator/agents_api_handler.go:358.9,358.42 1 0
axonflow/platform/orchestrator/agents_api_handler.go:358.42,363.4 1 0
axonflow/platform/orchestrator/agents_api_handler.go:366.3,366.31 1 0
axonflow/platform/orchestrator/agents_api_handler.go:366.31,367.54 1 0
axonflow/platform/orchestrator/agents_api_handler.go:367.54,372.5 1 0
axonflow/platform/orchestrator/agents_api_handler.go:373.4,373.24 1 0
axonflow/platform/orchestrator/agents_api_handler.go:373.24,374.33 1 0
axonflow/platform/orchestrator/agents_api_handler.go:374.33,379.6 1 0
axonflow/platform/orchestrator/agents_api_handler.go:380.5,380.30 1 0
axonflow/platform/orchestrator/agents_api_handler.go:380.30,385.6 1 0
axonflow/platform/orchestrator/agents_api_handler.go:386.5,386.79 1 0
axonflow/platform/orchestrator/agents_api_handler.go:386.79,391.6 1 0
axonflow/platform/orchestrator/agents_api_handler.go:395.3,395.37 1 0
axonflow/platform/orchestrator/agents_api_handler.go:395.37,396.30 1 0
axonflow/platform/orchestrator/agents_api_handler.go:396.30,401.5 1 0
axonflow/platform/orchestrator/agents_api_handler.go:401.10,402.35 1 0
axonflow/platform/orchestrator/agents_api_handler.go:402.35,407.6 1 0
axonflow/platform/orchestrator/agents_api_handler.go:408.5,408.40 1 0
axonflow/platform/orchestrator/agents_api_handler.go:408.40,413.6 1 0
axonflow/platform/orchestrator/agents_api_handler.go:419.2,419.36 1 0
axonflow/platform/orchestrator/agents_api_handler.go:419.36,422.25 2 0
axonflow/platform/orchestrator/agents_api_handler.go:422.25,427.4 1 0
axonflow/platform/orchestrator/agents_api_handler.go:427.9,428.44 1 0
axonflow/platform/orchestrator/agents_api_handler.go:428.44,433.5 1 0
axonflow/platform/orchestrator/agents_api_handler.go:435.4,435.58 1 0
axonflow/platform/orchestrator/agents_api_handler.go:435.58,440.5 1 0
axonflow/platform/orchestrator/agents_api_handler.go:443.3,443.23 1 0
axonflow/platform/orchestrator/agents_api_handler.go:443.23,448.4 1 0
axonflow/platform/orchestrator/agents_api_handler.go:448.9,448.37 1 0
axonflow/platform/orchestrator/agents_api_handler.go:448.37,453.4 1 0
axonflow/platform/orchestrator/agents_api_handler.go:456.2,456.15 1 0
axonflow/platform/orchestrator/agents_api_handler.go:460.97,463.18 2 0
axonflow/platform/orchestrator/agents_api_handler.go:463.18,466.17 2 0
axonflow/platform/orchestrator/agents_api_handler.go:466.17,468.4 1 0
axonflow/platform/orchestrator/agents_api_handler.go:469.3,469.44 1 0
axonflow/platform/orchestrator/agents_api_handler.go:469.44,478.4 1 0
axonflow/platform/orchestrator/agents_api_handler.go:479.8,482.29 2 0
axonflow/platform/orchestrator/agents_api_handler.go:482.29,484.18 2 0
axonflow/platform/orchestrator/agents_api_handler.go:484.18,485.13 1 0
axonflow/platform/orchestrator/agents_api_handler.go:487.4,487.45 1 0
axonflow/platform/orchestrator/agents_api_handler.go:487.45,496.5 1 0
axonflow/platform/orchestrator/agents_api_handler.go:501.2,501.21 1 0
axonflow/platform/orchestrator/agents_api_handler.go:501.21,503.28 2 0
axonflow/platform/orchestrator/agents_api_handler.go:503.28,504.31 1 0
axonflow/platform/orchestrator/agents_api_handler.go:504.31,506.5 1 0
axonflow/platform/orchestrator/agents_api_handler.go:508.3,508.18 1 0
axonflow/platform/orchestrator/agents_api_handler.go:511.2,511.15 1 0
axonflow/platform/orchestrator/agents_api_handler.go:515.68,517.33 2 0
axonflow/platform/orchestrator/agents_api_handler.go:517.33,519.17 2 0
axonflow/platform/orchestrator/agents_api_handler.go:519.17,520.12 1 0
axonflow/platform/orchestrator/agents_api_handler.go:522.3,522.37 1 0
axonflow/platform/orchestrator/agents_api_handler.go:522.37,524.29 2 0
axonflow/platform/orchestrator/agents_api_handler.go:524.29,526.5 1 0
axonflow/platform/orchestrator/agents_api_handler.go:529.2,529.12 1 0
axonflow/platform/orchestrator/agents_api_handler.go:533.72,535.33 2 0
axonflow/platform/orchestrator/agents_api_handler.go:535.33,537.17 2 0
axonflow/platform/orchestrator/agents_api_handler.go:537.17,538.12 1 0
axonflow/platform/orchestrator/agents_api_handler.go:540.3,540.44 1 0
axonflow/platform/orchestrator/agents_api_handler.go:540.44,541.31 1 0
axonflow/platform/orchestrator/agents_api_handler.go:541.31,543.5 1 0
axonflow/platform/orchestrator/agents_api_handler.go:546.2,546.11 1 0
axonflow/platform/orchestrator/agents_api_handler.go:550.78,557.57 2 0
axonflow/platform/orchestrator/agents_api_handler.go:557.57,558.65 1 0
axonflow/platform/orchestrator/agents_api_handler.go:558.65,560.4 1 0
axonflow/platform/orchestrator/agents_api_handler.go:563.2,563.70 1 0
axonflow/platform/orchestrator/agents_api_handler.go:563.70,564.109 1 0
axonflow/platform/orchestrator/agents_api_handler.go:564.109,566.4 1 0
axonflow/platform/orchestrator/agents_api_handler.go:569.2,569.66 1 0
axonflow/platform/orchestrator/agents_api_handler.go:569.66,572.3 2 0
axonflow/platform/orchestrator/agents_api_handler.go:574.2,574.15 1 0
axonflow/platform/orchestrator/agents_api_handler.go:578.79,580.44 2 0
axonflow/platform/orchestrator/agents_api_handler.go:580.44,582.3 1 0
axonflow/platform/orchestrator/agents_api_handler.go:583.2,586.30 4 0
axonflow/platform/orchestrator/agents_api_handler.go:590.91,593.56 3 0
axonflow/platform/orchestrator/agents_api_handler.go:593.56,595.3 1 0
axonflow/platform/orchestrator/agents_api_handler.go:599.96,606.2 1 0
axonflow/platform/orchestrator/agents_api_handler.go:609.44,610.13 1 0
axonflow/platform/orchestrator/agents_api_handler.go:610.13,612.3 1 0
axonflow/platform/orchestrator/agents_api_handler.go:613.2,613.22 1 0
axonflow/platform/orchestrator/agents_api_handler.go:613.22,614.27 1 0
axonflow/platform/orchestrator/agents_api_handler.go:614.27,615.12 1 0
axonflow/platform/orchestrator/agents_api_handler.go:617.3,617.27 1 0
axonflow/platform/orchestrator/agents_api_handler.go:617.27,618.12 1 0
axonflow/platform/orchestrator/agents_api_handler.go:620.3,620.27 1 0
axonflow/platform/orchestrator/agents_api_handler.go:620.27,621.14 1 0
axonflow/platform/orchestrator/agents_api_handler.go:621.14,623.5 1 0
axonflow/platform/orchestrator/agents_api_handler.go:624.4,624.12 1 0
axonflow/platform/orchestrator/agents_api_handler.go:626.3,626.15 1 0
axonflow/platform/orchestrator/agents_api_handler.go:628.2,628.13 1 0
axonflow/platform/orchestrator/agents_api_types.go:117.81,118.19 1 0
axonflow/platform/orchestrator/agents_api_types.go:118.19,120.3 1 0
axonflow/platform/orchestrator/agents_api_types.go:122.2,130.3 1 0
axonflow/platform/orchestrator/amadeus_client.go:77.40,82.15 4 0
axonflow/platform/orchestrator/amadeus_client.go:82.15,84.3 1 0
axonflow/platform/orchestrator/amadeus_client.go:86.2,87.25 2 0
axonflow/platform/orchestrator/amadeus_client.go:87.25,89.3 1 0
axonflow/platform/orchestrator/amadeus_client.go:91.2,96.3 1 0
axonflow/platform/orchestrator/amadeus_client.go:100.45,102.2 1 0
axonflow/platform/orchestrator/amadeus_client.go:105.77,110.61 3 0
axonflow/platform/orchestrator/amadeus_client.go:110.61,112.3 1 0
axonflow/platform/orchestrator/amadeus_client.go:115.2,128.16 10 0
axonflow/platform/orchestrator/amadeus_client.go:128.16,130.3 1 0
axonflow/platform/orchestrator/amadeus_client.go:132.2,135.16 3 0
axonflow/platform/orchestrator/amadeus_client.go:135.16,137.3 1 0
axonflow/platform/orchestrator/amadeus_client.go:138.2,138.15 1 0
axonflow/platform/orchestrator/amadeus_client.go:138.15,139.43 1 0
axonflow/platform/orchestrator/amadeus_client.go:139.43,141.4 1 0
axonflow/platform/orchestrator/amadeus_client.go:144.2,144.38 1 0
axonflow/platform/orchestrator/amadeus_client.go:144.38,147.3 2 0
axonflow/platform/orchestrator/amadeus_client.go:149.2,150.70 2 0
axonflow/platform/orchestrator/amadeus_client.go:150.70,152.3 1 0
axonflow/platform/orchestrator/amadeus_client.go:155.2,160.27 4 0
axonflow/platform/orchestrator/amadeus_client.go:164.118,165.23 1 0
axonflow/platform/orchestrator/amadeus_client.go:165.23,167.3 1 0
axonflow/platform/orchestrator/amadeus_client.go:170.2,171.16 2 0
axonflow/platform/orchestrator/amadeus_client.go:171.16,173.3 1 0
axonflow/platform/orchestrator/amadeus_client.go:176.2,184.20 2 0
axonflow/platform/orchestrator/amadeus_client.go:184.20,186.3 1 0
axonflow/platform/orchestrator/amadeus_client.go:188.2,188.31 1 0
axonflow/platform/orchestrator/amadeus_client.go:188.31,190.3 1 0
axonflow/platform/orchestrator/amadeus_client.go:193.2,194.16 2 0
axonflow/platform/orchestrator/amadeus_client.go:194.16,196.3 1 0
axonflow/platform/orchestrator/amadeus_client.go:198.2,202.16 3 0
axonflow/platform/orchestrator/amadeus_client.go:202.16,204.3 1 0
axonflow/platform/orchestrator/amadeus_client.go:205.2,205.15 1 0
axonflow/platform/orchestrator/amadeus_client.go:205.15,206.43 1 0
axonflow/platform/orchestrator/amadeus_client.go:206.43,208.4 1 0
axonflow/platform/orchestrator/amadeus_client.go:211.2,211.38 1 0
axonflow/platform/orchestrator/amadeus_client.go:211.38,214.3 2 0
axonflow/platform/orchestrator/amadeus_client.go:217.2,218.71 2 0
axonflow/platform/orchestrator/amadeus_client.go:218.71,220.3 1 0
axonflow/platform/orchestrator/amadeus_client.go:222.2,224.25 2 0
axonflow/platform/orchestrator/amadeus_client.go:229.51,265.32 3 0
axonflow/platform/orchestrator/amadeus_client.go:265.32,266.67 1 0
axonflow/platform/orchestrator/amadeus_client.go:266.67,267.28 1 0
axonflow/platform/orchestrator/amadeus_client.go:267.28,269.5 1 0
axonflow/platform/orchestrator/amadeus_client.go:269.10,271.5 1 0
axonflow/platform/orchestrator/amadeus_client.go:275.2,275.49 1 0
axonflow/platform/orchestrator/amadeus_client.go:275.49,277.3 1 0
axonflow/platform/orchestrator/amadeus_client.go:280.2,280.26 1 0
axonflow/platform/orchestrator/amadeus_client.go:280.26,282.49 2 0
axonflow/platform/orchestrator/amadeus_client.go:282.49,284.28 2 0
axonflow/platform/orchestrator/amadeus_client.go:284.28,286.5 1 0
axonflow/platform/orchestrator/amadeus_client.go:286.10,286.35 1 0
axonflow/platform/orchestrator/amadeus_client.go:286.35,288.5 1 0
axonflow/platform/orchestrator/amadeus_client.go:290.3,290.23 1 0
axonflow/platform/orchestrator/amadeus_client.go:290.23,292.4 1 0
axonflow/platform/orchestrator/amadeus_client.go:295.2,295.14 1 0
axonflow/platform/orchestrator/amadeus_connector.go:36.46,42.2 1 0
axonflow/platform/orchestrator/amadeus_connector.go:45.93,54.18 4 0
axonflow/platform/orchestrator/amadeus_connector.go:54.18,56.3 1 0
axonflow/platform/orchestrator/amadeus_connector.go:57.2,57.21 1 0
axonflow/platform/orchestrator/amadeus_connector.go:57.21,59.3 1 0
axonflow/platform/orchestrator/amadeus_connector.go:61.2,61.37 1 0
axonflow/platform/orchestrator/amadeus_connector.go:61.37,63.3 1 0
axonflow/platform/orchestrator/amadeus_connector.go:66.2,67.62 2 0
axonflow/platform/orchestrator/amadeus_connector.go:67.62,69.3 1 0
axonflow/platform/orchestrator/amadeus_connector.go:72.2,72.61 1 0
axonflow/platform/orchestrator/amadeus_connector.go:72.61,74.3 1 0
axonflow/platform/orchestrator/amadeus_connector.go:75.2,75.67 1 0
axonflow/platform/orchestrator/amadeus_connector.go:75.67,77.3 1 0
axonflow/platform/orchestrator/amadeus_connector.go:78.2,78.54 1 0
axonflow/platform/orchestrator/amadeus_connector.go:78.54,80.3 1 0
axonflow/platform/orchestrator/amadeus_connector.go:82.2,84.30 2 0
axonflow/platform/orchestrator/amadeus_connector.go:84.30,86.3 1 0
axonflow/platform/orchestrator/amadeus_connector.go:89.2,90.16 2 0
axonflow/platform/orchestrator/amadeus_connector.go:90.16,92.3 1 0
axonflow/platform/orchestrator/amadeus_connector.go:94.2,96.12 2 0
axonflow/platform/orchestrator/amadeus_connector.go:100.66,103.2 2 0
axonflow/platform/orchestrator/amadeus_connector.go:106.89,107.21 1 0
axonflow/platform/orchestrator/amadeus_connector.go:107.21,112.3 1 0
axonflow/platform/orchestrator/amadeus_connector.go:114.2,118.16 4 0
axonflow/platform/orchestrator/amadeus_connector.go:118.16,125.3 1 0
axonflow/platform/orchestrator/amadeus_connector.go:127.2,138.8 2 0
axonflow/platform/orchestrator/amadeus_connector.go:142.101,143.21 1 0
axonflow/platform/orchestrator/amadeus_connector.go:143.21,145.3 1 0
axonflow/platform/orchestrator/amadeus_connector.go:148.2,154.9 5 0
axonflow/platform/orchestrator/amadeus_connector.go:155.54,156.53 1 0
axonflow/platform/orchestrator/amadeus_connector.go:157.53,158.52 1 0
axonflow/platform/orchestrator/amadeus_connector.go:159.54,160.53 1 0
axonflow/platform/orchestrator/amadeus_connector.go:161.10,163.61 1 0
axonflow/platform/orchestrator/amadeus_connector.go:166.2,168.16 2 0
axonflow/platform/orchestrator/amadeus_connector.go:168.16,170.3 1 0
axonflow/platform/orchestrator/amadeus_connector.go:172.2,180.8 2 0
axonflow/platform/orchestrator/amadeus_connector.go:184.105,187.2 1 0
axonflow/platform/orchestrator/amadeus_connector.go:190.42,191.21 1 0
axonflow/platform/orchestrator/amadeus_connector.go:191.21,193.3 1 0
axonflow/platform/orchestrator/amadeus_connector.go:194.2,194.28 1 0
axonflow/platform/orchestrator/amadeus_connector.go:198.42,200.2 1 0
axonflow/platform/orchestrator/amadeus_connector.go:203.45,205.2 1 0
axonflow/platform/orchestrator/amadeus_connector.go:208.52,210.2 1 0
axonflow/platform/orchestrator/amadeus_connector.go:213.128,220.45 5 0
axonflow/platform/orchestrator/amadeus_connector.go:220.45,222.3 1 0
axonflow/platform/orchestrator/amadeus_connector.go:222.8,222.48 1 0
axonflow/platform/orchestrator/amadeus_connector.go:222.48,224.3 1 0
axonflow/platform/orchestrator/amadeus_connector.go:226.2,227.42 2 0
axonflow/platform/orchestrator/amadeus_connector.go:227.42,229.3 1 0
axonflow/platform/orchestrator/amadeus_connector.go:229.8,229.45 1 0
axonflow/platform/orchestrator/amadeus_connector.go:229.45,231.3 1 0
axonflow/platform/orchestrator/amadeus_connector.go:234.2,248.16 5 0
axonflow/platform/orchestrator/amadeus_connector.go:248.16,250.3 1 0
axonflow/platform/orchestrator/amadeus_connector.go:252.2,254.27 2 0
axonflow/platform/orchestrator/amadeus_connector.go:258.127,275.2 5 0
axonflow/platform/orchestrator/amadeus_connector.go:278.128,293.2 4 0
axonflow/platform/orchestrator/amadeus_connector.go:296.66,331.49 3 0
axonflow/platform/orchestrator/amadeus_connector.go:331.49,333.3 1 0
axonflow/platform/orchestrator/amadeus_connector.go:336.2,336.27 1 0
axonflow/platform/orchestrator/amadeus_connector.go:336.27,338.3 1 0
axonflow/platform/orchestrator/amadeus_connector.go:340.2,340.14 1 0
axonflow/platform/orchestrator/amadeus_connector.go:343.52,344.48 1 0
axonflow/platform/orchestrator/amadeus_connector.go:344.48,346.3 1 0
axonflow/platform/orchestrator/amadeus_connector.go:347.2,347.21 1 0
axonflow/platform/orchestrator/api_call_processor.go:28.74,32.2 1 0
axonflow/platform/orchestrator/api_call_processor.go:35.172,37.20 2 0
axonflow/platform/orchestrator/api_call_processor.go:37.20,39.3 1 0
axonflow/platform/orchestrator/api_call_processor.go:41.2,44.18 2 0
axonflow/platform/orchestrator/api_call_processor.go:45.17,46.59 1 0
axonflow/platform/orchestrator/api_call_processor.go:47.10,48.67 1 0
axonflow/platform/orchestrator/api_call_processor.go:53.179,55.63 1 0
axonflow/platform/orchestrator/api_call_processor.go:55.63,58.3 2 0
axonflow/platform/orchestrator/api_call_processor.go:61.2,62.20 2 0
axonflow/platform/orchestrator/api_call_processor.go:62.20,64.3 1 0
axonflow/platform/orchestrator/api_call_processor.go:67.2,67.18 1 0
axonflow/platform/orchestrator/api_call_processor.go:68.41,69.60 1 0
axonflow/platform/orchestrator/api_call_processor.go:70.10,71.71 1 0
axonflow/platform/orchestrator/api_call_processor.go:76.180,81.16 3 0
axonflow/platform/orchestrator/api_call_processor.go:81.16,83.3 1 0
axonflow/platform/orchestrator/api_call_processor.go:85.2,93.16 3 0
axonflow/platform/orchestrator/api_call_processor.go:93.16,95.3 1 0
axonflow/platform/orchestrator/api_call_processor.go:97.2,112.28 4 0
axonflow/platform/orchestrator/api_call_processor.go:112.28,115.37 3 0
axonflow/platform/orchestrator/api_call_processor.go:115.37,117.4 1 0
axonflow/platform/orchestrator/api_call_processor.go:119.3,119.34 1 0
axonflow/platform/orchestrator/api_call_processor.go:119.34,126.4 2 0
axonflow/platform/orchestrator/api_call_processor.go:127.3,127.35 1 0
axonflow/platform/orchestrator/api_call_processor.go:130.2,130.20 1 0
axonflow/platform/orchestrator/api_call_processor.go:134.143,143.8 3 0
axonflow/platform/orchestrator/api_call_processor.go:143.8,144.46 1 0
axonflow/platform/orchestrator/api_call_processor.go:144.46,146.4 1 0
axonflow/platform/orchestrator/api_call_processor.go:150.2,151.8 2 0
axonflow/platform/orchestrator/api_call_processor.go:151.8,152.43 1 0
axonflow/platform/orchestrator/api_call_processor.go:152.43,154.4 1 0
axonflow/platform/orchestrator/api_call_processor.go:155.8,158.3 1 0
axonflow/platform/orchestrator/api_call_processor.go:161.2,162.8 2 0
axonflow/platform/orchestrator/api_call_processor.go:162.8,163.48 1 0
axonflow/platform/orchestrator/api_call_processor.go:163.48,165.4 1 0
axonflow/platform/orchestrator/api_call_processor.go:166.8,169.3 1 0
axonflow/platform/orchestrator/api_call_processor.go:172.2,172.52 1 0
axonflow/platform/orchestrator/api_call_processor.go:172.52,173.32 1 0
axonflow/platform/orchestrator/api_call_processor.go:174.12,175.21 1 0
axonflow/platform/orchestrator/api_call_processor.go:176.16,177.26 1 0
axonflow/platform/orchestrator/api_call_processor.go:178.15,180.46 1 0
axonflow/platform/orchestrator/api_call_processor.go:185.2,185.37 1 0
axonflow/platform/orchestrator/api_call_processor.go:185.37,187.3 1 0
axonflow/platform/orchestrator/api_call_processor.go:188.2,188.42 1 0
axonflow/platform/orchestrator/api_call_processor.go:188.42,190.3 1 0
axonflow/platform/orchestrator/api_call_processor.go:191.2,191.32 1 0
axonflow/platform/orchestrator/api_call_processor.go:191.32,193.3 1 0
axonflow/platform/orchestrator/api_call_processor.go:195.2,195.20 1 0
axonflow/platform/orchestrator/api_call_processor.go:199.90,210.2 1 0
axonflow/platform/orchestrator/api_call_processor.go:215.132,219.32 2 0
axonflow/platform/orchestrator/api_call_processor.go:219.32,221.36 2 0
axonflow/platform/orchestrator/api_call_processor.go:221.36,223.4 1 0
axonflow/platform/orchestrator/api_call_processor.go:227.2,227.42 1 0
axonflow/platform/orchestrator/api_call_processor.go:227.42,229.36 2 0
axonflow/platform/orchestrator/api_call_processor.go:229.36,231.4 1 0
axonflow/platform/orchestrator/api_call_processor.go:235.2,235.43 1 0
axonflow/platform/orchestrator/api_call_processor.go:235.43,236.37 1 0
axonflow/platform/orchestrator/api_call_processor.go:236.37,237.44 1 0
axonflow/platform/orchestrator/api_call_processor.go:237.44,239.38 2 0
axonflow/platform/orchestrator/api_call_processor.go:239.38,241.6 1 0
axonflow/platform/orchestrator/api_call_processor.go:246.2,246.15 1 0
axonflow/platform/orchestrator/api_call_processor.go:250.45,253.2 1 0
axonflow/platform/orchestrator/audit_logger.go:73.54,75.16 2 0
axonflow/platform/orchestrator/audit_logger.go:75.16,82.3 2 0
axonflow/platform/orchestrator/audit_logger.go:85.2,85.46 1 0
axonflow/platform/orchestrator/audit_logger.go:85.46,87.3 1 0
axonflow/platform/orchestrator/audit_logger.go:89.2,100.15 4 0
axonflow/platform/orchestrator/audit_logger.go:105.102,136.99 2 0
axonflow/platform/orchestrator/audit_logger.go:136.99,138.34 2 0
axonflow/platform/orchestrator/audit_logger.go:138.34,140.4 1 0
axonflow/platform/orchestrator/audit_logger.go:143.2,144.14 2 0
axonflow/platform/orchestrator/audit_logger.go:149.40,175.2 2 0
axonflow/platform/orchestrator/audit_logger.go:178.97,197.2 2 0
axonflow/platform/orchestrator/audit_logger.go:200.84,201.17 1 0
axonflow/platform/orchestrator/audit_logger.go:201.17,203.3 1 0
axonflow/platform/orchestrator/audit_logger.go:206.2,226.9 4 0
axonflow/platform/orchestrator/audit_logger.go:226.9,227.32 1 0
axonflow/platform/orchestrator/audit_logger.go:227.32,231.4 3 0
axonflow/platform/orchestrator/audit_logger.go:232.3,232.31 1 0
axonflow/platform/orchestrator/audit_logger.go:232.31,236.4 3 0
axonflow/platform/orchestrator/audit_logger.go:237.3,237.36 1 0
axonflow/platform/orchestrator/audit_logger.go:237.36,241.4 3 0
axonflow/platform/orchestrator/audit_logger.go:242.3,242.34 1 0
axonflow/platform/orchestrator/audit_logger.go:242.34,246.4 3 0
axonflow/platform/orchestrator/audit_logger.go:247.3,247.34 1 0
axonflow/platform/orchestrator/audit_logger.go:247.34,250.4 2 0
axonflow/platform/orchestrator/audit_logger.go:252.3,254.26 2 0
axonflow/platform/orchestrator/audit_logger.go:254.26,256.4 1 0
axonflow/platform/orchestrator/audit_logger.go:259.2,260.16 2 0
axonflow/platform/orchestrator/audit_logger.go:260.16,262.3 1 0
axonflow/platform/orchestrator/audit_logger.go:263.2,263.15 1 0
axonflow/platform/orchestrator/audit_logger.go:263.15,263.35 1 0
axonflow/platform/orchestrator/audit_logger.go:265.2,266.18 2 0
axonflow/platform/orchestrator/audit_logger.go:266.18,292.17 4 0
axonflow/platform/orchestrator/audit_logger.go:292.17,294.12 2 0
axonflow/platform/orchestrator/audit_logger.go:298.3,302.35 4 0
axonflow/platform/orchestrator/audit_logger.go:305.2,305.21 1 0
axonflow/platform/orchestrator/audit_logger.go:309.40,310.17 1 0
axonflow/platform/orchestrator/audit_logger.go:310.17,312.3 1 0
axonflow/platform/orchestrator/audit_logger.go:314.2,318.19 4 0
axonflow/platform/orchestrator/audit_logger.go:322.55,323.9 1 0
axonflow/platform/orchestrator/audit_logger.go:324.29,324.29 0 0
axonflow/platform/orchestrator/audit_logger.go:326.10,329.27 2 0
axonflow/platform/orchestrator/audit_logger.go:329.27,331.4 1 0
axonflow/platform/orchestrator/audit_logger.go:336.43,342.6 4 0
axonflow/platform/orchestrator/audit_logger.go:342.6,343.10 1 0
axonflow/platform/orchestrator/audit_logger.go:344.32,345.28 1 0
axonflow/platform/orchestrator/audit_logger.go:345.28,347.5 1 0
axonflow/platform/orchestrator/audit_logger.go:348.19,349.28 1 0
axonflow/platform/orchestrator/audit_logger.go:349.28,351.5 1 0
axonflow/platform/orchestrator/audit_logger.go:352.25,354.28 1 0
axonflow/platform/orchestrator/audit_logger.go:354.28,356.5 1 0
axonflow/platform/orchestrator/audit_logger.go:357.4,357.10 1 0
axonflow/platform/orchestrator/audit_logger.go:363.101,368.59 2 0
axonflow/platform/orchestrator/audit_logger.go:368.59,370.3 1 0
axonflow/platform/orchestrator/audit_logger.go:373.2,373.76 1 0
axonflow/platform/orchestrator/audit_logger.go:373.76,375.3 1 0
axonflow/platform/orchestrator/audit_logger.go:378.2,379.63 1 0
axonflow/platform/orchestrator/audit_logger.go:379.63,381.3 1 0
axonflow/platform/orchestrator/audit_logger.go:384.2,385.38 2 0
axonflow/platform/orchestrator/audit_logger.go:385.38,386.60 1 0
axonflow/platform/orchestrator/audit_logger.go:386.60,388.9 2 0
axonflow/platform/orchestrator/audit_logger.go:392.2,392.14 1 0
axonflow/platform/orchestrator/audit_logger.go:396.134,405.2 2 0
axonflow/platform/orchestrator/audit_logger.go:409.31,411.2 1 0
axonflow/platform/orchestrator/audit_logger.go:413.37,417.2 1 0
axonflow/platform/orchestrator/audit_logger.go:419.52,421.24 2 0
axonflow/platform/orchestrator/audit_logger.go:421.24,423.3 1 0
axonflow/platform/orchestrator/audit_logger.go:424.2,424.16 1 0
axonflow/platform/orchestrator/audit_logger.go:427.52,429.55 1 0
axonflow/platform/orchestrator/audit_logger.go:429.55,431.3 1 0
axonflow/platform/orchestrator/audit_logger.go:432.2,432.54 1 0
axonflow/platform/orchestrator/audit_logger.go:432.54,434.3 1 0
axonflow/platform/orchestrator/audit_logger.go:435.2,435.14 1 0
axonflow/platform/orchestrator/audit_logger.go:438.49,445.44 3 0
axonflow/platform/orchestrator/audit_logger.go:445.44,446.44 1 0
axonflow/platform/orchestrator/audit_logger.go:446.44,448.4 1 0
axonflow/platform/orchestrator/audit_logger.go:450.2,450.14 1 0
axonflow/platform/orchestrator/audit_logger.go:455.61,466.2 3 0
axonflow/platform/orchestrator/audit_logger.go:468.46,474.35 4 0
axonflow/platform/orchestrator/audit_logger.go:474.35,476.3 1 0
axonflow/platform/orchestrator/audit_logger.go:479.31,483.2 3 0
axonflow/platform/orchestrator/audit_logger.go:485.31,486.25 1 0
axonflow/platform/orchestrator/audit_logger.go:486.25,488.3 1 0
axonflow/platform/orchestrator/audit_logger.go:490.2,490.43 1 0
axonflow/platform/orchestrator/audit_logger.go:490.43,492.3 1 0
axonflow/platform/orchestrator/audit_logger.go:494.2,494.27 1 0
axonflow/platform/orchestrator/audit_logger.go:497.58,498.17 1 0
axonflow/platform/orchestrator/audit_logger.go:498.17,500.3 1 0
axonflow/platform/orchestrator/audit_logger.go:502.2,503.16 2 0
axonflow/platform/orchestrator/audit_logger.go:503.16,505.3 1 0
axonflow/platform/orchestrator/audit_logger.go:506.2,506.15 1 0
axonflow/platform/orchestrator/audit_logger.go:506.15,506.36 1 0
axonflow/platform/orchestrator/audit_logger.go:508.2,517.16 2 0
axonflow/platform/orchestrator/audit_logger.go:517.16,519.3 1 0
axonflow/platform/orchestrator/audit_logger.go:520.2,520.15 1 0
axonflow/platform/orchestrator/audit_logger.go:520.15,520.35 1 0
axonflow/platform/orchestrator/audit_logger.go:522.2,522.32 1 0
axonflow/platform/orchestrator/audit_logger.go:522.32,553.17 6 0
axonflow/platform/orchestrator/audit_logger.go:553.17,555.4 1 0
axonflow/platform/orchestrator/audit_logger.go:558.2,558.20 1 0
axonflow/platform/orchestrator/audit_logger.go:561.39,562.28 1 0
axonflow/platform/orchestrator/audit_logger.go:562.28,564.3 1 0
axonflow/platform/orchestrator/audit_logger.go:568.42,606.2 3 0
axonflow/platform/orchestrator/connector_marketplace_handlers.go:66.117,68.76 1 0
axonflow/platform/orchestrator/connector_marketplace_handlers.go:68.76,70.3 1 0
axonflow/platform/orchestrator/connector_marketplace_handlers.go:73.2,78.24 4 0
axonflow/platform/orchestrator/connector_marketplace_handlers.go:78.24,81.3 2 0
axonflow/platform/orchestrator/connector_marketplace_handlers.go:83.2,83.23 1 0
axonflow/platform/orchestrator/connector_marketplace_handlers.go:84.18,88.20 3 0
axonflow/platform/orchestrator/connector_marketplace_handlers.go:88.20,90.4 1 0
axonflow/platform/orchestrator/connector_marketplace_handlers.go:91.3,91.77 1 0
axonflow/platform/orchestrator/connector_marketplace_handlers.go:93.15,95.65 2 0
axonflow/platform/orchestrator/connector_marketplace_handlers.go:97.17,100.79 3 0
axonflow/platform/orchestrator/connector_marketplace_handlers.go:102.15,105.49 3 0
axonflow/platform/orchestrator/connector_marketplace_handlers.go:107.19,110.69 3 0
axonflow/platform/orchestrator/connector_marketplace_handlers.go:112.10,114.54 1 0
axonflow/platform/orchestrator/connector_marketplace_handlers.go:114.54,116.4 1 0
axonflow/platform/orchestrator/connector_marketplace_handlers.go:117.3,117.12 1 0
axonflow/platform/orchestrator/connector_marketplace_handlers.go:122.99,128.38 2 0
axonflow/platform/orchestrator/connector_marketplace_handlers.go:128.38,130.3 1 0
axonflow/platform/orchestrator/connector_marketplace_handlers.go:130.8,130.27 1 0
axonflow/platform/orchestrator/connector_marketplace_handlers.go:130.27,132.3 1 0
axonflow/platform/orchestrator/connector_marketplace_handlers.go:133.2,136.19 4 0
axonflow/platform/orchestrator/connector_marketplace_handlers.go:141.87,144.38 1 0
axonflow/platform/orchestrator/connector_marketplace_handlers.go:144.38,149.3 1 0
axonflow/platform/orchestrator/connector_marketplace_handlers.go:150.2,150.20 1 0
axonflow/platform/orchestrator/connector_marketplace_handlers.go:150.20,152.3 1 0
axonflow/platform/orchestrator/connector_marketplace_handlers.go:153.2,153.59 1 0
axonflow/platform/orchestrator/connector_marketplace_handlers.go:157.101,163.38 2 0
axonflow/platform/orchestrator/connector_marketplace_handlers.go:163.38,165.3 1 0
axonflow/platform/orchestrator/connector_marketplace_handlers.go:165.8,165.27 1 0
axonflow/platform/orchestrator/connector_marketplace_handlers.go:165.27,167.3 1 0
axonflow/platform/orchestrator/connector_marketplace_handlers.go:168.2,168.22 1 0
axonflow/platform/orchestrator/connector_marketplace_handlers.go:168.22,172.3 3 0
axonflow/platform/orchestrator/connector_marketplace_handlers.go:173.2,173.19 1 0
axonflow/platform/orchestrator/connector_marketplace_handlers.go:177.71,183.20 2 0
axonflow/platform/orchestrator/connector_marketplace_handlers.go:183.20,186.3 1 0
axonflow/platform/orchestrator/connector_marketplace_handlers.go:187.2,187.19 1 0
axonflow/platform/orchestrator/connector_marketplace_handlers.go:192.91,198.38 2 0
axonflow/platform/orchestrator/connector_marketplace_handlers.go:198.38,200.3 1 0
axonflow/platform/orchestrator/connector_marketplace_handlers.go:200.8,200.27 1 0
axonflow/platform/orchestrator/connector_marketplace_handlers.go:200.27,202.3 1 0
axonflow/platform/orchestrator/connector_marketplace_handlers.go:203.2,203.19 1 0
axonflow/platform/orchestrator/connector_marketplace_handlers.go:207.85,208.20 1 0
axonflow/platform/orchestrator/connector_marketplace_handlers.go:208.20,210.3 1 0
axonflow/platform/orchestrator/connector_marketplace_handlers.go:211.2,211.42 1 0
axonflow/platform/orchestrator/connector_marketplace_handlers.go:211.42,213.3 1 0
axonflow/platform/orchestrator/connector_marketplace_handlers.go:214.2,214.19 1 0
axonflow/platform/orchestrator/connector_marketplace_handlers.go:218.83,219.20 1 0
axonflow/platform/orchestrator/connector_marketplace_handlers.go:219.20,221.3 1 0
axonflow/platform/orchestrator/connector_marketplace_handlers.go:222.2,222.43 1 0
axonflow/platform/orchestrator/connector_marketplace_handlers.go:222.43,224.3 1 0
axonflow/platform/orchestrator/connector_marketplace_handlers.go:225.2,225.39 1 0
axonflow/platform/orchestrator/connector_marketplace_handlers.go:225.39,227.3 1 0
axonflow/platform/orchestrator/connector_marketplace_handlers.go:228.2,228.19 1 0
axonflow/platform/orchestrator/connector_marketplace_handlers.go:232.76,233.23 1 0
axonflow/platform/orchestrator/connector_marketplace_handlers.go:234.17,235.36 1 0
axonflow/platform/orchestrator/connector_marketplace_handlers.go:236.15,237.40 1 0
axonflow/platform/orchestrator/connector_marketplace_handlers.go:238.14,239.47 1 0
axonflow/platform/orchestrator/connector_marketplace_handlers.go:240.18,241.46 1 0
axonflow/platform/orchestrator/connector_marketplace_handlers.go:242.15,243.40 1 0
axonflow/platform/orchestrator/connector_marketplace_handlers.go:244.17,245.44 1 0
axonflow/platform/orchestrator/connector_marketplace_handlers.go:246.10,247.74 1 0
axonflow/platform/orchestrator/connector_marketplace_handlers.go:252.36,255.17 2 0
axonflow/platform/orchestrator/connector_marketplace_handlers.go:255.17,258.17 3 0
axonflow/platform/orchestrator/connector_marketplace_handlers.go:258.17,261.4 2 0
axonflow/platform/orchestrator/connector_marketplace_handlers.go:261.9,271.4 5 0
axonflow/platform/orchestrator/connector_marketplace_handlers.go:272.8,275.3 2 0
axonflow/platform/orchestrator/connector_marketplace_handlers.go:279.49,451.2 1 0
axonflow/platform/orchestrator/connector_marketplace_handlers.go:454.68,460.26 3 0
axonflow/platform/orchestrator/connector_marketplace_handlers.go:460.26,464.16 3 0
axonflow/platform/orchestrator/connector_marketplace_handlers.go:464.16,470.35 4 0
axonflow/platform/orchestrator/connector_marketplace_handlers.go:470.35,473.5 2 0
axonflow/platform/orchestrator/connector_marketplace_handlers.go:477.2,481.17 2 0
axonflow/platform/orchestrator/connector_marketplace_handlers.go:481.17,483.3 1 0
axonflow/platform/orchestrator/connector_marketplace_handlers.go:487.73,494.26 5 0
axonflow/platform/orchestrator/connector_marketplace_handlers.go:494.26,495.36 1 0
axonflow/platform/orchestrator/connector_marketplace_handlers.go:495.36,497.9 2 0
axonflow/platform/orchestrator/connector_marketplace_handlers.go:501.2,501.18 1 0
axonflow/platform/orchestrator/connector_marketplace_handlers.go:501.18,504.3 2 0
axonflow/platform/orchestrator/connector_marketplace_handlers.go:507.2,511.15 4 0
axonflow/platform/orchestrator/connector_marketplace_handlers.go:511.15,517.34 4 0
axonflow/platform/orchestrator/connector_marketplace_handlers.go:517.34,520.4 2 0
axonflow/platform/orchestrator/connector_marketplace_handlers.go:523.2,524.57 2 0
axonflow/platform/orchestrator/connector_marketplace_handlers.go:524.57,526.3 1 0
axonflow/platform/orchestrator/connector_marketplace_handlers.go:530.70,535.61 4 0
axonflow/platform/orchestrator/connector_marketplace_handlers.go:535.61,538.3 2 0
axonflow/platform/orchestrator/connector_marketplace_handlers.go:541.2,543.26 3 0
axonflow/platform/orchestrator/connector_marketplace_handlers.go:543.26,544.36 1 0
axonflow/platform/orchestrator/connector_marketplace_handlers.go:544.36,546.9 2 0
axonflow/platform/orchestrator/connector_marketplace_handlers.go:550.2,550.25 1 0
axonflow/platform/orchestrator/connector_marketplace_handlers.go:550.25,553.3 2 0
axonflow/platform/orchestrator/connector_marketplace_handlers.go:556.2,557.23 2 0
axonflow/platform/orchestrator/connector_marketplace_handlers.go:558.17,559.36 1 0
axonflow/platform/orchestrator/connector_marketplace_handlers.go:560.15,561.40 1 0
axonflow/platform/orchestrator/connector_marketplace_handlers.go:562.14,563.47 1 0
axonflow/platform/orchestrator/connector_marketplace_handlers.go:564.18,565.46 1 0
axonflow/platform/orchestrator/connector_marketplace_handlers.go:566.10,568.9 2 0
axonflow/platform/orchestrator/connector_marketplace_handlers.go:572.2,583.83 2 0
axonflow/platform/orchestrator/connector_marketplace_handlers.go:583.83,586.3 2 0
axonflow/platform/orchestrator/connector_marketplace_handlers.go:588.2,594.17 2 0
axonflow/platform/orchestrator/connector_marketplace_handlers.go:594.17,596.3 1 0
axonflow/platform/orchestrator/connector_marketplace_handlers.go:600.72,604.66 3 0
axonflow/platform/orchestrator/connector_marketplace_handlers.go:604.66,607.3 2 0
axonflow/platform/orchestrator/connector_marketplace_handlers.go:609.2,613.17 2 0
axonflow/platform/orchestrator/connector_marketplace_handlers.go:613.17,615.3 1 0
axonflow/platform/orchestrator/connector_marketplace_handlers.go:619.74,627.16 6 0
axonflow/platform/orchestrator/connector_marketplace_handlers.go:627.16,630.3 2 0
axonflow/platform/orchestrator/connector_marketplace_handlers.go:632.2,633.58 2 0
axonflow/platform/orchestrator/connector_marketplace_handlers.go:633.58,635.3 1 0
axonflow/platform/orchestrator/db_dynamic_policies.go:41.77,43.17 2 0
axonflow/platform/orchestrator/db_dynamic_policies.go:43.17,45.3 1 0
axonflow/platform/orchestrator/db_dynamic_policies.go:48.2,49.16 2 0
axonflow/platform/orchestrator/db_dynamic_policies.go:49.16,51.3 1 0
axonflow/platform/orchestrator/db_dynamic_policies.go:54.2,59.34 4 0
axonflow/platform/orchestrator/db_dynamic_policies.go:59.34,61.3 1 0
axonflow/platform/orchestrator/db_dynamic_policies.go:64.2,65.16 2 0
axonflow/platform/orchestrator/db_dynamic_policies.go:65.16,67.3 1 0
axonflow/platform/orchestrator/db_dynamic_policies.go:68.2,80.50 4 0
axonflow/platform/orchestrator/db_dynamic_policies.go:80.50,82.3 1 0
axonflow/platform/orchestrator/db_dynamic_policies.go:85.2,85.49 1 0
axonflow/platform/orchestrator/db_dynamic_policies.go:85.49,89.3 2 0
axonflow/platform/orchestrator/db_dynamic_policies.go:92.2,97.20 3 0
axonflow/platform/orchestrator/db_dynamic_policies.go:100.64,135.16 3 0
axonflow/platform/orchestrator/db_dynamic_policies.go:135.16,137.3 1 0
axonflow/platform/orchestrator/db_dynamic_policies.go:140.2,142.16 3 0
axonflow/platform/orchestrator/db_dynamic_policies.go:142.16,144.3 1 0
axonflow/platform/orchestrator/db_dynamic_policies.go:146.2,146.16 1 0
axonflow/platform/orchestrator/db_dynamic_policies.go:146.16,148.3 1 0
axonflow/platform/orchestrator/db_dynamic_policies.go:150.2,150.12 1 0
axonflow/platform/orchestrator/db_dynamic_policies.go:153.68,218.35 2 0
axonflow/platform/orchestrator/db_dynamic_policies.go:218.35,234.17 6 0
axonflow/platform/orchestrator/db_dynamic_policies.go:234.17,236.4 1 0
axonflow/platform/orchestrator/db_dynamic_policies.go:239.2,239.12 1 0
axonflow/platform/orchestrator/db_dynamic_policies.go:242.63,251.16 3 0
axonflow/platform/orchestrator/db_dynamic_policies.go:251.16,253.3 1 0
axonflow/platform/orchestrator/db_dynamic_policies.go:254.2,254.15 1 0
axonflow/platform/orchestrator/db_dynamic_policies.go:254.15,254.35 1 0
axonflow/platform/orchestrator/db_dynamic_policies.go:256.2,258.18 2 0
axonflow/platform/orchestrator/db_dynamic_policies.go:258.18,264.17 5 0
axonflow/platform/orchestrator/db_dynamic_policies.go:264.17,266.12 2 0
axonflow/platform/orchestrator/db_dynamic_policies.go:270.3,271.21 2 0
axonflow/platform/orchestrator/db_dynamic_policies.go:271.21,273.4 1 0
axonflow/platform/orchestrator/db_dynamic_policies.go:276.3,293.33 3 0
axonflow/platform/orchestrator/db_dynamic_policies.go:296.2,296.34 1 0
axonflow/platform/orchestrator/db_dynamic_policies.go:296.34,298.3 1 0
axonflow/platform/orchestrator/db_dynamic_policies.go:301.2,307.12 6 0
axonflow/platform/orchestrator/db_dynamic_policies.go:310.59,314.21 3 0
axonflow/platform/orchestrator/db_dynamic_policies.go:314.21,317.20 2 0
axonflow/platform/orchestrator/db_dynamic_policies.go:317.20,321.14 3 0
axonflow/platform/orchestrator/db_dynamic_policies.go:321.14,322.47 1 0
axonflow/platform/orchestrator/db_dynamic_policies.go:322.47,324.6 1 0
axonflow/platform/orchestrator/db_dynamic_policies.go:325.5,327.25 3 0
axonflow/platform/orchestrator/db_dynamic_policies.go:329.9,331.4 1 0
axonflow/platform/orchestrator/db_dynamic_policies.go:335.55,339.21 3 0
axonflow/platform/orchestrator/db_dynamic_policies.go:339.21,348.27 7 0
axonflow/platform/orchestrator/db_dynamic_policies.go:348.27,351.4 2 0
axonflow/platform/orchestrator/db_dynamic_policies.go:351.9,355.39 3 0
axonflow/platform/orchestrator/db_dynamic_policies.go:355.39,357.5 1 0
axonflow/platform/orchestrator/db_dynamic_policies.go:361.3,366.17 2 0
axonflow/platform/orchestrator/db_dynamic_policies.go:366.17,368.4 1 0
axonflow/platform/orchestrator/db_dynamic_policies.go:371.3,371.27 1 0
axonflow/platform/orchestrator/db_dynamic_policies.go:371.27,373.4 1 0
axonflow/platform/orchestrator/db_dynamic_policies.go:373.9,376.4 1 0
axonflow/platform/orchestrator/db_dynamic_policies.go:380.93,385.13 4 0
axonflow/platform/orchestrator/db_dynamic_policies.go:385.13,387.3 1 0
axonflow/platform/orchestrator/db_dynamic_policies.go:389.2,390.9 2 0
axonflow/platform/orchestrator/db_dynamic_policies.go:390.9,392.3 1 0
axonflow/platform/orchestrator/db_dynamic_policies.go:395.2,397.24 2 0
axonflow/platform/orchestrator/db_dynamic_policies.go:400.79,406.31 4 0
axonflow/platform/orchestrator/db_dynamic_policies.go:406.31,408.3 1 0
axonflow/platform/orchestrator/db_dynamic_policies.go:411.2,413.15 2 0
axonflow/platform/orchestrator/db_dynamic_policies.go:416.61,431.2 3 0
axonflow/platform/orchestrator/db_dynamic_policies.go:433.133,453.31 8 0
axonflow/platform/orchestrator/db_dynamic_policies.go:453.31,455.3 1 0
axonflow/platform/orchestrator/db_dynamic_policies.go:456.2,456.47 1 0
axonflow/platform/orchestrator/db_dynamic_policies.go:456.47,458.3 1 0
axonflow/platform/orchestrator/db_dynamic_policies.go:461.2,461.37 1 0
axonflow/platform/orchestrator/db_dynamic_policies.go:461.37,463.10 2 0
axonflow/platform/orchestrator/db_dynamic_policies.go:463.10,464.12 1 0
axonflow/platform/orchestrator/db_dynamic_policies.go:468.3,469.9 2 0
axonflow/platform/orchestrator/db_dynamic_policies.go:469.9,471.60 2 0
axonflow/platform/orchestrator/db_dynamic_policies.go:471.60,472.13 1 0
axonflow/platform/orchestrator/db_dynamic_policies.go:478.3,479.52 2 0
axonflow/platform/orchestrator/db_dynamic_policies.go:480.24,481.63 1 0
axonflow/platform/orchestrator/db_dynamic_policies.go:481.63,483.13 2 0
axonflow/platform/orchestrator/db_dynamic_policies.go:485.15,486.63 1 0
axonflow/platform/orchestrator/db_dynamic_policies.go:486.63,488.13 2 0
axonflow/platform/orchestrator/db_dynamic_policies.go:490.22,491.30 1 0
axonflow/platform/orchestrator/db_dynamic_policies.go:491.30,492.49 1 0
axonflow/platform/orchestrator/db_dynamic_policies.go:492.49,494.6 1 0
axonflow/platform/orchestrator/db_dynamic_policies.go:499.3,499.26 1 0
axonflow/platform/orchestrator/db_dynamic_policies.go:499.26,501.36 2 0
axonflow/platform/orchestrator/db_dynamic_policies.go:501.36,502.40 1 0
axonflow/platform/orchestrator/db_dynamic_policies.go:502.40,504.11 2 0
axonflow/platform/orchestrator/db_dynamic_policies.go:507.4,507.17 1 0
axonflow/platform/orchestrator/db_dynamic_policies.go:507.17,508.13 1 0
axonflow/platform/orchestrator/db_dynamic_policies.go:513.3,513.67 1 0
axonflow/platform/orchestrator/db_dynamic_policies.go:513.67,515.68 1 0
axonflow/platform/orchestrator/db_dynamic_policies.go:515.68,516.36 1 0
axonflow/platform/orchestrator/db_dynamic_policies.go:516.36,517.46 1 0
axonflow/platform/orchestrator/db_dynamic_policies.go:517.46,519.7 1 0
axonflow/platform/orchestrator/db_dynamic_policies.go:524.4,524.58 1 0
axonflow/platform/orchestrator/db_dynamic_policies.go:524.58,525.37 1 0
axonflow/platform/orchestrator/db_dynamic_policies.go:525.37,527.6 1 0
axonflow/platform/orchestrator/db_dynamic_policies.go:533.3,534.52 2 0
axonflow/platform/orchestrator/db_dynamic_policies.go:535.24,536.63 1 0
axonflow/platform/orchestrator/db_dynamic_policies.go:536.63,538.5 1 0
axonflow/platform/orchestrator/db_dynamic_policies.go:539.15,540.63 1 0
axonflow/platform/orchestrator/db_dynamic_policies.go:540.63,542.5 1 0
axonflow/platform/orchestrator/db_dynamic_policies.go:543.22,544.24 1 0
axonflow/platform/orchestrator/db_dynamic_policies.go:547.3,547.34 1 0
axonflow/platform/orchestrator/db_dynamic_policies.go:547.34,549.11 2 0
axonflow/platform/orchestrator/db_dynamic_policies.go:549.11,550.13 1 0
axonflow/platform/orchestrator/db_dynamic_policies.go:553.4,556.22 3 0
axonflow/platform/orchestrator/db_dynamic_policies.go:557.17,559.92 1 0
axonflow/platform/orchestrator/db_dynamic_policies.go:559.92,561.6 1 0
axonflow/platform/orchestrator/db_dynamic_policies.go:562.5,562.58 1 0
axonflow/platform/orchestrator/db_dynamic_policies.go:562.58,564.6 1 0
axonflow/platform/orchestrator/db_dynamic_policies.go:568.5,568.64 1 0
axonflow/platform/orchestrator/db_dynamic_policies.go:568.64,570.36 2 0
axonflow/platform/orchestrator/db_dynamic_policies.go:571.25,572.27 1 0
axonflow/platform/orchestrator/db_dynamic_policies.go:572.27,573.36 1 0
axonflow/platform/orchestrator/db_dynamic_policies.go:573.36,575.9 1 0
axonflow/platform/orchestrator/db_dynamic_policies.go:577.20,578.24 1 0
axonflow/platform/orchestrator/db_dynamic_policies.go:581.6,581.32 1 0
axonflow/platform/orchestrator/db_dynamic_policies.go:581.32,582.44 1 0
axonflow/platform/orchestrator/db_dynamic_policies.go:582.44,585.8 1 0
axonflow/platform/orchestrator/db_dynamic_policies.go:585.13,588.50 2 0
axonflow/platform/orchestrator/db_dynamic_policies.go:588.50,589.42 1 0
axonflow/platform/orchestrator/db_dynamic_policies.go:589.42,590.21 1 0
axonflow/platform/orchestrator/db_dynamic_policies.go:590.21,592.16 2 0
axonflow/platform/orchestrator/db_dynamic_policies.go:596.8,596.46 1 0
axonflow/platform/orchestrator/db_dynamic_policies.go:600.5,601.78 1 0
axonflow/platform/orchestrator/db_dynamic_policies.go:603.17,605.58 2 0
axonflow/platform/orchestrator/db_dynamic_policies.go:605.58,607.6 1 0
axonflow/platform/orchestrator/db_dynamic_policies.go:609.23,610.53 1 0
axonflow/platform/orchestrator/db_dynamic_policies.go:610.53,612.6 1 0
axonflow/platform/orchestrator/db_dynamic_policies.go:616.3,616.64 1 0
axonflow/platform/orchestrator/db_dynamic_policies.go:620.2,620.12 1 0
axonflow/platform/orchestrator/db_dynamic_policies.go:620.12,626.17 2 0
axonflow/platform/orchestrator/db_dynamic_policies.go:626.17,628.4 1 0
axonflow/platform/orchestrator/db_dynamic_policies.go:631.2,636.15 3 0
axonflow/platform/orchestrator/db_dynamic_policies.go:641.116,649.18 5 0
axonflow/platform/orchestrator/db_dynamic_policies.go:650.16,651.67 1 0
axonflow/platform/orchestrator/db_dynamic_policies.go:653.20,654.67 1 0
axonflow/platform/orchestrator/db_dynamic_policies.go:656.18,658.10 2 0
axonflow/platform/orchestrator/db_dynamic_policies.go:658.10,660.4 1 0
axonflow/platform/orchestrator/db_dynamic_policies.go:661.3,662.10 2 0
axonflow/platform/orchestrator/db_dynamic_policies.go:662.10,664.4 1 0
axonflow/platform/orchestrator/db_dynamic_policies.go:665.3,665.80 1 0
axonflow/platform/orchestrator/db_dynamic_policies.go:667.22,669.10 2 0
axonflow/platform/orchestrator/db_dynamic_policies.go:669.10,671.4 1 0
axonflow/platform/orchestrator/db_dynamic_policies.go:672.3,673.10 2 0
axonflow/platform/orchestrator/db_dynamic_policies.go:673.10,675.4 1 0
axonflow/platform/orchestrator/db_dynamic_policies.go:676.3,676.81 1 0
axonflow/platform/orchestrator/db_dynamic_policies.go:678.22,680.10 2 0
axonflow/platform/orchestrator/db_dynamic_policies.go:680.10,682.4 1 0
axonflow/platform/orchestrator/db_dynamic_policies.go:683.3,685.28 2 0
axonflow/platform/orchestrator/db_dynamic_policies.go:686.22,687.27 1 0
axonflow/platform/orchestrator/db_dynamic_policies.go:687.27,688.41 1 0
axonflow/platform/orchestrator/db_dynamic_policies.go:688.41,689.64 1 0
axonflow/platform/orchestrator/db_dynamic_policies.go:689.64,691.7 1 0
axonflow/platform/orchestrator/db_dynamic_policies.go:694.17,695.27 1 0
axonflow/platform/orchestrator/db_dynamic_policies.go:695.27,696.60 1 0
axonflow/platform/orchestrator/db_dynamic_policies.go:696.60,698.6 1 0
axonflow/platform/orchestrator/db_dynamic_policies.go:701.3,701.15 1 0
axonflow/platform/orchestrator/db_dynamic_policies.go:703.15,705.10 2 0
axonflow/platform/orchestrator/db_dynamic_policies.go:705.10,707.4 1 0
axonflow/platform/orchestrator/db_dynamic_policies.go:708.3,709.10 2 0
axonflow/platform/orchestrator/db_dynamic_policies.go:709.10,711.4 1 0
axonflow/platform/orchestrator/db_dynamic_policies.go:712.3,713.17 2 0
axonflow/platform/orchestrator/db_dynamic_policies.go:713.17,716.4 2 0
axonflow/platform/orchestrator/db_dynamic_policies.go:717.3,717.17 1 0
axonflow/platform/orchestrator/db_dynamic_policies.go:719.22,722.33 3 0
axonflow/platform/orchestrator/db_dynamic_policies.go:724.19,727.33 3 0
axonflow/platform/orchestrator/db_dynamic_policies.go:729.12,731.28 2 0
axonflow/platform/orchestrator/db_dynamic_policies.go:732.22,733.27 1 0
axonflow/platform/orchestrator/db_dynamic_policies.go:733.27,734.44 1 0
axonflow/platform/orchestrator/db_dynamic_policies.go:734.44,736.6 1 0
axonflow/platform/orchestrator/db_dynamic_policies.go:738.17,739.27 1 0
axonflow/platform/orchestrator/db_dynamic_policies.go:739.27,740.25 1 0
axonflow/platform/orchestrator/db_dynamic_policies.go:740.25,742.6 1 0
axonflow/platform/orchestrator/db_dynamic_policies.go:745.3,745.15 1 0
axonflow/platform/orchestrator/db_dynamic_policies.go:747.16,749.28 2 0
axonflow/platform/orchestrator/db_dynamic_policies.go:750.22,751.27 1 0
axonflow/platform/orchestrator/db_dynamic_policies.go:751.27,752.44 1 0
axonflow/platform/orchestrator/db_dynamic_policies.go:752.44,754.6 1 0
axonflow/platform/orchestrator/db_dynamic_policies.go:756.17,757.27 1 0
axonflow/platform/orchestrator/db_dynamic_policies.go:757.27,758.25 1 0
axonflow/platform/orchestrator/db_dynamic_policies.go:758.25,760.6 1 0
axonflow/platform/orchestrator/db_dynamic_policies.go:763.3,763.14 1 0
axonflow/platform/orchestrator/db_dynamic_policies.go:765.10,767.15 2 0
axonflow/platform/orchestrator/db_dynamic_policies.go:773.104,774.15 1 0
axonflow/platform/orchestrator/db_dynamic_policies.go:776.15,777.19 1 0
axonflow/platform/orchestrator/db_dynamic_policies.go:778.22,779.25 1 0
axonflow/platform/orchestrator/db_dynamic_policies.go:780.20,781.23 1 0
axonflow/platform/orchestrator/db_dynamic_policies.go:784.28,785.21 1 0
axonflow/platform/orchestrator/db_dynamic_policies.go:786.34,787.24 1 0
axonflow/platform/orchestrator/db_dynamic_policies.go:788.32,789.23 1 0
axonflow/platform/orchestrator/db_dynamic_policies.go:790.46,791.25 1 0
axonflow/platform/orchestrator/db_dynamic_policies.go:792.24,793.27 1 0
axonflow/platform/orchestrator/db_dynamic_policies.go:796.44,797.23 1 0
axonflow/platform/orchestrator/db_dynamic_policies.go:798.33,799.26 1 0
axonflow/platform/orchestrator/db_dynamic_policies.go:800.39,801.29 1 0
axonflow/platform/orchestrator/db_dynamic_policies.go:804.28,805.25 1 0
axonflow/platform/orchestrator/db_dynamic_policies.go:805.25,806.58 1 0
axonflow/platform/orchestrator/db_dynamic_policies.go:806.58,808.5 1 0
axonflow/platform/orchestrator/db_dynamic_policies.go:811.3,811.34 1 0
axonflow/platform/orchestrator/db_dynamic_policies.go:813.20,814.25 1 0
axonflow/platform/orchestrator/db_dynamic_policies.go:814.25,815.57 1 0
axonflow/platform/orchestrator/db_dynamic_policies.go:815.57,817.5 1 0
axonflow/platform/orchestrator/db_dynamic_policies.go:819.3,819.13 1 0
axonflow/platform/orchestrator/db_dynamic_policies.go:821.23,822.25 1 0
axonflow/platform/orchestrator/db_dynamic_policies.go:822.25,823.60 1 0
axonflow/platform/orchestrator/db_dynamic_policies.go:823.60,825.5 1 0
axonflow/platform/orchestrator/db_dynamic_policies.go:827.3,827.13 1 0
axonflow/platform/orchestrator/db_dynamic_policies.go:829.10,831.25 1 0
axonflow/platform/orchestrator/db_dynamic_policies.go:831.25,834.48 2 0
axonflow/platform/orchestrator/db_dynamic_policies.go:834.48,835.45 1 0
axonflow/platform/orchestrator/db_dynamic_policies.go:835.45,837.6 1 0
axonflow/platform/orchestrator/db_dynamic_policies.go:840.4,840.41 1 0
axonflow/platform/orchestrator/db_dynamic_policies.go:840.41,842.5 1 0
axonflow/platform/orchestrator/db_dynamic_policies.go:844.3,844.13 1 0
axonflow/platform/orchestrator/db_dynamic_policies.go:849.72,850.25 1 0
axonflow/platform/orchestrator/db_dynamic_policies.go:851.15,852.13 1 0
axonflow/platform/orchestrator/db_dynamic_policies.go:853.15,854.22 1 0
axonflow/platform/orchestrator/db_dynamic_policies.go:855.11,856.22 1 0
axonflow/platform/orchestrator/db_dynamic_policies.go:857.13,858.22 1 0
axonflow/platform/orchestrator/db_dynamic_policies.go:859.14,861.11 2 0
axonflow/platform/orchestrator/db_dynamic_policies.go:862.10,863.11 1 0
axonflow/platform/orchestrator/db_dynamic_policies.go:867.76,873.39 4 0
axonflow/platform/orchestrator/db_dynamic_policies.go:873.39,875.10 2 0
axonflow/platform/orchestrator/db_dynamic_policies.go:875.10,876.12 1 0
axonflow/platform/orchestrator/db_dynamic_policies.go:879.3,887.58 2 0
axonflow/platform/orchestrator/db_dynamic_policies.go:887.58,889.4 1 0
axonflow/platform/orchestrator/db_dynamic_policies.go:892.3,892.74 1 0
axonflow/platform/orchestrator/db_dynamic_policies.go:892.74,893.54 1 0
axonflow/platform/orchestrator/db_dynamic_policies.go:893.54,895.5 1 0
axonflow/platform/orchestrator/db_dynamic_policies.go:896.4,896.58 1 0
axonflow/platform/orchestrator/db_dynamic_policies.go:896.58,898.5 1 0
axonflow/platform/orchestrator/db_dynamic_policies.go:902.3,902.67 1 0
axonflow/platform/orchestrator/db_dynamic_policies.go:902.67,904.28 1 0
axonflow/platform/orchestrator/db_dynamic_policies.go:904.28,910.5 1 0
axonflow/platform/orchestrator/db_dynamic_policies.go:914.3,914.50 1 0
axonflow/platform/orchestrator/db_dynamic_policies.go:914.50,916.4 1 0
axonflow/platform/orchestrator/db_dynamic_policies.go:918.3,918.34 1 0
axonflow/platform/orchestrator/db_dynamic_policies.go:921.2,921.17 1 0
axonflow/platform/orchestrator/db_dynamic_policies.go:924.56,926.17 1 0
axonflow/platform/orchestrator/db_dynamic_policies.go:926.17,928.3 1 0
axonflow/platform/orchestrator/db_dynamic_policies.go:930.2,933.46 3 0
axonflow/platform/orchestrator/db_dynamic_policies.go:933.46,936.3 2 0
axonflow/platform/orchestrator/db_dynamic_policies.go:939.2,944.30 5 0
axonflow/platform/orchestrator/db_dynamic_policies.go:944.30,947.3 2 0
axonflow/platform/orchestrator/db_dynamic_policies.go:949.2,949.22 1 0
axonflow/platform/orchestrator/db_dynamic_policies.go:949.22,952.3 2 0
axonflow/platform/orchestrator/db_dynamic_policies.go:954.2,954.13 1 0
axonflow/platform/orchestrator/db_dynamic_policies.go:957.53,958.17 1 0
axonflow/platform/orchestrator/db_dynamic_policies.go:958.17,960.3 1 0
axonflow/platform/orchestrator/db_dynamic_policies.go:961.2,961.24 1 0
axonflow/platform/orchestrator/db_dynamic_policies.go:961.24,963.3 1 0
axonflow/platform/orchestrator/db_dynamic_policies.go:964.2,964.12 1 0
axonflow/platform/orchestrator/dynamic_policy_engine.go:144.52,152.53 2 0
axonflow/platform/orchestrator/dynamic_policy_engine.go:152.53,154.17 2 0
axonflow/platform/orchestrator/dynamic_policy_engine.go:154.17,156.36 1 0
axonflow/platform/orchestrator/dynamic_policy_engine.go:156.36,162.55 4 0
axonflow/platform/orchestrator/dynamic_policy_engine.go:162.55,164.6 1 0
axonflow/platform/orchestrator/dynamic_policy_engine.go:165.10,167.5 1 0
axonflow/platform/orchestrator/dynamic_policy_engine.go:168.9,170.4 1 0
axonflow/platform/orchestrator/dynamic_policy_engine.go:174.2,176.15 2 0
axonflow/platform/orchestrator/dynamic_policy_engine.go:189.125,194.51 3 0
[...]
axonflow/platform/orchestrator/template_api_service.go:129.2,134.63 2 0
axonflow/platform/orchestrator/template_api_service.go:134.63,137.3 1 0
axonflow/platform/orchestrator/template_api_service.go:139.2,144.8 1 0
axonflow/platform/orchestrator/template_api_service.go:148.107,151.82 2 0
axonflow/platform/orchestrator/template_api_service.go:151.82,156.3 1 0
axonflow/platform/orchestrator/template_api_service.go:158.2,158.32 1 0
axonflow/platform/orchestrator/template_api_service.go:158.32,163.3 1 0
axonflow/platform/orchestrator/template_api_service.go:166.2,166.39 1 0
axonflow/platform/orchestrator/template_api_service.go:166.39,167.17 1 0
axonflow/platform/orchestrator/template_api_service.go:167.17,168.51 1 0
axonflow/platform/orchestrator/template_api_service.go:168.51,173.5 1 0
axonflow/platform/orchestrator/template_api_service.go:178.2,178.39 1 0
axonflow/platform/orchestrator/template_api_service.go:178.39,179.53 1 0
axonflow/platform/orchestrator/template_api_service.go:179.53,180.26 1 0
axonflow/platform/orchestrator/template_api_service.go:180.26,182.43 1 0
axonflow/platform/orchestrator/template_api_service.go:182.43,184.49 2 0
axonflow/platform/orchestrator/template_api_service.go:184.49,189.7 1 0
axonflow/platform/orchestrator/template_api_service.go:195.2,195.21 1 0
axonflow/platform/orchestrator/template_api_service.go:195.21,197.3 1 0
axonflow/platform/orchestrator/template_api_service.go:199.2,199.12 1 0
axonflow/platform/orchestrator/template_api_service.go:203.171,206.28 2 0
axonflow/platform/orchestrator/template_api_service.go:206.28,207.23 1 0
axonflow/platform/orchestrator/template_api_service.go:207.23,209.4 1 0
axonflow/platform/orchestrator/template_api_service.go:213.2,214.29 2 0
axonflow/platform/orchestrator/template_api_service.go:214.29,216.3 1 0
axonflow/platform/orchestrator/template_api_service.go:217.2,217.27 1 0
axonflow/platform/orchestrator/template_api_service.go:217.27,219.3 1 0
axonflow/platform/orchestrator/template_api_service.go:222.2,223.16 2 0
axonflow/platform/orchestrator/template_api_service.go:223.16,225.3 1 0
axonflow/platform/orchestrator/template_api_service.go:227.2,227.45 1 0
axonflow/platform/orchestrator/template_api_service.go:231.116,232.27 1 0
axonflow/platform/orchestrator/template_api_service.go:233.14,234.47 1 0
axonflow/platform/orchestrator/template_api_service.go:235.30,237.27 2 0
axonflow/platform/orchestrator/template_api_service.go:237.27,239.18 2 0
axonflow/platform/orchestrator/template_api_service.go:239.18,241.5 1 0
axonflow/platform/orchestrator/template_api_service.go:242.4,242.29 1 0
axonflow/platform/orchestrator/template_api_service.go:244.3,244.21 1 0
axonflow/platform/orchestrator/template_api_service.go:245.21,247.25 2 0
axonflow/platform/orchestrator/template_api_service.go:247.25,249.18 2 0
axonflow/platform/orchestrator/template_api_service.go:249.18,251.5 1 0
axonflow/platform/orchestrator/template_api_service.go:252.4,252.27 1 0
axonflow/platform/orchestrator/template_api_service.go:254.3,254.21 1 0
axonflow/platform/orchestrator/template_api_service.go:255.10,256.20 1 0
axonflow/platform/orchestrator/template_api_service.go:261.102,267.74 3 0
axonflow/platform/orchestrator/template_api_service.go:267.74,270.50 2 0
axonflow/platform/orchestrator/template_api_service.go:270.50,272.4 1 0
axonflow/platform/orchestrator/template_api_service.go:273.3,273.13 1 0
axonflow/platform/orchestrator/template_api_service.go:277.2,277.67 1 0
axonflow/platform/orchestrator/template_api_service.go:277.67,279.50 2 0
axonflow/platform/orchestrator/template_api_service.go:279.50,281.4 1 0
axonflow/platform/orchestrator/template_api_service.go:282.3,282.15 1 0
axonflow/platform/orchestrator/template_api_service.go:285.2,285.15 1 0
axonflow/platform/orchestrator/template_api_service.go:289.136,296.44 5 0
axonflow/platform/orchestrator/template_api_service.go:296.44,298.3 1 0
axonflow/platform/orchestrator/template_api_service.go:298.8,300.3 1 0
axonflow/platform/orchestrator/template_api_service.go:303.2,303.42 1 0
axonflow/platform/orchestrator/template_api_service.go:304.15,305.20 1 0
axonflow/platform/orchestrator/template_api_service.go:306.11,307.15 1 0
axonflow/platform/orchestrator/template_api_service.go:308.10,309.16 1 0
axonflow/platform/orchestrator/template_api_service.go:313.2,313.61 1 0
axonflow/platform/orchestrator/template_api_service.go:313.61,314.27 1 0
axonflow/platform/orchestrator/template_api_service.go:314.27,315.53 1 0
axonflow/platform/orchestrator/template_api_service.go:315.53,322.5 2 0
axonflow/platform/orchestrator/template_api_service.go:327.2,327.57 1 0
axonflow/platform/orchestrator/template_api_service.go:327.57,328.26 1 0
axonflow/platform/orchestrator/template_api_service.go:328.26,329.52 1 0
axonflow/platform/orchestrator/template_api_service.go:329.52,333.68 2 0
axonflow/platform/orchestrator/template_api_service.go:333.68,335.6 1 0
axonflow/platform/orchestrator/template_api_service.go:336.5,336.38 1 0
axonflow/platform/orchestrator/template_api_service.go:341.2,341.26 1 0
axonflow/platform/orchestrator/template_api_service.go:341.26,343.3 1 0
axonflow/platform/orchestrator/template_api_service.go:345.2,345.23 1 0
axonflow/platform/orchestrator/template_api_service.go:345.23,347.3 1 0
axonflow/platform/orchestrator/template_api_service.go:349.2,349.55 1 0
axonflow/platform/orchestrator/template_api_service.go:353.80,355.2 1 0
axonflow/platform/orchestrator/template_api_service.go:358.117,360.2 1 0
axonflow/platform/orchestrator/template_api_service.go:363.68,364.34 1 0
axonflow/platform/orchestrator/template_api_service.go:364.34,366.3 1 0
axonflow/platform/orchestrator/template_api_service.go:367.2,367.11 1 0
axonflow/platform/orchestrator/template_api_service.go:375.50,377.31 2 0
axonflow/platform/orchestrator/template_api_service.go:377.31,379.3 1 0
axonflow/platform/orchestrator/template_api_service.go:380.2,380.33 1 0
axonflow/platform/orchestrator/workflow_engine.go:28.13,33.2 2 1
axonflow/platform/orchestrator/workflow_engine.go:164.60,168.2 1 0
axonflow/platform/orchestrator/workflow_engine.go:170.85,175.2 4 0
axonflow/platform/orchestrator/workflow_engine.go:177.87,181.13 4 0
axonflow/platform/orchestrator/workflow_engine.go:181.13,183.3 1 0
axonflow/platform/orchestrator/workflow_engine.go:184.2,184.23 1 0
axonflow/platform/orchestrator/workflow_engine.go:187.87,192.2 4 0
axonflow/platform/orchestrator/workflow_engine.go:199.71,201.2 1 0
axonflow/platform/orchestrator/workflow_engine.go:203.172,211.34 4 0
axonflow/platform/orchestrator/workflow_engine.go:211.34,216.44 3 0
axonflow/platform/orchestrator/workflow_engine.go:216.44,217.64 1 0
axonflow/platform/orchestrator/workflow_engine.go:217.64,218.83 1 0
axonflow/platform/orchestrator/workflow_engine.go:218.83,221.28 2 0
axonflow/platform/orchestrator/workflow_engine.go:221.28,223.7 1 0
axonflow/platform/orchestrator/workflow_engine.go:224.6,224.72 1 0
axonflow/platform/orchestrator/workflow_engine.go:229.3,230.28 2 0
axonflow/platform/orchestrator/workflow_engine.go:230.28,233.4 2 0
axonflow/platform/orchestrator/workflow_engine.go:233.9,235.4 1 0
axonflow/platform/orchestrator/workflow_engine.go:239.2,258.16 4 0
axonflow/platform/orchestrator/workflow_engine.go:258.16,261.3 2 0
axonflow/platform/orchestrator/workflow_engine.go:263.2,268.28 2 0
axonflow/platform/orchestrator/workflow_engine.go:268.28,272.3 2 0
axonflow/platform/orchestrator/workflow_engine.go:274.2,274.64 1 0
axonflow/platform/orchestrator/workflow_engine.go:274.64,277.3 1 0
axonflow/platform/orchestrator/workflow_engine.go:280.2,280.34 1 0
axonflow/platform/orchestrator/workflow_engine.go:280.34,285.53 3 0
axonflow/platform/orchestrator/workflow_engine.go:285.53,288.4 2 0
axonflow/platform/orchestrator/workflow_engine.go:290.3,290.80 1 0
axonflow/platform/orchestrator/workflow_engine.go:294.2,303.24 2 0
axonflow/platform/orchestrator/workflow_engine.go:303.24,304.85 1 0
axonflow/platform/orchestrator/workflow_engine.go:304.85,307.4 2 0
axonflow/platform/orchestrator/workflow_engine.go:307.9,309.4 1 0
axonflow/platform/orchestrator/workflow_engine.go:312.2,313.20 2 0
axonflow/platform/orchestrator/workflow_engine.go:316.136,320.36 2 0
axonflow/platform/orchestrator/workflow_engine.go:320.36,322.36 2 0
axonflow/platform/orchestrator/workflow_engine.go:322.36,324.4 1 0
axonflow/platform/orchestrator/workflow_engine.go:328.2,328.43 1 0
axonflow/platform/orchestrator/workflow_engine.go:328.43,329.37 1 0
axonflow/platform/orchestrator/workflow_engine.go:329.37,330.44 1 0
axonflow/platform/orchestrator/workflow_engine.go:330.44,332.38 2 0
axonflow/platform/orchestrator/workflow_engine.go:332.38,334.6 1 0
axonflow/platform/orchestrator/workflow_engine.go:339.2,339.15 1 0
axonflow/platform/orchestrator/workflow_engine.go:343.66,351.2 2 0
axonflow/platform/orchestrator/workflow_engine.go:354.93,359.43 4 0
axonflow/platform/orchestrator/workflow_engine.go:359.43,360.37 1 0
axonflow/platform/orchestrator/workflow_engine.go:360.37,362.40 1 0
axonflow/platform/orchestrator/workflow_engine.go:362.40,363.13 1 0
axonflow/platform/orchestrator/workflow_engine.go:366.4,369.82 2 0
axonflow/platform/orchestrator/workflow_engine.go:369.82,372.5 2 0
axonflow/platform/orchestrator/workflow_engine.go:372.10,374.33 1 0
axonflow/platform/orchestrator/workflow_engine.go:374.33,375.46 1 0
axonflow/platform/orchestrator/workflow_engine.go:375.46,377.158 1 0
axonflow/platform/orchestrator/workflow_engine.go:377.158,378.16 1 0
axonflow/platform/orchestrator/workflow_engine.go:380.7,380.65 1 0
axonflow/platform/orchestrator/workflow_engine.go:382.6,382.31 1 0
axonflow/platform/orchestrator/workflow_engine.go:388.2,391.25 3 0
axonflow/platform/orchestrator/workflow_engine.go:394.106,395.38 1 0
axonflow/platform/orchestrator/workflow_engine.go:395.38,397.62 2 0
axonflow/platform/orchestrator/workflow_engine.go:397.62,399.4 1 0
axonflow/platform/orchestrator/workflow_engine.go:401.2,401.63 1 0
axonflow/platform/orchestrator/workflow_engine.go:407.54,409.2 1 0
axonflow/platform/orchestrator/workflow_engine.go:411.176,423.21 4 0
axonflow/platform/orchestrator/workflow_engine.go:423.21,426.3 2 0
axonflow/platform/orchestrator/workflow_engine.go:426.8,429.3 2 0
axonflow/platform/orchestrator/workflow_engine.go:433.2,435.20 2 0
axonflow/platform/orchestrator/workflow_engine.go:438.103,443.39 1 0
axonflow/platform/orchestrator/workflow_engine.go:443.39,445.22 2 0
axonflow/platform/orchestrator/workflow_engine.go:445.22,454.4 4 0
axonflow/platform/orchestrator/workflow_engine.go:458.2,458.14 1 0
axonflow/platform/orchestrator/workflow_engine.go:461.100,463.68 1 0
axonflow/platform/orchestrator/workflow_engine.go:463.68,465.3 1 0
axonflow/platform/orchestrator/workflow_engine.go:467.2,468.44 2 0
axonflow/platform/orchestrator/workflow_engine.go:468.44,472.44 3 0
axonflow/platform/orchestrator/workflow_engine.go:472.44,473.67 1 0
axonflow/platform/orchestrator/workflow_engine.go:473.67,474.60 1 0
axonflow/platform/orchestrator/workflow_engine.go:474.60,476.6 1 0
axonflow/platform/orchestrator/workflow_engine.go:481.2,481.12 1 0
axonflow/platform/orchestrator/workflow_engine.go:487.56,489.2 1 0
axonflow/platform/orchestrator/workflow_engine.go:491.177,500.23 2 0
axonflow/platform/orchestrator/workflow_engine.go:501.24,504.29 3 0
axonflow/platform/orchestrator/workflow_engine.go:506.25,508.44 2 0
axonflow/platform/orchestrator/workflow_engine.go:510.23,512.38 2 0
axonflow/platform/orchestrator/workflow_engine.go:514.10,515.54 1 0
axonflow/platform/orchestrator/workflow_engine.go:518.2,518.20 1 0
axonflow/platform/orchestrator/workflow_engine.go:522.42,534.2 4 0
axonflow/platform/orchestrator/workflow_engine.go:537.110,538.19 1 0
axonflow/platform/orchestrator/workflow_engine.go:538.19,540.3 1 0
axonflow/platform/orchestrator/workflow_engine.go:542.2,547.51 3 0
axonflow/platform/orchestrator/workflow_engine.go:551.69,553.2 1 0
axonflow/platform/orchestrator/workflow_engine.go:556.158,570.59 2 0
axonflow/platform/orchestrator/workflow_engine.go:570.59,572.3 1 0
axonflow/platform/orchestrator/workflow_engine.go:574.2,577.29 2 0
axonflow/platform/orchestrator/workflow_engine.go:577.29,578.173 1 0
axonflow/platform/orchestrator/workflow_engine.go:578.173,580.4 1 0
axonflow/platform/orchestrator/workflow_engine.go:584.2,584.51 1 0
axonflow/platform/orchestrator/workflow_engine.go:584.51,596.14 4 0
axonflow/platform/orchestrator/workflow_engine.go:596.14,608.31 8 0
axonflow/platform/orchestrator/workflow_engine.go:608.31,610.5 1 0
axonflow/platform/orchestrator/workflow_engine.go:611.4,611.25 1 0
axonflow/platform/orchestrator/workflow_engine.go:615.3,621.17 6 0
axonflow/platform/orchestrator/workflow_engine.go:621.17,635.31 8 0
axonflow/platform/orchestrator/workflow_engine.go:635.31,637.5 1 0
axonflow/platform/orchestrator/workflow_engine.go:638.4,638.25 1 0
axonflow/platform/orchestrator/workflow_engine.go:641.3,652.24 5 0
axonflow/platform/orchestrator/workflow_engine.go:652.24,653.39 1 0
axonflow/platform/orchestrator/workflow_engine.go:653.39,655.5 1 0
axonflow/platform/orchestrator/workflow_engine.go:658.3,658.79 1 0
axonflow/platform/orchestrator/workflow_engine.go:662.2,667.50 4 0
axonflow/platform/orchestrator/workflow_engine.go:667.50,669.3 1 0
axonflow/platform/orchestrator/workflow_engine.go:671.2,674.29 2 0
axonflow/platform/orchestrator/workflow_engine.go:674.29,676.94 2 0
axonflow/platform/orchestrator/workflow_engine.go:676.94,678.4 1 0
axonflow/platform/orchestrator/workflow_engine.go:681.2,682.23 2 0
axonflow/platform/orchestrator/workflow_engine.go:686.232,687.29 1 0
axonflow/platform/orchestrator/workflow_engine.go:687.29,689.3 1 0
axonflow/platform/orchestrator/workflow_engine.go:692.2,693.19 2 0
axonflow/platform/orchestrator/workflow_engine.go:693.19,695.3 1 0
axonflow/platform/orchestrator/workflow_engine.go:698.2,700.19 3 0
axonflow/platform/orchestrator/workflow_engine.go:700.19,701.47 1 0
axonflow/platform/orchestrator/workflow_engine.go:701.47,703.4 1 0
axonflow/platform/orchestrator/workflow_engine.go:704.3,704.44 1 0
axonflow/platform/orchestrator/workflow_engine.go:704.44,706.4 1 0
axonflow/platform/orchestrator/workflow_engine.go:707.3,707.47 1 0
axonflow/platform/orchestrator/workflow_engine.go:707.47,710.4 2 0
axonflow/platform/orchestrator/workflow_engine.go:713.2,729.67 2 0
axonflow/platform/orchestrator/workflow_engine.go:729.67,731.3 1 0
axonflow/platform/orchestrator/workflow_engine.go:734.107,742.43 4 0
axonflow/platform/orchestrator/workflow_engine.go:742.43,744.37 2 0
axonflow/platform/orchestrator/workflow_engine.go:744.37,745.44 1 0
axonflow/platform/orchestrator/workflow_engine.go:745.44,748.38 3 0
axonflow/platform/orchestrator/workflow_engine.go:748.38,751.6 2 0
axonflow/platform/orchestrator/workflow_engine.go:751.11,751.55 1 0
axonflow/platform/orchestrator/workflow_engine.go:751.55,755.6 2 0
axonflow/platform/orchestrator/workflow_engine.go:755.11,757.6 1 0
axonflow/platform/orchestrator/workflow_engine.go:762.2,763.21 2 0
axonflow/platform/orchestrator/workflow_engine.go:763.21,765.3 1 0
axonflow/platform/orchestrator/workflow_engine.go:767.2,767.15 1 0
axonflow/platform/orchestrator/workflow_engine.go:771.49,773.19 2 0
axonflow/platform/orchestrator/workflow_engine.go:773.19,775.3 1 0
axonflow/platform/orchestrator/workflow_engine.go:776.2,776.13 1 0
axonflow/platform/orchestrator/workflow_engine.go:780.50,781.22 1 0
axonflow/platform/orchestrator/workflow_engine.go:781.22,783.3 1 0
axonflow/platform/orchestrator/workflow_engine.go:784.2,784.27 1 0
axonflow/platform/orchestrator/workflow_engine.go:788.78,790.2 1 0
axonflow/platform/orchestrator/workflow_engine.go:793.88,797.2 1 0
axonflow/platform/orchestrator/workflow_engine.go:800.43,802.2 1 0
axonflow/platform/orchestrator/workflow_engine.go:807.64,815.2 2 0
axonflow/platform/orchestrator/workflow_engine.go:821.95,827.42 3 0
axonflow/platform/orchestrator/workflow_engine.go:827.42,828.49 1 0
axonflow/platform/orchestrator/workflow_engine.go:828.49,830.4 1 0
axonflow/platform/orchestrator/workflow_engine.go:833.2,833.30 1 0
axonflow/platform/orchestrator/workflow_engine.go:848.198,850.18 1 0
axonflow/platform/orchestrator/workflow_engine.go:850.18,852.3 1 0
axonflow/platform/orchestrator/workflow_engine.go:855.2,867.59 2 0
axonflow/platform/orchestrator/workflow_engine.go:867.59,869.3 1 0
axonflow/platform/orchestrator/workflow_engine.go:871.2,877.42 3 0
axonflow/platform/orchestrator/workflow_engine.go:877.42,881.47 2 0
axonflow/platform/orchestrator/workflow_engine.go:881.47,884.18 2 0
axonflow/platform/orchestrator/workflow_engine.go:884.18,890.5 5 0
axonflow/platform/orchestrator/workflow_engine.go:893.4,898.40 4 0
axonflow/platform/orchestrator/workflow_engine.go:898.40,899.29 1 0
axonflow/platform/orchestrator/workflow_engine.go:899.29,900.44 1 0
axonflow/platform/orchestrator/workflow_engine.go:900.44,903.7 2 0
axonflow/platform/orchestrator/workflow_engine.go:906.4,906.104 1 0
axonflow/platform/orchestrator/workflow_engine.go:907.9,910.37 2 0
axonflow/platform/orchestrator/workflow_engine.go:910.37,912.19 2 0
axonflow/platform/orchestrator/workflow_engine.go:912.19,919.6 5 0
axonflow/platform/orchestrator/workflow_engine.go:921.5,926.33 4 0
axonflow/platform/orchestrator/workflow_engine.go:926.33,927.48 1 0
axonflow/platform/orchestrator/workflow_engine.go:927.48,930.7 2 0
axonflow/platform/orchestrator/workflow_engine.go:932.5,932.105 1 0
axonflow/platform/orchestrator/workflow_engine.go:938.2,944.50 5 0
axonflow/platform/orchestrator/workflow_engine.go:944.50,946.3 1 0
axonflow/platform/orchestrator/workflow_engine.go:948.2,951.23 3 0
axonflow/platform/orchestrator/workflow_engine.go:961.104,962.40 1 0
axonflow/platform/orchestrator/workflow_engine.go:962.40,965.3 1 0
axonflow/platform/orchestrator/workflow_engine.go:969.2,971.20 2 0
axonflow/platform/orchestrator/workflow_engine.go:971.20,984.3 3 0
axonflow/platform/orchestrator/workflow_engine.go:984.8,990.3 1 0
axonflow/platform/orchestrator/workflow_engine.go:992.2,992.15 1 0
axonflow/platform/orchestrator/workflow_engine.go:996.175,1003.29 5 0
axonflow/platform/orchestrator/workflow_engine.go:1003.29,1005.36 2 0
axonflow/platform/orchestrator/workflow_engine.go:1005.36,1014.18 6 0
axonflow/platform/orchestrator/workflow_engine.go:1014.18,1016.5 1 0
axonflow/platform/orchestrator/workflow_engine.go:1016.10,1018.5 1 0
axonflow/platform/orchestrator/workflow_engine.go:1023.2,1031.29 5 0
axonflow/platform/orchestrator/workflow_engine.go:1031.29,1032.17 1 0
axonflow/platform/orchestrator/workflow_engine.go:1032.17,1037.75 3 0
axonflow/platform/orchestrator/workflow_engine.go:1037.75,1039.5 1 0
axonflow/platform/orchestrator/workflow_engine.go:1041.3,1041.15 1 0
axonflow/platform/orchestrator/workflow_engine.go:1045.2,1045.59 1 0
axonflow/platform/orchestrator/workflow_engine.go:1045.59,1050.3 2 0
axonflow/platform/orchestrator/workflow_engine.go:1053.2,1053.36 1 0
axonflow/platform/orchestrator/workflow_engine.go:1053.36,1055.3 1 0
axonflow/platform/orchestrator/workflow_engine.go:1057.2,1057.57 1 0
axonflow/platform/orchestrator/workflow_engine.go:1057.57,1059.3 1 0
axonflow/platform/orchestrator/workflow_engine.go:1061.2,1061.21 1 0
axonflow/platform/orchestrator/workflow_engine.go:1065.167,1077.13 4 0
axonflow/platform/orchestrator/workflow_engine.go:1077.13,1086.3 8 0
axonflow/platform/orchestrator/workflow_engine.go:1089.2,1095.16 6 0
axonflow/platform/orchestrator/workflow_engine.go:1095.16,1100.3 4 0
axonflow/platform/orchestrator/workflow_engine.go:1103.2,1104.23 2 0
axonflow/platform/orchestrator/workflow_engine.go:1104.23,1105.57 1 0
axonflow/platform/orchestrator/workflow_engine.go:1105.57,1107.4 1 0
axonflow/platform/orchestrator/workflow_engine.go:1108.3,1109.70 1 0
axonflow/platform/orchestrator/workflow_engine.go:1110.8,1112.3 1 0
axonflow/platform/orchestrator/workflow_engine.go:1114.2,1117.27 3 0
