mode: set
axonflow/platform/orchestrator/amadeus_client.go:79.40,84.15 4 1
axonflow/platform/orchestrator/amadeus_client.go:84.15,86.3 1 1
axonflow/platform/orchestrator/amadeus_client.go:88.2,89.25 2 1
axonflow/platform/orchestrator/amadeus_client.go:89.25,91.3 1 0
axonflow/platform/orchestrator/amadeus_client.go:93.2,98.3 1 1
axonflow/platform/orchestrator/amadeus_client.go:102.45,104.2 1 1
axonflow/platform/orchestrator/amadeus_client.go:107.77,112.61 3 1
axonflow/platform/orchestrator/amadeus_client.go:112.61,114.3 1 0
axonflow/platform/orchestrator/amadeus_client.go:117.2,130.16 10 1
axonflow/platform/orchestrator/amadeus_client.go:130.16,132.3 1 0
axonflow/platform/orchestrator/amadeus_client.go:134.2,137.16 3 1
axonflow/platform/orchestrator/amadeus_client.go:137.16,139.3 1 1
axonflow/platform/orchestrator/amadeus_client.go:140.2,140.15 1 1
axonflow/platform/orchestrator/amadeus_client.go:140.15,141.43 1 1
axonflow/platform/orchestrator/amadeus_client.go:141.43,143.4 1 0
axonflow/platform/orchestrator/amadeus_client.go:146.2,146.38 1 1
axonflow/platform/orchestrator/amadeus_client.go:146.38,149.3 2 1
axonflow/platform/orchestrator/amadeus_client.go:151.2,152.70 2 1
axonflow/platform/orchestrator/amadeus_client.go:152.70,154.3 1 1
axonflow/platform/orchestrator/amadeus_client.go:157.2,162.27 4 1
axonflow/platform/orchestrator/amadeus_client.go:166.118,167.23 1 1
axonflow/platform/orchestrator/amadeus_client.go:167.23,169.3 1 1
axonflow/platform/orchestrator/amadeus_client.go:172.2,173.16 2 1
axonflow/platform/orchestrator/amadeus_client.go:173.16,175.3 1 1
axonflow/platform/orchestrator/amadeus_client.go:178.2,186.20 2 1
axonflow/platform/orchestrator/amadeus_client.go:186.20,188.3 1 1
axonflow/platform/orchestrator/amadeus_client.go:190.2,190.31 1 1
axonflow/platform/orchestrator/amadeus_client.go:190.31,192.3 1 0
axonflow/platform/orchestrator/amadeus_client.go:195.2,196.16 2 1
axonflow/platform/orchestrator/amadeus_client.go:196.16,198.3 1 0
axonflow/platform/orchestrator/amadeus_client.go:200.2,204.16 3 1
axonflow/platform/orchestrator/amadeus_client.go:204.16,206.3 1 0
axonflow/platform/orchestrator/amadeus_client.go:207.2,207.15 1 1
axonflow/platform/orchestrator/amadeus_client.go:207.15,208.43 1 1
axonflow/platform/orchestrator/amadeus_client.go:208.43,210.4 1 0
axonflow/platform/orchestrator/amadeus_client.go:213.2,213.38 1 1
axonflow/platform/orchestrator/amadeus_client.go:213.38,216.3 2 0
axonflow/platform/orchestrator/amadeus_client.go:219.2,220.71 2 1
axonflow/platform/orchestrator/amadeus_client.go:220.71,222.3 1 0
axonflow/platform/orchestrator/amadeus_client.go:224.2,226.25 2 1
axonflow/platform/orchestrator/amadeus_client.go:231.51,267.32 3 1
axonflow/platform/orchestrator/amadeus_client.go:267.32,268.67 1 1
axonflow/platform/orchestrator/amadeus_client.go:268.67,269.28 1 1
axonflow/platform/orchestrator/amadeus_client.go:269.28,271.5 1 1
axonflow/platform/orchestrator/amadeus_client.go:271.10,273.5 1 1
axonflow/platform/orchestrator/amadeus_client.go:277.2,277.49 1 1
axonflow/platform/orchestrator/amadeus_client.go:277.49,279.3 1 1
axonflow/platform/orchestrator/amadeus_client.go:282.2,282.26 1 1
axonflow/platform/orchestrator/amadeus_client.go:282.26,284.49 2 1
axonflow/platform/orchestrator/amadeus_client.go:284.49,286.28 2 1
axonflow/platform/orchestrator/amadeus_client.go:286.28,288.5 1 1
axonflow/platform/orchestrator/amadeus_client.go:288.10,288.35 1 0
axonflow/platform/orchestrator/amadeus_client.go:288.35,290.5 1 0
axonflow/platform/orchestrator/amadeus_client.go:292.3,292.23 1 1
axonflow/platform/orchestrator/amadeus_client.go:292.23,294.4 1 1
axonflow/platform/orchestrator/amadeus_client.go:297.2,297.14 1 1
axonflow/platform/orchestrator/amadeus_connector.go:38.46,44.2 1 1
axonflow/platform/orchestrator/amadeus_connector.go:47.93,56.18 4 0
axonflow/platform/orchestrator/amadeus_connector.go:56.18,58.3 1 0
axonflow/platform/orchestrator/amadeus_connector.go:59.2,59.21 1 0
axonflow/platform/orchestrator/amadeus_connector.go:59.21,61.3 1 0
axonflow/platform/orchestrator/amadeus_connector.go:63.2,63.37 1 0
axonflow/platform/orchestrator/amadeus_connector.go:63.37,65.3 1 0
axonflow/platform/orchestrator/amadeus_connector.go:68.2,69.62 2 0
axonflow/platform/orchestrator/amadeus_connector.go:69.62,71.3 1 0
axonflow/platform/orchestrator/amadeus_connector.go:74.2,74.61 1 0
axonflow/platform/orchestrator/amadeus_connector.go:74.61,76.3 1 0
axonflow/platform/orchestrator/amadeus_connector.go:77.2,77.67 1 0
axonflow/platform/orchestrator/amadeus_connector.go:77.67,79.3 1 0
axonflow/platform/orchestrator/amadeus_connector.go:80.2,80.54 1 0
axonflow/platform/orchestrator/amadeus_connector.go:80.54,82.3 1 0
axonflow/platform/orchestrator/amadeus_connector.go:84.2,86.30 2 0
axonflow/platform/orchestrator/amadeus_connector.go:86.30,88.3 1 0
axonflow/platform/orchestrator/amadeus_connector.go:91.2,92.16 2 0
axonflow/platform/orchestrator/amadeus_connector.go:92.16,94.3 1 0
axonflow/platform/orchestrator/amadeus_connector.go:96.2,98.12 2 0
axonflow/platform/orchestrator/amadeus_connector.go:102.66,105.2 2 1
axonflow/platform/orchestrator/amadeus_connector.go:108.89,109.21 1 1
axonflow/platform/orchestrator/amadeus_connector.go:109.21,114.3 1 1
axonflow/platform/orchestrator/amadeus_connector.go:116.2,120.16 4 0
axonflow/platform/orchestrator/amadeus_connector.go:120.16,127.3 1 0
axonflow/platform/orchestrator/amadeus_connector.go:129.2,140.8 2 0
axonflow/platform/orchestrator/amadeus_connector.go:144.101,145.21 1 0
axonflow/platform/orchestrator/amadeus_connector.go:145.21,147.3 1 0
axonflow/platform/orchestrator/amadeus_connector.go:150.2,156.9 5 0
axonflow/platform/orchestrator/amadeus_connector.go:157.54,158.53 1 0
axonflow/platform/orchestrator/amadeus_connector.go:159.53,160.52 1 0
axonflow/platform/orchestrator/amadeus_connector.go:161.54,162.53 1 0
axonflow/platform/orchestrator/amadeus_connector.go:163.10,165.61 1 0
axonflow/platform/orchestrator/amadeus_connector.go:168.2,170.16 2 0
axonflow/platform/orchestrator/amadeus_connector.go:170.16,172.3 1 0
axonflow/platform/orchestrator/amadeus_connector.go:174.2,182.8 2 0
axonflow/platform/orchestrator/amadeus_connector.go:186.105,189.2 1 0
axonflow/platform/orchestrator/amadeus_connector.go:192.42,193.21 1 1
axonflow/platform/orchestrator/amadeus_connector.go:193.21,195.3 1 1
axonflow/platform/orchestrator/amadeus_connector.go:196.2,196.28 1 1
axonflow/platform/orchestrator/amadeus_connector.go:200.42,202.2 1 1
axonflow/platform/orchestrator/amadeus_connector.go:205.45,207.2 1 1
axonflow/platform/orchestrator/amadeus_connector.go:210.52,212.2 1 1
axonflow/platform/orchestrator/amadeus_connector.go:215.128,222.45 5 0
axonflow/platform/orchestrator/amadeus_connector.go:222.45,224.3 1 0
axonflow/platform/orchestrator/amadeus_connector.go:224.8,224.48 1 0
axonflow/platform/orchestrator/amadeus_connector.go:224.48,226.3 1 0
axonflow/platform/orchestrator/amadeus_connector.go:228.2,229.42 2 0
axonflow/platform/orchestrator/amadeus_connector.go:229.42,231.3 1 0
axonflow/platform/orchestrator/amadeus_connector.go:231.8,231.45 1 0
axonflow/platform/orchestrator/amadeus_connector.go:231.45,233.3 1 0
axonflow/platform/orchestrator/amadeus_connector.go:236.2,250.16 5 0
axonflow/platform/orchestrator/amadeus_connector.go:250.16,252.3 1 0
axonflow/platform/orchestrator/amadeus_connector.go:254.2,256.27 2 0
axonflow/platform/orchestrator/amadeus_connector.go:260.127,277.2 5 0
axonflow/platform/orchestrator/amadeus_connector.go:280.128,295.2 4 0
axonflow/platform/orchestrator/amadeus_connector.go:298.66,333.49 3 1
axonflow/platform/orchestrator/amadeus_connector.go:333.49,335.3 1 1
axonflow/platform/orchestrator/amadeus_connector.go:338.2,338.27 1 1
axonflow/platform/orchestrator/amadeus_connector.go:338.27,340.3 1 1
axonflow/platform/orchestrator/amadeus_connector.go:342.2,342.14 1 1
axonflow/platform/orchestrator/amadeus_connector.go:345.52,346.48 1 1
axonflow/platform/orchestrator/amadeus_connector.go:346.48,348.3 1 1
axonflow/platform/orchestrator/amadeus_connector.go:349.2,349.21 1 1
axonflow/platform/orchestrator/api_call_processor.go:30.74,34.2 1 1
axonflow/platform/orchestrator/api_call_processor.go:37.172,39.20 2 0
axonflow/platform/orchestrator/api_call_processor.go:39.20,41.3 1 0
axonflow/platform/orchestrator/api_call_processor.go:43.2,46.18 2 0
axonflow/platform/orchestrator/api_call_processor.go:47.17,48.59 1 0
axonflow/platform/orchestrator/api_call_processor.go:49.10,50.67 1 0
axonflow/platform/orchestrator/api_call_processor.go:55.179,57.63 1 0
axonflow/platform/orchestrator/api_call_processor.go:57.63,60.3 2 0
axonflow/platform/orchestrator/api_call_processor.go:63.2,64.20 2 0
axonflow/platform/orchestrator/api_call_processor.go:64.20,66.3 1 0
axonflow/platform/orchestrator/api_call_processor.go:69.2,69.18 1 0
axonflow/platform/orchestrator/api_call_processor.go:70.41,71.60 1 0
axonflow/platform/orchestrator/api_call_processor.go:72.10,73.71 1 0
axonflow/platform/orchestrator/api_call_processor.go:78.180,83.16 3 0
axonflow/platform/orchestrator/api_call_processor.go:83.16,85.3 1 0
axonflow/platform/orchestrator/api_call_processor.go:87.2,95.16 3 0
axonflow/platform/orchestrator/api_call_processor.go:95.16,97.3 1 0
axonflow/platform/orchestrator/api_call_processor.go:99.2,114.28 4 0
axonflow/platform/orchestrator/api_call_processor.go:114.28,117.37 3 0
axonflow/platform/orchestrator/api_call_processor.go:117.37,119.4 1 0
axonflow/platform/orchestrator/api_call_processor.go:121.3,121.34 1 0
axonflow/platform/orchestrator/api_call_processor.go:121.34,128.4 2 0
axonflow/platform/orchestrator/api_call_processor.go:129.3,129.35 1 0
axonflow/platform/orchestrator/api_call_processor.go:132.2,132.20 1 0
axonflow/platform/orchestrator/api_call_processor.go:136.143,145.8 3 1
axonflow/platform/orchestrator/api_call_processor.go:145.8,146.46 1 1
axonflow/platform/orchestrator/api_call_processor.go:146.46,148.4 1 1
axonflow/platform/orchestrator/api_call_processor.go:152.2,153.8 2 1
axonflow/platform/orchestrator/api_call_processor.go:153.8,154.43 1 1
axonflow/platform/orchestrator/api_call_processor.go:154.43,156.4 1 1
axonflow/platform/orchestrator/api_call_processor.go:157.8,160.3 1 1
axonflow/platform/orchestrator/api_call_processor.go:163.2,164.8 2 1
axonflow/platform/orchestrator/api_call_processor.go:164.8,165.48 1 1
axonflow/platform/orchestrator/api_call_processor.go:165.48,167.4 1 1
axonflow/platform/orchestrator/api_call_processor.go:168.8,171.3 1 1
axonflow/platform/orchestrator/api_call_processor.go:174.2,174.52 1 1
axonflow/platform/orchestrator/api_call_processor.go:174.52,175.32 1 1
axonflow/platform/orchestrator/api_call_processor.go:176.12,177.21 1 1
axonflow/platform/orchestrator/api_call_processor.go:178.16,179.26 1 1
axonflow/platform/orchestrator/api_call_processor.go:180.15,182.46 1 1
axonflow/platform/orchestrator/api_call_processor.go:187.2,187.37 1 1
axonflow/platform/orchestrator/api_call_processor.go:187.37,189.3 1 0
axonflow/platform/orchestrator/api_call_processor.go:190.2,190.42 1 1
axonflow/platform/orchestrator/api_call_processor.go:190.42,192.3 1 1
axonflow/platform/orchestrator/api_call_processor.go:193.2,193.32 1 1
axonflow/platform/orchestrator/api_call_processor.go:193.32,195.3 1 0
axonflow/platform/orchestrator/api_call_processor.go:197.2,197.20 1 1
axonflow/platform/orchestrator/api_call_processor.go:201.90,212.2 1 1
axonflow/platform/orchestrator/api_call_processor.go:215.132,219.32 2 1
axonflow/platform/orchestrator/api_call_processor.go:219.32,221.36 2 1
axonflow/platform/orchestrator/api_call_processor.go:221.36,223.4 1 1
axonflow/platform/orchestrator/api_call_processor.go:227.2,227.42 1 1
axonflow/platform/orchestrator/api_call_processor.go:227.42,229.36 2 1
axonflow/platform/orchestrator/api_call_processor.go:229.36,231.4 1 1
axonflow/platform/orchestrator/api_call_processor.go:235.2,235.43 1 1
axonflow/platform/orchestrator/api_call_processor.go:235.43,236.37 1 1
axonflow/platform/orchestrator/api_call_processor.go:236.37,237.44 1 1
axonflow/platform/orchestrator/api_call_processor.go:237.44,239.38 2 1
axonflow/platform/orchestrator/api_call_processor.go:239.38,241.6 1 1
axonflow/platform/orchestrator/api_call_processor.go:246.2,246.15 1 1
axonflow/platform/orchestrator/api_call_processor.go:250.45,253.2 1 1
axonflow/platform/orchestrator/audit_logger.go:75.54,77.16 2 1
axonflow/platform/orchestrator/audit_logger.go:77.16,84.3 2 0
axonflow/platform/orchestrator/audit_logger.go:87.2,87.46 1 1
axonflow/platform/orchestrator/audit_logger.go:87.46,89.3 1 1
axonflow/platform/orchestrator/audit_logger.go:91.2,102.15 4 1
axonflow/platform/orchestrator/audit_logger.go:107.102,138.99 2 1
axonflow/platform/orchestrator/audit_logger.go:138.99,140.34 2 0
axonflow/platform/orchestrator/audit_logger.go:140.34,142.4 1 0
axonflow/platform/orchestrator/audit_logger.go:145.2,146.14 2 1
axonflow/platform/orchestrator/audit_logger.go:151.40,177.2 2 1
axonflow/platform/orchestrator/audit_logger.go:180.97,199.2 2 1
axonflow/platform/orchestrator/audit_logger.go:202.84,203.17 1 1
axonflow/platform/orchestrator/audit_logger.go:203.17,205.3 1 1
axonflow/platform/orchestrator/audit_logger.go:208.2,228.9 4 1
axonflow/platform/orchestrator/audit_logger.go:228.9,229.32 1 1
axonflow/platform/orchestrator/audit_logger.go:229.32,233.4 3 1
axonflow/platform/orchestrator/audit_logger.go:234.3,234.31 1 1
axonflow/platform/orchestrator/audit_logger.go:234.31,238.4 3 1
axonflow/platform/orchestrator/audit_logger.go:239.3,239.36 1 1
axonflow/platform/orchestrator/audit_logger.go:239.36,243.4 3 1
axonflow/platform/orchestrator/audit_logger.go:244.3,244.34 1 1
axonflow/platform/orchestrator/audit_logger.go:244.34,248.4 3 1
axonflow/platform/orchestrator/audit_logger.go:249.3,249.34 1 1
axonflow/platform/orchestrator/audit_logger.go:249.34,252.4 2 1
axonflow/platform/orchestrator/audit_logger.go:254.3,256.26 2 1
axonflow/platform/orchestrator/audit_logger.go:256.26,258.4 1 1
axonflow/platform/orchestrator/audit_logger.go:261.2,262.16 2 1
axonflow/platform/orchestrator/audit_logger.go:262.16,264.3 1 1
axonflow/platform/orchestrator/audit_logger.go:265.2,265.15 1 1
axonflow/platform/orchestrator/audit_logger.go:265.15,265.35 1 1
axonflow/platform/orchestrator/audit_logger.go:267.2,268.18 2 1
axonflow/platform/orchestrator/audit_logger.go:268.18,294.17 4 1
axonflow/platform/orchestrator/audit_logger.go:294.17,296.12 2 0
axonflow/platform/orchestrator/audit_logger.go:300.3,304.35 4 1
axonflow/platform/orchestrator/audit_logger.go:307.2,307.21 1 1
axonflow/platform/orchestrator/audit_logger.go:311.40,312.17 1 1
axonflow/platform/orchestrator/audit_logger.go:312.17,314.3 1 1
axonflow/platform/orchestrator/audit_logger.go:316.2,320.19 4 1
axonflow/platform/orchestrator/audit_logger.go:324.55,325.9 1 1
axonflow/platform/orchestrator/audit_logger.go:326.29,326.29 0 1
axonflow/platform/orchestrator/audit_logger.go:328.10,331.27 2 1
axonflow/platform/orchestrator/audit_logger.go:331.27,333.4 1 0
axonflow/platform/orchestrator/audit_logger.go:338.43,344.6 4 1
axonflow/platform/orchestrator/audit_logger.go:344.6,345.10 1 1
axonflow/platform/orchestrator/audit_logger.go:346.32,347.28 1 0
axonflow/platform/orchestrator/audit_logger.go:347.28,349.5 1 0
axonflow/platform/orchestrator/audit_logger.go:350.19,351.28 1 1
axonflow/platform/orchestrator/audit_logger.go:351.28,353.5 1 1
axonflow/platform/orchestrator/audit_logger.go:354.25,356.28 1 0
axonflow/platform/orchestrator/audit_logger.go:356.28,358.5 1 0
axonflow/platform/orchestrator/audit_logger.go:359.4,359.10 1 0
axonflow/platform/orchestrator/audit_logger.go:365.101,370.59 2 1
axonflow/platform/orchestrator/audit_logger.go:370.59,372.3 1 1
axonflow/platform/orchestrator/audit_logger.go:375.2,375.76 1 1
axonflow/platform/orchestrator/audit_logger.go:375.76,377.3 1 1
axonflow/platform/orchestrator/audit_logger.go:380.2,381.63 1 1
axonflow/platform/orchestrator/audit_logger.go:381.63,383.3 1 1
axonflow/platform/orchestrator/audit_logger.go:386.2,387.38 2 1
axonflow/platform/orchestrator/audit_logger.go:387.38,388.60 1 1
axonflow/platform/orchestrator/audit_logger.go:388.60,390.9 2 1
axonflow/platform/orchestrator/audit_logger.go:394.2,394.14 1 1
axonflow/platform/orchestrator/audit_logger.go:398.134,407.2 2 1
axonflow/platform/orchestrator/audit_logger.go:411.31,413.2 1 1
axonflow/platform/orchestrator/audit_logger.go:415.37,419.2 1 1
axonflow/platform/orchestrator/audit_logger.go:421.52,423.24 2 1
axonflow/platform/orchestrator/audit_logger.go:423.24,425.3 1 1
axonflow/platform/orchestrator/audit_logger.go:426.2,426.16 1 1
axonflow/platform/orchestrator/audit_logger.go:429.52,431.55 1 1
axonflow/platform/orchestrator/audit_logger.go:431.55,433.3 1 1
axonflow/platform/orchestrator/audit_logger.go:434.2,434.54 1 1
axonflow/platform/orchestrator/audit_logger.go:434.54,436.3 1 1
axonflow/platform/orchestrator/audit_logger.go:437.2,437.14 1 1
axonflow/platform/orchestrator/audit_logger.go:440.49,447.44 3 1
axonflow/platform/orchestrator/audit_logger.go:447.44,448.44 1 1
axonflow/platform/orchestrator/audit_logger.go:448.44,450.4 1 1
axonflow/platform/orchestrator/audit_logger.go:452.2,452.14 1 1
axonflow/platform/orchestrator/audit_logger.go:457.61,468.2 3 1
axonflow/platform/orchestrator/audit_logger.go:470.46,476.35 4 1
axonflow/platform/orchestrator/audit_logger.go:476.35,478.3 1 0
axonflow/platform/orchestrator/audit_logger.go:481.31,485.2 3 1
axonflow/platform/orchestrator/audit_logger.go:487.31,488.25 1 1
axonflow/platform/orchestrator/audit_logger.go:488.25,490.3 1 1
axonflow/platform/orchestrator/audit_logger.go:492.2,492.43 1 1
axonflow/platform/orchestrator/audit_logger.go:492.43,494.3 1 0
axonflow/platform/orchestrator/audit_logger.go:496.2,496.27 1 1
axonflow/platform/orchestrator/audit_logger.go:499.58,500.17 1 1
axonflow/platform/orchestrator/audit_logger.go:500.17,502.3 1 1
axonflow/platform/orchestrator/audit_logger.go:504.2,505.16 2 1
axonflow/platform/orchestrator/audit_logger.go:505.16,507.3 1 1
axonflow/platform/orchestrator/audit_logger.go:508.2,508.15 1 1
axonflow/platform/orchestrator/audit_logger.go:508.15,508.36 1 1
axonflow/platform/orchestrator/audit_logger.go:510.2,519.16 2 1
axonflow/platform/orchestrator/audit_logger.go:519.16,521.3 1 1
axonflow/platform/orchestrator/audit_logger.go:522.2,522.15 1 1
axonflow/platform/orchestrator/audit_logger.go:522.15,522.35 1 1
axonflow/platform/orchestrator/audit_logger.go:524.2,524.32 1 1
axonflow/platform/orchestrator/audit_logger.go:524.32,555.17 6 1
axonflow/platform/orchestrator/audit_logger.go:555.17,557.4 1 0
axonflow/platform/orchestrator/audit_logger.go:560.2,560.20 1 1
axonflow/platform/orchestrator/audit_logger.go:563.39,564.28 1 1
axonflow/platform/orchestrator/audit_logger.go:564.28,566.3 1 1
axonflow/platform/orchestrator/audit_logger.go:570.42,608.2 3 1
axonflow/platform/orchestrator/connector_marketplace_handlers.go:64.76,65.23 1 1
axonflow/platform/orchestrator/connector_marketplace_handlers.go:66.17,67.36 1 1
axonflow/platform/orchestrator/connector_marketplace_handlers.go:68.15,69.40 1 1
axonflow/platform/orchestrator/connector_marketplace_handlers.go:70.14,71.47 1 1
axonflow/platform/orchestrator/connector_marketplace_handlers.go:72.18,73.46 1 1
axonflow/platform/orchestrator/connector_marketplace_handlers.go:74.10,75.74 1 1
axonflow/platform/orchestrator/connector_marketplace_handlers.go:80.36,83.17 2 1
axonflow/platform/orchestrator/connector_marketplace_handlers.go:83.17,86.17 3 1
axonflow/platform/orchestrator/connector_marketplace_handlers.go:86.17,89.4 2 1
axonflow/platform/orchestrator/connector_marketplace_handlers.go:89.9,99.4 5 0
axonflow/platform/orchestrator/connector_marketplace_handlers.go:100.8,103.3 2 1
axonflow/platform/orchestrator/connector_marketplace_handlers.go:107.49,279.2 1 1
axonflow/platform/orchestrator/connector_marketplace_handlers.go:282.68,288.26 3 1
axonflow/platform/orchestrator/connector_marketplace_handlers.go:288.26,292.16 3 1
axonflow/platform/orchestrator/connector_marketplace_handlers.go:292.16,298.35 4 1
axonflow/platform/orchestrator/connector_marketplace_handlers.go:298.35,301.5 2 1
axonflow/platform/orchestrator/connector_marketplace_handlers.go:305.2,309.17 2 1
axonflow/platform/orchestrator/connector_marketplace_handlers.go:309.17,311.3 1 0
axonflow/platform/orchestrator/connector_marketplace_handlers.go:315.73,322.26 5 1
axonflow/platform/orchestrator/connector_marketplace_handlers.go:322.26,323.36 1 1
axonflow/platform/orchestrator/connector_marketplace_handlers.go:323.36,325.9 2 1
axonflow/platform/orchestrator/connector_marketplace_handlers.go:329.2,329.18 1 1
axonflow/platform/orchestrator/connector_marketplace_handlers.go:329.18,332.3 2 1
axonflow/platform/orchestrator/connector_marketplace_handlers.go:335.2,339.15 4 1
axonflow/platform/orchestrator/connector_marketplace_handlers.go:339.15,345.34 4 1
axonflow/platform/orchestrator/connector_marketplace_handlers.go:345.34,348.4 2 1
axonflow/platform/orchestrator/connector_marketplace_handlers.go:351.2,352.57 2 1
axonflow/platform/orchestrator/connector_marketplace_handlers.go:352.57,354.3 1 0
axonflow/platform/orchestrator/connector_marketplace_handlers.go:358.70,363.61 4 1
axonflow/platform/orchestrator/connector_marketplace_handlers.go:363.61,366.3 2 1
axonflow/platform/orchestrator/connector_marketplace_handlers.go:369.2,371.26 3 1
axonflow/platform/orchestrator/connector_marketplace_handlers.go:371.26,372.36 1 1
axonflow/platform/orchestrator/connector_marketplace_handlers.go:372.36,374.9 2 1
axonflow/platform/orchestrator/connector_marketplace_handlers.go:378.2,378.25 1 1
axonflow/platform/orchestrator/connector_marketplace_handlers.go:378.25,381.3 2 1
axonflow/platform/orchestrator/connector_marketplace_handlers.go:384.2,385.23 2 1
axonflow/platform/orchestrator/connector_marketplace_handlers.go:386.17,387.36 1 0
axonflow/platform/orchestrator/connector_marketplace_handlers.go:388.15,389.40 1 0
axonflow/platform/orchestrator/connector_marketplace_handlers.go:390.14,391.47 1 1
axonflow/platform/orchestrator/connector_marketplace_handlers.go:392.18,393.46 1 0
axonflow/platform/orchestrator/connector_marketplace_handlers.go:394.10,396.9 2 0
axonflow/platform/orchestrator/connector_marketplace_handlers.go:400.2,410.83 2 1
axonflow/platform/orchestrator/connector_marketplace_handlers.go:410.83,413.3 2 0
axonflow/platform/orchestrator/connector_marketplace_handlers.go:415.2,421.17 2 1
axonflow/platform/orchestrator/connector_marketplace_handlers.go:421.17,423.3 1 0
axonflow/platform/orchestrator/connector_marketplace_handlers.go:427.72,431.66 3 1
axonflow/platform/orchestrator/connector_marketplace_handlers.go:431.66,434.3 2 1
axonflow/platform/orchestrator/connector_marketplace_handlers.go:436.2,440.17 2 1
axonflow/platform/orchestrator/connector_marketplace_handlers.go:440.17,442.3 1 0
axonflow/platform/orchestrator/connector_marketplace_handlers.go:446.74,454.16 6 1
axonflow/platform/orchestrator/connector_marketplace_handlers.go:454.16,457.3 2 1
axonflow/platform/orchestrator/connector_marketplace_handlers.go:459.2,460.58 2 1
axonflow/platform/orchestrator/connector_marketplace_handlers.go:460.58,462.3 1 0
axonflow/platform/orchestrator/db_dynamic_policies.go:40.77,42.17 2 1
axonflow/platform/orchestrator/db_dynamic_policies.go:42.17,44.3 1 0
axonflow/platform/orchestrator/db_dynamic_policies.go:47.2,48.16 2 1
axonflow/platform/orchestrator/db_dynamic_policies.go:48.16,50.3 1 0
axonflow/platform/orchestrator/db_dynamic_policies.go:53.2,58.34 4 1
axonflow/platform/orchestrator/db_dynamic_policies.go:58.34,60.3 1 1
axonflow/platform/orchestrator/db_dynamic_policies.go:63.2,64.16 2 0
axonflow/platform/orchestrator/db_dynamic_policies.go:64.16,66.3 1 0
axonflow/platform/orchestrator/db_dynamic_policies.go:67.2,79.50 4 0
axonflow/platform/orchestrator/db_dynamic_policies.go:79.50,81.3 1 0
axonflow/platform/orchestrator/db_dynamic_policies.go:84.2,84.49 1 0
axonflow/platform/orchestrator/db_dynamic_policies.go:84.49,88.3 2 0
axonflow/platform/orchestrator/db_dynamic_policies.go:91.2,96.20 3 0
axonflow/platform/orchestrator/db_dynamic_policies.go:99.64,134.16 3 1
axonflow/platform/orchestrator/db_dynamic_policies.go:134.16,136.3 1 1
axonflow/platform/orchestrator/db_dynamic_policies.go:139.2,141.16 3 1
axonflow/platform/orchestrator/db_dynamic_policies.go:141.16,143.3 1 1
axonflow/platform/orchestrator/db_dynamic_policies.go:145.2,145.16 1 1
axonflow/platform/orchestrator/db_dynamic_policies.go:145.16,147.3 1 1
axonflow/platform/orchestrator/db_dynamic_policies.go:149.2,149.12 1 1
axonflow/platform/orchestrator/db_dynamic_policies.go:152.68,217.35 2 1
axonflow/platform/orchestrator/db_dynamic_policies.go:217.35,233.17 6 1
axonflow/platform/orchestrator/db_dynamic_policies.go:233.17,235.4 1 0
axonflow/platform/orchestrator/db_dynamic_policies.go:238.2,238.12 1 1
axonflow/platform/orchestrator/db_dynamic_policies.go:241.63,250.16 3 1
axonflow/platform/orchestrator/db_dynamic_policies.go:250.16,252.3 1 1
axonflow/platform/orchestrator/db_dynamic_policies.go:253.2,253.15 1 1
axonflow/platform/orchestrator/db_dynamic_policies.go:253.15,253.35 1 1
axonflow/platform/orchestrator/db_dynamic_policies.go:255.2,257.18 2 1
axonflow/platform/orchestrator/db_dynamic_policies.go:257.18,263.17 5 1
axonflow/platform/orchestrator/db_dynamic_policies.go:263.17,265.12 2 0
axonflow/platform/orchestrator/db_dynamic_policies.go:269.3,270.21 2 1
axonflow/platform/orchestrator/db_dynamic_policies.go:270.21,272.4 1 1
axonflow/platform/orchestrator/db_dynamic_policies.go:275.3,292.33 3 1
axonflow/platform/orchestrator/db_dynamic_policies.go:295.2,295.34 1 1
axonflow/platform/orchestrator/db_dynamic_policies.go:295.34,297.3 1 0
axonflow/platform/orchestrator/db_dynamic_policies.go:300.2,306.12 6 1
axonflow/platform/orchestrator/db_dynamic_policies.go:309.59,313.21 3 0
axonflow/platform/orchestrator/db_dynamic_policies.go:313.21,316.20 2 0
axonflow/platform/orchestrator/db_dynamic_policies.go:316.20,320.14 3 0
axonflow/platform/orchestrator/db_dynamic_policies.go:320.14,321.47 1 0
axonflow/platform/orchestrator/db_dynamic_policies.go:321.47,323.6 1 0
axonflow/platform/orchestrator/db_dynamic_policies.go:324.5,326.25 3 0
axonflow/platform/orchestrator/db_dynamic_policies.go:328.9,330.4 1 0
axonflow/platform/orchestrator/db_dynamic_policies.go:334.55,338.21 3 0
axonflow/platform/orchestrator/db_dynamic_policies.go:338.21,347.27 7 0
axonflow/platform/orchestrator/db_dynamic_policies.go:347.27,350.4 2 0
axonflow/platform/orchestrator/db_dynamic_policies.go:350.9,354.39 3 0
axonflow/platform/orchestrator/db_dynamic_policies.go:354.39,356.5 1 0
axonflow/platform/orchestrator/db_dynamic_policies.go:360.3,365.17 2 0
axonflow/platform/orchestrator/db_dynamic_policies.go:365.17,367.4 1 0
axonflow/platform/orchestrator/db_dynamic_policies.go:370.3,370.27 1 0
axonflow/platform/orchestrator/db_dynamic_policies.go:370.27,372.4 1 0
axonflow/platform/orchestrator/db_dynamic_policies.go:372.9,375.4 1 0
axonflow/platform/orchestrator/db_dynamic_policies.go:379.93,384.13 4 1
axonflow/platform/orchestrator/db_dynamic_policies.go:384.13,386.3 1 1
axonflow/platform/orchestrator/db_dynamic_policies.go:388.2,389.9 2 1
axonflow/platform/orchestrator/db_dynamic_policies.go:389.9,391.3 1 0
axonflow/platform/orchestrator/db_dynamic_policies.go:394.2,396.24 2 1
axonflow/platform/orchestrator/db_dynamic_policies.go:399.79,405.31 4 1
axonflow/platform/orchestrator/db_dynamic_policies.go:405.31,407.3 1 1
axonflow/platform/orchestrator/db_dynamic_policies.go:410.2,412.15 2 1
axonflow/platform/orchestrator/db_dynamic_policies.go:415.61,430.2 3 0
axonflow/platform/orchestrator/db_dynamic_policies.go:432.133,452.25 8 1
axonflow/platform/orchestrator/db_dynamic_policies.go:452.25,454.3 1 1
axonflow/platform/orchestrator/db_dynamic_policies.go:455.2,455.47 1 1
axonflow/platform/orchestrator/db_dynamic_policies.go:455.47,457.3 1 0
axonflow/platform/orchestrator/db_dynamic_policies.go:460.2,460.37 1 1
axonflow/platform/orchestrator/db_dynamic_policies.go:460.37,462.10 2 1
axonflow/platform/orchestrator/db_dynamic_policies.go:462.10,463.12 1 0
axonflow/platform/orchestrator/db_dynamic_policies.go:467.3,468.9 2 1
axonflow/platform/orchestrator/db_dynamic_policies.go:468.9,470.60 2 1
axonflow/platform/orchestrator/db_dynamic_policies.go:470.60,471.13 1 1
axonflow/platform/orchestrator/db_dynamic_policies.go:476.3,476.67 1 1
axonflow/platform/orchestrator/db_dynamic_policies.go:476.67,478.68 1 1
axonflow/platform/orchestrator/db_dynamic_policies.go:478.68,479.36 1 1
axonflow/platform/orchestrator/db_dynamic_policies.go:479.36,480.46 1 1
axonflow/platform/orchestrator/db_dynamic_policies.go:480.46,482.7 1 1
axonflow/platform/orchestrator/db_dynamic_policies.go:487.4,487.58 1 1
axonflow/platform/orchestrator/db_dynamic_policies.go:487.58,488.37 1 1
axonflow/platform/orchestrator/db_dynamic_policies.go:488.37,490.6 1 1
axonflow/platform/orchestrator/db_dynamic_policies.go:494.3,494.64 1 1
axonflow/platform/orchestrator/db_dynamic_policies.go:498.2,498.12 1 1
axonflow/platform/orchestrator/db_dynamic_policies.go:498.12,504.17 2 1
axonflow/platform/orchestrator/db_dynamic_policies.go:504.17,506.4 1 0
axonflow/platform/orchestrator/db_dynamic_policies.go:509.2,514.15 3 1
axonflow/platform/orchestrator/db_dynamic_policies.go:517.76,523.39 4 1
axonflow/platform/orchestrator/db_dynamic_policies.go:523.39,525.10 2 1
axonflow/platform/orchestrator/db_dynamic_policies.go:525.10,526.12 1 0
axonflow/platform/orchestrator/db_dynamic_policies.go:529.3,537.74 2 1
axonflow/platform/orchestrator/db_dynamic_policies.go:537.74,538.54 1 1
axonflow/platform/orchestrator/db_dynamic_policies.go:538.54,540.5 1 1
axonflow/platform/orchestrator/db_dynamic_policies.go:541.4,541.58 1 1
axonflow/platform/orchestrator/db_dynamic_policies.go:541.58,543.5 1 1
axonflow/platform/orchestrator/db_dynamic_policies.go:547.3,547.67 1 1
axonflow/platform/orchestrator/db_dynamic_policies.go:547.67,549.28 1 1
axonflow/platform/orchestrator/db_dynamic_policies.go:549.28,555.5 1 1
axonflow/platform/orchestrator/db_dynamic_policies.go:559.3,559.50 1 1
axonflow/platform/orchestrator/db_dynamic_policies.go:559.50,561.4 1 1
axonflow/platform/orchestrator/db_dynamic_policies.go:563.3,563.34 1 1
axonflow/platform/orchestrator/db_dynamic_policies.go:566.2,566.17 1 1
axonflow/platform/orchestrator/db_dynamic_policies.go:569.56,571.17 1 1
axonflow/platform/orchestrator/db_dynamic_policies.go:571.17,573.3 1 0
axonflow/platform/orchestrator/db_dynamic_policies.go:575.2,578.46 3 1
axonflow/platform/orchestrator/db_dynamic_policies.go:578.46,581.3 2 1
axonflow/platform/orchestrator/db_dynamic_policies.go:584.2,589.30 5 1
axonflow/platform/orchestrator/db_dynamic_policies.go:589.30,592.3 2 1
axonflow/platform/orchestrator/db_dynamic_policies.go:594.2,594.22 1 1
axonflow/platform/orchestrator/db_dynamic_policies.go:594.22,597.3 2 1
axonflow/platform/orchestrator/db_dynamic_policies.go:599.2,599.13 1 1
axonflow/platform/orchestrator/db_dynamic_policies.go:602.53,603.17 1 1
axonflow/platform/orchestrator/db_dynamic_policies.go:603.17,605.3 1 1
axonflow/platform/orchestrator/db_dynamic_policies.go:606.2,606.24 1 1
axonflow/platform/orchestrator/db_dynamic_policies.go:606.24,608.3 1 1
axonflow/platform/orchestrator/db_dynamic_policies.go:609.2,609.12 1 1
axonflow/platform/orchestrator/dynamic_policy_engine.go:83.52,91.53 2 1
axonflow/platform/orchestrator/dynamic_policy_engine.go:91.53,93.17 2 0
axonflow/platform/orchestrator/dynamic_policy_engine.go:93.17,95.36 1 0
axonflow/platform/orchestrator/dynamic_policy_engine.go:95.36,101.55 4 0
axonflow/platform/orchestrator/dynamic_policy_engine.go:101.55,103.6 1 0
axonflow/platform/orchestrator/dynamic_policy_engine.go:104.10,106.5 1 0
axonflow/platform/orchestrator/dynamic_policy_engine.go:107.9,109.4 1 0
axonflow/platform/orchestrator/dynamic_policy_engine.go:113.2,115.15 2 1
axonflow/platform/orchestrator/dynamic_policy_engine.go:119.125,124.51 3 1
axonflow/platform/orchestrator/dynamic_policy_engine.go:124.51,126.3 1 0
axonflow/platform/orchestrator/dynamic_policy_engine.go:128.2,138.46 3 1
axonflow/platform/orchestrator/dynamic_policy_engine.go:138.46,141.30 2 0
axonflow/platform/orchestrator/dynamic_policy_engine.go:141.30,143.4 1 0
axonflow/platform/orchestrator/dynamic_policy_engine.go:147.2,152.44 4 1
axonflow/platform/orchestrator/dynamic_policy_engine.go:152.44,153.49 1 1
axonflow/platform/orchestrator/dynamic_policy_engine.go:153.49,157.42 2 1
axonflow/platform/orchestrator/dynamic_policy_engine.go:157.42,159.5 1 1
axonflow/platform/orchestrator/dynamic_policy_engine.go:162.4,162.21 1 1
axonflow/platform/orchestrator/dynamic_policy_engine.go:162.21,164.5 1 0
axonflow/platform/orchestrator/dynamic_policy_engine.go:168.2,173.15 3 1
axonflow/platform/orchestrator/dynamic_policy_engine.go:177.90,178.35 1 1
axonflow/platform/orchestrator/dynamic_policy_engine.go:178.35,180.3 1 1
axonflow/platform/orchestrator/dynamic_policy_engine.go:183.2,190.16 4 1
axonflow/platform/orchestrator/dynamic_policy_engine.go:190.16,192.3 1 1
axonflow/platform/orchestrator/dynamic_policy_engine.go:195.2,199.31 4 1
axonflow/platform/orchestrator/dynamic_policy_engine.go:199.31,200.29 1 1
axonflow/platform/orchestrator/dynamic_policy_engine.go:200.29,202.4 1 1
axonflow/platform/orchestrator/dynamic_policy_engine.go:204.2,204.23 1 1
axonflow/platform/orchestrator/dynamic_policy_engine.go:208.83,209.35 1 1
axonflow/platform/orchestrator/dynamic_policy_engine.go:209.35,211.3 1 1
axonflow/platform/orchestrator/dynamic_policy_engine.go:214.2,223.14 3 1
axonflow/platform/orchestrator/dynamic_policy_engine.go:223.14,225.3 1 1
axonflow/platform/orchestrator/dynamic_policy_engine.go:227.2,228.16 2 1
axonflow/platform/orchestrator/dynamic_policy_engine.go:228.16,230.3 1 1
axonflow/platform/orchestrator/dynamic_policy_engine.go:234.151,236.46 1 1
axonflow/platform/orchestrator/dynamic_policy_engine.go:236.46,237.51 1 1
axonflow/platform/orchestrator/dynamic_policy_engine.go:237.51,239.4 1 1
axonflow/platform/orchestrator/dynamic_policy_engine.go:241.2,241.13 1 1
axonflow/platform/orchestrator/dynamic_policy_engine.go:245.138,248.28 2 1
axonflow/platform/orchestrator/dynamic_policy_engine.go:249.18,250.113 1 1
axonflow/platform/orchestrator/dynamic_policy_engine.go:251.16,252.63 1 1
axonflow/platform/orchestrator/dynamic_policy_engine.go:253.20,254.63 1 1
axonflow/platform/orchestrator/dynamic_policy_engine.go:255.22,256.58 1 1
axonflow/platform/orchestrator/dynamic_policy_engine.go:257.19,258.58 1 1
axonflow/platform/orchestrator/dynamic_policy_engine.go:259.15,260.73 1 1
axonflow/platform/orchestrator/dynamic_policy_engine.go:261.12,262.47 1 1
axonflow/platform/orchestrator/dynamic_policy_engine.go:263.10,265.15 2 1
axonflow/platform/orchestrator/dynamic_policy_engine.go:270.128,273.18 2 1
axonflow/platform/orchestrator/dynamic_policy_engine.go:274.15,275.19 1 1
axonflow/platform/orchestrator/dynamic_policy_engine.go:276.22,277.25 1 1
axonflow/platform/orchestrator/dynamic_policy_engine.go:278.14,279.21 1 1
axonflow/platform/orchestrator/dynamic_policy_engine.go:279.21,280.20 1 1
axonflow/platform/orchestrator/dynamic_policy_engine.go:281.16,282.25 1 1
axonflow/platform/orchestrator/dynamic_policy_engine.go:283.17,284.26 1 1
axonflow/platform/orchestrator/dynamic_policy_engine.go:285.21,286.29 1 1
axonflow/platform/orchestrator/dynamic_policy_engine.go:287.23,288.32 1 0
axonflow/platform/orchestrator/dynamic_policy_engine.go:291.3,291.18 1 0
axonflow/platform/orchestrator/dynamic_policy_engine.go:292.16,293.21 1 1
axonflow/platform/orchestrator/dynamic_policy_engine.go:293.21,294.20 1 1
axonflow/platform/orchestrator/dynamic_policy_engine.go:295.14,296.25 1 1
axonflow/platform/orchestrator/dynamic_policy_engine.go:297.16,298.27 1 1
axonflow/platform/orchestrator/dynamic_policy_engine.go:301.3,301.20 1 0
axonflow/platform/orchestrator/dynamic_policy_engine.go:302.20,303.26 1 1
axonflow/platform/orchestrator/dynamic_policy_engine.go:304.17,305.21 1 1
axonflow/platform/orchestrator/dynamic_policy_engine.go:305.21,307.4 1 1
axonflow/platform/orchestrator/dynamic_policy_engine.go:308.3,308.21 1 0
axonflow/platform/orchestrator/dynamic_policy_engine.go:309.10,310.13 1 1
axonflow/platform/orchestrator/dynamic_policy_engine.go:315.148,316.21 1 1
axonflow/platform/orchestrator/dynamic_policy_engine.go:317.15,319.57 2 1
axonflow/platform/orchestrator/dynamic_policy_engine.go:319.57,321.4 1 1
axonflow/platform/orchestrator/dynamic_policy_engine.go:322.16,323.106 1 1
axonflow/platform/orchestrator/dynamic_policy_engine.go:324.15,326.87 1 1
axonflow/platform/orchestrator/dynamic_policy_engine.go:327.13,329.79 1 0
axonflow/platform/orchestrator/dynamic_policy_engine.go:330.21,331.62 1 1
axonflow/platform/orchestrator/dynamic_policy_engine.go:331.62,333.4 1 1
axonflow/platform/orchestrator/dynamic_policy_engine.go:338.94,341.36 2 1
axonflow/platform/orchestrator/dynamic_policy_engine.go:341.36,342.22 1 1
axonflow/platform/orchestrator/dynamic_policy_engine.go:342.22,343.12 1 1
axonflow/platform/orchestrator/dynamic_policy_engine.go:347.3,347.68 1 1
axonflow/platform/orchestrator/dynamic_policy_engine.go:347.68,348.12 1 1
axonflow/platform/orchestrator/dynamic_policy_engine.go:351.3,351.42 1 1
axonflow/platform/orchestrator/dynamic_policy_engine.go:357.2,357.19 1 1
axonflow/platform/orchestrator/dynamic_policy_engine.go:361.68,366.36 4 1
axonflow/platform/orchestrator/dynamic_policy_engine.go:366.36,367.21 1 1
axonflow/platform/orchestrator/dynamic_policy_engine.go:367.21,369.4 1 1
axonflow/platform/orchestrator/dynamic_policy_engine.go:371.2,371.15 1 1
axonflow/platform/orchestrator/dynamic_policy_engine.go:375.48,379.2 3 1
axonflow/platform/orchestrator/dynamic_policy_engine.go:382.80,385.2 1 1
axonflow/platform/orchestrator/dynamic_policy_engine.go:388.58,389.35 1 1
axonflow/platform/orchestrator/dynamic_policy_engine.go:389.35,391.3 1 1
axonflow/platform/orchestrator/dynamic_policy_engine.go:393.2,404.16 3 1
axonflow/platform/orchestrator/dynamic_policy_engine.go:404.16,406.3 1 1
axonflow/platform/orchestrator/dynamic_policy_engine.go:407.2,407.15 1 1
axonflow/platform/orchestrator/dynamic_policy_engine.go:407.15,407.35 1 1
axonflow/platform/orchestrator/dynamic_policy_engine.go:409.2,412.18 3 1
axonflow/platform/orchestrator/dynamic_policy_engine.go:412.18,430.17 4 1
axonflow/platform/orchestrator/dynamic_policy_engine.go:430.17,432.12 2 0
axonflow/platform/orchestrator/dynamic_policy_engine.go:436.3,436.76 1 1
axonflow/platform/orchestrator/dynamic_policy_engine.go:436.76,438.12 2 1
axonflow/platform/orchestrator/dynamic_policy_engine.go:441.3,441.70 1 1
axonflow/platform/orchestrator/dynamic_policy_engine.go:441.70,443.12 2 0
axonflow/platform/orchestrator/dynamic_policy_engine.go:446.3,446.21 1 1
axonflow/platform/orchestrator/dynamic_policy_engine.go:446.21,448.4 1 1
axonflow/platform/orchestrator/dynamic_policy_engine.go:450.3,451.19 2 1
axonflow/platform/orchestrator/dynamic_policy_engine.go:454.2,454.35 1 1
axonflow/platform/orchestrator/dynamic_policy_engine.go:454.35,456.3 1 0
axonflow/platform/orchestrator/dynamic_policy_engine.go:459.2,473.12 9 1
axonflow/platform/orchestrator/dynamic_policy_engine.go:477.69,478.35 1 1
axonflow/platform/orchestrator/dynamic_policy_engine.go:478.35,480.3 1 1
axonflow/platform/orchestrator/dynamic_policy_engine.go:482.2,488.16 3 1
axonflow/platform/orchestrator/dynamic_policy_engine.go:488.16,490.3 1 1
axonflow/platform/orchestrator/dynamic_policy_engine.go:494.55,498.21 3 1
axonflow/platform/orchestrator/dynamic_policy_engine.go:498.21,499.20 1 0
axonflow/platform/orchestrator/dynamic_policy_engine.go:499.20,500.49 1 0
axonflow/platform/orchestrator/dynamic_policy_engine.go:500.49,502.5 1 0
axonflow/platform/orchestrator/dynamic_policy_engine.go:503.9,505.4 1 0
axonflow/platform/orchestrator/dynamic_policy_engine.go:510.42,524.2 1 1
axonflow/platform/orchestrator/dynamic_policy_engine.go:526.78,530.46 2 1
axonflow/platform/orchestrator/dynamic_policy_engine.go:530.46,531.37 1 1
axonflow/platform/orchestrator/dynamic_policy_engine.go:531.37,533.4 1 1
axonflow/platform/orchestrator/dynamic_policy_engine.go:537.2,537.30 1 1
axonflow/platform/orchestrator/dynamic_policy_engine.go:537.30,539.3 1 1
axonflow/platform/orchestrator/dynamic_policy_engine.go:542.2,542.62 1 1
axonflow/platform/orchestrator/dynamic_policy_engine.go:542.62,544.3 1 1
axonflow/platform/orchestrator/dynamic_policy_engine.go:547.2,547.17 1 1
axonflow/platform/orchestrator/dynamic_policy_engine.go:547.17,549.3 1 1
axonflow/platform/orchestrator/dynamic_policy_engine.go:551.2,551.14 1 1
axonflow/platform/orchestrator/dynamic_policy_engine.go:555.53,564.2 3 1
axonflow/platform/orchestrator/dynamic_policy_engine.go:566.59,568.2 1 1
axonflow/platform/orchestrator/dynamic_policy_engine.go:570.58,572.2 1 1
axonflow/platform/orchestrator/dynamic_policy_engine.go:574.40,578.21 3 1
axonflow/platform/orchestrator/dynamic_policy_engine.go:578.21,581.3 1 0
axonflow/platform/orchestrator/dynamic_policy_engine.go:585.61,589.18 3 1
axonflow/platform/orchestrator/dynamic_policy_engine.go:589.18,591.3 1 1
axonflow/platform/orchestrator/dynamic_policy_engine.go:593.2,593.18 1 1
axonflow/platform/orchestrator/dynamic_policy_engine.go:594.11,595.25 1 1
axonflow/platform/orchestrator/dynamic_policy_engine.go:596.11,597.25 1 1
axonflow/platform/orchestrator/dynamic_policy_engine.go:598.12,599.26 1 1
axonflow/platform/orchestrator/dynamic_policy_engine.go:600.12,601.26 1 1
axonflow/platform/orchestrator/dynamic_policy_engine.go:602.10,603.15 1 0
axonflow/platform/orchestrator/dynamic_policy_engine.go:607.47,608.25 1 1
axonflow/platform/orchestrator/dynamic_policy_engine.go:609.15,610.19 1 1
axonflow/platform/orchestrator/dynamic_policy_engine.go:611.15,612.28 1 1
axonflow/platform/orchestrator/dynamic_policy_engine.go:613.11,614.28 1 1
axonflow/platform/orchestrator/dynamic_policy_engine.go:615.13,616.28 1 1
axonflow/platform/orchestrator/dynamic_policy_engine.go:617.10,618.18 1 1
axonflow/platform/orchestrator/dynamic_policy_engine.go:622.44,624.16 2 1
axonflow/platform/orchestrator/dynamic_policy_engine.go:624.16,627.3 2 1
axonflow/platform/orchestrator/dynamic_policy_engine.go:628.2,628.16 1 1
axonflow/platform/orchestrator/dynamic_policy_engine.go:631.57,632.27 1 1
axonflow/platform/orchestrator/dynamic_policy_engine.go:633.16,634.23 1 1
axonflow/platform/orchestrator/dynamic_policy_engine.go:634.23,635.29 1 1
axonflow/platform/orchestrator/dynamic_policy_engine.go:635.29,637.5 1 1
axonflow/platform/orchestrator/dynamic_policy_engine.go:639.21,640.23 1 1
axonflow/platform/orchestrator/dynamic_policy_engine.go:640.23,641.41 1 1
axonflow/platform/orchestrator/dynamic_policy_engine.go:641.41,643.5 1 1
axonflow/platform/orchestrator/dynamic_policy_engine.go:646.2,646.14 1 1
axonflow/platform/orchestrator/llm_router.go:96.54,106.28 2 1
axonflow/platform/orchestrator/llm_router.go:106.28,109.3 2 1
axonflow/platform/orchestrator/llm_router.go:111.2,111.31 1 1
axonflow/platform/orchestrator/llm_router.go:111.31,114.3 2 1
axonflow/platform/orchestrator/llm_router.go:116.2,116.32 1 1
axonflow/platform/orchestrator/llm_router.go:116.32,118.17 2 1
axonflow/platform/orchestrator/llm_router.go:118.17,121.4 2 0
axonflow/platform/orchestrator/llm_router.go:121.9,124.4 2 1
axonflow/platform/orchestrator/llm_router.go:128.2,129.56 2 1
axonflow/platform/orchestrator/llm_router.go:129.56,131.3 1 1
axonflow/platform/orchestrator/llm_router.go:133.2,133.26 1 1
axonflow/platform/orchestrator/llm_router.go:133.26,136.3 2 1
axonflow/platform/orchestrator/llm_router.go:139.2,144.15 3 1
axonflow/platform/orchestrator/llm_router.go:148.63,156.28 5 1
axonflow/platform/orchestrator/llm_router.go:156.28,158.41 2 1
axonflow/platform/orchestrator/llm_router.go:158.41,160.4 1 1
axonflow/platform/orchestrator/llm_router.go:160.9,162.4 1 0
axonflow/platform/orchestrator/llm_router.go:165.2,165.31 1 1
axonflow/platform/orchestrator/llm_router.go:165.31,167.44 2 1
axonflow/platform/orchestrator/llm_router.go:167.44,169.4 1 1
axonflow/platform/orchestrator/llm_router.go:169.9,171.4 1 0
axonflow/platform/orchestrator/llm_router.go:174.2,174.32 1 1
axonflow/platform/orchestrator/llm_router.go:174.32,176.42 2 1
axonflow/platform/orchestrator/llm_router.go:176.42,178.4 1 1
axonflow/platform/orchestrator/llm_router.go:178.9,180.4 1 0
axonflow/platform/orchestrator/llm_router.go:183.2,183.63 1 1
axonflow/platform/orchestrator/llm_router.go:183.63,185.41 2 1
axonflow/platform/orchestrator/llm_router.go:185.41,187.4 1 1
axonflow/platform/orchestrator/llm_router.go:187.9,189.4 1 0
axonflow/platform/orchestrator/llm_router.go:192.2,194.21 3 1
axonflow/platform/orchestrator/llm_router.go:194.21,196.3 1 0
axonflow/platform/orchestrator/llm_router.go:198.2,198.25 1 1
axonflow/platform/orchestrator/llm_router.go:198.25,200.3 1 1
axonflow/platform/orchestrator/llm_router.go:202.2,202.70 1 1
axonflow/platform/orchestrator/llm_router.go:206.117,209.16 2 1
axonflow/platform/orchestrator/llm_router.go:209.16,211.3 1 0
axonflow/platform/orchestrator/llm_router.go:214.2,217.24 2 1
axonflow/platform/orchestrator/llm_router.go:217.24,218.90 1 1
axonflow/platform/orchestrator/llm_router.go:218.90,220.4 1 1
axonflow/platform/orchestrator/llm_router.go:223.2,237.16 5 1
axonflow/platform/orchestrator/llm_router.go:237.16,242.90 2 1
axonflow/platform/orchestrator/llm_router.go:242.90,248.18 5 1
axonflow/platform/orchestrator/llm_router.go:248.18,250.5 1 1
axonflow/platform/orchestrator/llm_router.go:251.4,251.31 1 1
axonflow/platform/orchestrator/llm_router.go:252.9,254.4 1 1
axonflow/platform/orchestrator/llm_router.go:258.2,276.28 6 1
axonflow/platform/orchestrator/llm_router.go:276.28,278.3 1 0
axonflow/platform/orchestrator/llm_router.go:280.2,280.35 1 1
axonflow/platform/orchestrator/llm_router.go:280.35,281.13 1 0
axonflow/platform/orchestrator/llm_router.go:281.13,284.24 3 0
axonflow/platform/orchestrator/llm_router.go:284.24,286.5 1 0
axonflow/platform/orchestrator/llm_router.go:290.4,308.18 5 0
axonflow/platform/orchestrator/llm_router.go:308.18,310.5 1 0
axonflow/platform/orchestrator/llm_router.go:314.2,314.36 1 1
axonflow/platform/orchestrator/llm_router.go:318.82,323.92 3 1
axonflow/platform/orchestrator/llm_router.go:323.92,324.100 1 1
axonflow/platform/orchestrator/llm_router.go:324.100,326.4 1 1
axonflow/platform/orchestrator/llm_router.go:328.3,328.108 1 0
axonflow/platform/orchestrator/llm_router.go:332.2,333.42 2 1
axonflow/platform/orchestrator/llm_router.go:333.42,334.27 1 1
axonflow/platform/orchestrator/llm_router.go:334.27,336.4 1 1
axonflow/platform/orchestrator/llm_router.go:339.2,339.32 1 1
axonflow/platform/orchestrator/llm_router.go:339.32,341.3 1 1
axonflow/platform/orchestrator/llm_router.go:344.2,344.43 1 1
axonflow/platform/orchestrator/llm_router.go:344.43,346.83 1 1
axonflow/platform/orchestrator/llm_router.go:346.83,348.4 1 1
axonflow/platform/orchestrator/llm_router.go:349.3,349.80 1 0
axonflow/platform/orchestrator/llm_router.go:349.80,351.4 1 0
axonflow/platform/orchestrator/llm_router.go:354.2,354.77 1 1
axonflow/platform/orchestrator/llm_router.go:354.77,356.79 1 1
axonflow/platform/orchestrator/llm_router.go:356.79,358.4 1 1
axonflow/platform/orchestrator/llm_router.go:362.2,363.35 2 1
axonflow/platform/orchestrator/llm_router.go:367.86,368.22 1 1
axonflow/platform/orchestrator/llm_router.go:369.16,370.43 1 1
axonflow/platform/orchestrator/llm_router.go:370.43,372.4 1 1
axonflow/platform/orchestrator/llm_router.go:373.3,373.25 1 1
axonflow/platform/orchestrator/llm_router.go:374.19,375.38 1 1
axonflow/platform/orchestrator/llm_router.go:376.17,380.12 1 0
axonflow/platform/orchestrator/llm_router.go:381.16,383.12 1 0
axonflow/platform/orchestrator/llm_router.go:384.15,385.18 1 1
axonflow/platform/orchestrator/llm_router.go:386.10,387.12 1 1
axonflow/platform/orchestrator/llm_router.go:392.65,407.2 7 1
axonflow/platform/orchestrator/llm_router.go:410.76,414.42 3 1
axonflow/platform/orchestrator/llm_router.go:414.42,415.53 1 1
axonflow/platform/orchestrator/llm_router.go:415.53,417.4 1 1
axonflow/platform/orchestrator/llm_router.go:419.2,419.12 1 1
axonflow/platform/orchestrator/llm_router.go:423.67,429.42 4 1
axonflow/platform/orchestrator/llm_router.go:429.42,440.3 2 1
axonflow/platform/orchestrator/llm_router.go:442.2,442.15 1 1
axonflow/platform/orchestrator/llm_router.go:446.77,452.40 4 1
axonflow/platform/orchestrator/llm_router.go:452.40,453.50 1 1
axonflow/platform/orchestrator/llm_router.go:453.50,455.4 1 1
axonflow/platform/orchestrator/llm_router.go:456.3,456.31 1 1
axonflow/platform/orchestrator/llm_router.go:456.31,458.4 1 1
axonflow/platform/orchestrator/llm_router.go:459.3,459.18 1 1
axonflow/platform/orchestrator/llm_router.go:462.2,462.34 1 1
axonflow/platform/orchestrator/llm_router.go:462.34,464.3 1 1
axonflow/platform/orchestrator/llm_router.go:467.2,467.40 1 1
axonflow/platform/orchestrator/llm_router.go:467.40,469.3 1 1
axonflow/platform/orchestrator/llm_router.go:471.2,471.12 1 1
axonflow/platform/orchestrator/llm_router.go:475.38,479.39 3 1
axonflow/platform/orchestrator/llm_router.go:479.39,480.27 1 1
axonflow/platform/orchestrator/llm_router.go:480.27,482.4 1 1
axonflow/platform/orchestrator/llm_router.go:484.2,484.14 1 1
axonflow/platform/orchestrator/llm_router.go:488.42,492.21 3 1
axonflow/platform/orchestrator/llm_router.go:492.21,495.33 3 0
axonflow/platform/orchestrator/llm_router.go:495.33,497.4 1 0
axonflow/platform/orchestrator/llm_router.go:498.3,500.38 2 0
axonflow/platform/orchestrator/llm_router.go:500.38,502.4 1 0
axonflow/platform/orchestrator/llm_router.go:515.40,517.2 1 1
axonflow/platform/orchestrator/llm_router.go:519.112,533.16 4 1
axonflow/platform/orchestrator/llm_router.go:533.16,535.3 1 0
axonflow/platform/orchestrator/llm_router.go:537.2,538.16 2 1
axonflow/platform/orchestrator/llm_router.go:538.16,540.3 1 0
axonflow/platform/orchestrator/llm_router.go:542.2,546.16 4 1
axonflow/platform/orchestrator/llm_router.go:546.16,548.3 1 0
axonflow/platform/orchestrator/llm_router.go:549.2,549.15 1 1
axonflow/platform/orchestrator/llm_router.go:549.15,550.43 1 1
axonflow/platform/orchestrator/llm_router.go:550.43,552.4 1 0
axonflow/platform/orchestrator/llm_router.go:555.2,555.28 1 1
axonflow/platform/orchestrator/llm_router.go:555.28,558.3 2 1
axonflow/platform/orchestrator/llm_router.go:560.2,571.71 2 0
axonflow/platform/orchestrator/llm_router.go:571.71,573.3 1 0
axonflow/platform/orchestrator/llm_router.go:575.2,576.33 2 0
axonflow/platform/orchestrator/llm_router.go:576.33,578.3 1 0
axonflow/platform/orchestrator/llm_router.go:580.2,586.8 1 0
axonflow/platform/orchestrator/llm_router.go:589.43,591.2 1 1
axonflow/platform/orchestrator/llm_router.go:593.53,595.2 1 1
axonflow/platform/orchestrator/llm_router.go:597.59,599.2 1 1
axonflow/platform/orchestrator/llm_router.go:608.43,610.2 1 1
axonflow/platform/orchestrator/llm_router.go:612.115,626.16 4 1
axonflow/platform/orchestrator/llm_router.go:626.16,628.3 1 0
axonflow/platform/orchestrator/llm_router.go:630.2,631.16 2 1
axonflow/platform/orchestrator/llm_router.go:631.16,633.3 1 0
axonflow/platform/orchestrator/llm_router.go:635.2,640.16 5 1
axonflow/platform/orchestrator/llm_router.go:640.16,642.3 1 0
axonflow/platform/orchestrator/llm_router.go:643.2,643.15 1 1
axonflow/platform/orchestrator/llm_router.go:643.15,644.43 1 1
axonflow/platform/orchestrator/llm_router.go:644.43,646.4 1 0
axonflow/platform/orchestrator/llm_router.go:649.2,649.28 1 1
axonflow/platform/orchestrator/llm_router.go:649.28,652.3 2 1
axonflow/platform/orchestrator/llm_router.go:654.2,664.74 2 0
axonflow/platform/orchestrator/llm_router.go:664.74,666.3 1 0
axonflow/platform/orchestrator/llm_router.go:668.2,669.36 2 0
axonflow/platform/orchestrator/llm_router.go:669.36,671.3 1 0
axonflow/platform/orchestrator/llm_router.go:673.2,679.8 1 0
axonflow/platform/orchestrator/llm_router.go:682.46,684.2 1 1
axonflow/platform/orchestrator/llm_router.go:686.56,688.2 1 1
axonflow/platform/orchestrator/llm_router.go:690.62,692.2 1 1
axonflow/platform/orchestrator/llm_router.go:704.41,706.2 1 1
axonflow/platform/orchestrator/llm_router.go:708.113,713.17 3 1
axonflow/platform/orchestrator/llm_router.go:713.17,715.3 1 0
axonflow/platform/orchestrator/llm_router.go:718.2,719.16 2 1
axonflow/platform/orchestrator/llm_router.go:719.16,721.3 1 0
axonflow/platform/orchestrator/llm_router.go:724.2,725.16 2 1
axonflow/platform/orchestrator/llm_router.go:725.16,727.3 1 0
axonflow/platform/orchestrator/llm_router.go:730.2,736.16 2 1
axonflow/platform/orchestrator/llm_router.go:736.16,740.3 3 0
axonflow/platform/orchestrator/llm_router.go:742.2,746.16 3 1
axonflow/platform/orchestrator/llm_router.go:746.16,748.3 1 0
axonflow/platform/orchestrator/llm_router.go:750.2,755.22 5 1
axonflow/platform/orchestrator/llm_router.go:759.127,762.16 2 1
axonflow/platform/orchestrator/llm_router.go:763.19,771.9 1 1
axonflow/platform/orchestrator/llm_router.go:772.16,780.9 1 1
axonflow/platform/orchestrator/llm_router.go:781.14,787.9 1 1
axonflow/platform/orchestrator/llm_router.go:788.17,794.9 1 1
axonflow/platform/orchestrator/llm_router.go:795.10,796.65 1 1
axonflow/platform/orchestrator/llm_router.go:801.94,804.16 2 1
axonflow/platform/orchestrator/llm_router.go:805.19,806.40 1 1
axonflow/platform/orchestrator/llm_router.go:807.16,808.42 1 1
axonflow/platform/orchestrator/llm_router.go:809.14,810.40 1 1
axonflow/platform/orchestrator/llm_router.go:811.17,812.38 1 1
axonflow/platform/orchestrator/llm_router.go:813.10,814.65 1 1
axonflow/platform/orchestrator/llm_router.go:819.85,830.52 2 1
axonflow/platform/orchestrator/llm_router.go:830.52,832.3 1 1
axonflow/platform/orchestrator/llm_router.go:834.2,835.27 2 1
axonflow/platform/orchestrator/llm_router.go:835.27,837.3 1 1
axonflow/platform/orchestrator/llm_router.go:839.2,846.8 1 1
axonflow/platform/orchestrator/llm_router.go:850.87,859.52 2 1
axonflow/platform/orchestrator/llm_router.go:859.52,861.3 1 1
axonflow/platform/orchestrator/llm_router.go:863.2,865.27 3 1
axonflow/platform/orchestrator/llm_router.go:865.27,868.3 2 1
axonflow/platform/orchestrator/llm_router.go:870.2,877.8 1 1
axonflow/platform/orchestrator/llm_router.go:881.85,888.52 2 1
axonflow/platform/orchestrator/llm_router.go:888.52,890.3 1 1
axonflow/platform/orchestrator/llm_router.go:892.2,899.8 1 1
axonflow/platform/orchestrator/llm_router.go:903.83,910.52 2 1
axonflow/platform/orchestrator/llm_router.go:910.52,912.3 1 1
axonflow/platform/orchestrator/llm_router.go:914.2,915.27 2 1
axonflow/platform/orchestrator/llm_router.go:915.27,917.3 1 1
axonflow/platform/orchestrator/llm_router.go:919.2,923.8 1 1
axonflow/platform/orchestrator/llm_router.go:927.54,935.23 1 1
axonflow/platform/orchestrator/llm_router.go:935.23,937.3 1 1
axonflow/platform/orchestrator/llm_router.go:939.2,939.28 1 1
axonflow/platform/orchestrator/llm_router.go:939.28,940.15 1 1
axonflow/platform/orchestrator/llm_router.go:940.15,942.4 1 1
axonflow/platform/orchestrator/llm_router.go:944.2,944.11 1 1
axonflow/platform/orchestrator/llm_router.go:947.44,949.2 1 1
axonflow/platform/orchestrator/llm_router.go:951.54,953.2 1 1
axonflow/platform/orchestrator/llm_router.go:955.60,958.2 1 1
axonflow/platform/orchestrator/llm_router.go:968.40,970.2 1 1
axonflow/platform/orchestrator/llm_router.go:972.112,976.17 3 1
axonflow/platform/orchestrator/llm_router.go:976.17,978.3 1 1
axonflow/platform/orchestrator/llm_router.go:981.2,992.16 3 1
axonflow/platform/orchestrator/llm_router.go:992.16,994.3 1 0
axonflow/platform/orchestrator/llm_router.go:996.2,997.16 2 1
axonflow/platform/orchestrator/llm_router.go:997.16,999.3 1 0
axonflow/platform/orchestrator/llm_router.go:1001.2,1004.16 3 1
axonflow/platform/orchestrator/llm_router.go:1004.16,1006.3 1 1
axonflow/platform/orchestrator/llm_router.go:1007.2,1007.15 1 1
axonflow/platform/orchestrator/llm_router.go:1007.15,1008.43 1 1
axonflow/platform/orchestrator/llm_router.go:1008.43,1010.4 1 0
axonflow/platform/orchestrator/llm_router.go:1013.2,1013.28 1 1
axonflow/platform/orchestrator/llm_router.go:1013.28,1016.3 2 1
axonflow/platform/orchestrator/llm_router.go:1018.2,1023.71 2 1
axonflow/platform/orchestrator/llm_router.go:1023.71,1025.3 1 1
axonflow/platform/orchestrator/llm_router.go:1027.2,1033.8 1 1
axonflow/platform/orchestrator/llm_router.go:1036.43,1038.2 1 1
axonflow/platform/orchestrator/llm_router.go:1040.53,1042.2 1 1
axonflow/platform/orchestrator/llm_router.go:1044.59,1046.2 1 1
axonflow/platform/orchestrator/llm_router.go:1056.51,1057.18 1 1
axonflow/platform/orchestrator/llm_router.go:1057.18,1064.3 1 1
axonflow/platform/orchestrator/llm_router.go:1065.2,1069.3 1 1
axonflow/platform/orchestrator/llm_router.go:1072.54,1073.18 1 1
axonflow/platform/orchestrator/llm_router.go:1073.18,1080.3 1 1
axonflow/platform/orchestrator/llm_router.go:1081.2,1085.3 1 1
axonflow/platform/orchestrator/llm_router.go:1092.68,1093.18 1 1
axonflow/platform/orchestrator/llm_router.go:1093.18,1095.3 1 1
axonflow/platform/orchestrator/llm_router.go:1096.2,1096.17 1 1
axonflow/platform/orchestrator/llm_router.go:1096.17,1098.3 1 1
axonflow/platform/orchestrator/llm_router.go:1101.2,1104.16 2 1
axonflow/platform/orchestrator/llm_router.go:1104.16,1106.3 1 0
axonflow/platform/orchestrator/llm_router.go:1109.2,1117.8 3 1
axonflow/platform/orchestrator/llm_router.go:1120.60,1121.20 1 1
axonflow/platform/orchestrator/llm_router.go:1121.20,1123.3 1 1
axonflow/platform/orchestrator/llm_router.go:1124.2,1124.17 1 1
axonflow/platform/orchestrator/llm_router.go:1124.17,1126.3 1 1
axonflow/platform/orchestrator/llm_router.go:1127.2,1132.3 1 1
axonflow/platform/orchestrator/llm_router.go:1135.55,1138.2 1 0
axonflow/platform/orchestrator/llm_router.go:1140.38,1142.2 1 1
axonflow/platform/orchestrator/llm_router.go:1144.110,1154.2 2 1
axonflow/platform/orchestrator/llm_router.go:1156.41,1158.2 1 1
axonflow/platform/orchestrator/llm_router.go:1160.51,1161.16 1 1
axonflow/platform/orchestrator/llm_router.go:1162.16,1163.48 1 1
axonflow/platform/orchestrator/llm_router.go:1164.19,1165.54 1 1
axonflow/platform/orchestrator/llm_router.go:1166.15,1167.43 1 0
axonflow/platform/orchestrator/llm_router.go:1168.10,1169.26 1 1
axonflow/platform/orchestrator/llm_router.go:1173.57,1174.16 1 1
axonflow/platform/orchestrator/llm_router.go:1175.16,1176.35 1 1
axonflow/platform/orchestrator/llm_router.go:1177.19,1178.35 1 1
axonflow/platform/orchestrator/llm_router.go:1179.15,1180.11 1 0
axonflow/platform/orchestrator/llm_router.go:1181.10,1182.11 1 1
axonflow/platform/orchestrator/llm_router.go:1192.40,1194.2 1 1
axonflow/platform/orchestrator/llm_router.go:1196.66,1199.2 1 1
axonflow/platform/orchestrator/llm_router.go:1205.38,1209.2 1 1
axonflow/platform/orchestrator/llm_router.go:1211.94,1214.30 2 1
axonflow/platform/orchestrator/llm_router.go:1214.30,1216.3 1 1
axonflow/platform/orchestrator/llm_router.go:1218.2,1220.30 2 1
axonflow/platform/orchestrator/llm_router.go:1220.30,1222.13 2 1
axonflow/platform/orchestrator/llm_router.go:1222.13,1224.4 1 1
axonflow/platform/orchestrator/llm_router.go:1227.2,1227.21 1 0
axonflow/platform/orchestrator/llm_router.go:1236.58,1240.2 1 1
axonflow/platform/orchestrator/llm_router.go:1242.88,1246.47 3 1
axonflow/platform/orchestrator/llm_router.go:1246.47,1248.3 1 1
axonflow/platform/orchestrator/llm_router.go:1250.2,1255.24 3 1
axonflow/platform/orchestrator/llm_router.go:1255.24,1260.3 3 1
axonflow/platform/orchestrator/llm_router.go:1263.63,1267.47 3 1
axonflow/platform/orchestrator/llm_router.go:1267.47,1269.3 1 1
axonflow/platform/orchestrator/llm_router.go:1271.2,1271.34 1 1
axonflow/platform/orchestrator/llm_router.go:1274.78,1278.46 3 1
axonflow/platform/orchestrator/llm_router.go:1278.46,1280.3 1 1
axonflow/platform/orchestrator/llm_router.go:1281.2,1281.26 1 1
axonflow/platform/orchestrator/main.go:156.13,163.2 5 1
axonflow/platform/orchestrator/main.go:223.38,242.33 8 1
axonflow/platform/orchestrator/main.go:242.33,244.3 1 1
axonflow/platform/orchestrator/main.go:246.2,247.28 2 1
axonflow/platform/orchestrator/main.go:247.28,249.3 1 1
axonflow/platform/orchestrator/main.go:250.2,250.31 1 1
axonflow/platform/orchestrator/main.go:250.31,252.3 1 1
axonflow/platform/orchestrator/main.go:253.2,253.32 1 1
axonflow/platform/orchestrator/main.go:253.32,255.3 1 1
axonflow/platform/orchestrator/main.go:256.2,256.33 1 1
axonflow/platform/orchestrator/main.go:256.33,258.3 1 1
axonflow/platform/orchestrator/main.go:259.2,259.63 1 1
axonflow/platform/orchestrator/main.go:259.63,261.3 1 1
axonflow/platform/orchestrator/main.go:263.2,263.15 1 1
axonflow/platform/orchestrator/main.go:266.24,267.11 1 1
axonflow/platform/orchestrator/main.go:267.11,269.3 1 1
axonflow/platform/orchestrator/main.go:270.2,270.10 1 1
axonflow/platform/orchestrator/main.go:273.13,280.29 3 0
axonflow/platform/orchestrator/main.go:280.29,282.3 1 0
axonflow/platform/orchestrator/main.go:283.2,283.24 1 0
axonflow/platform/orchestrator/main.go:283.24,285.3 1 0
axonflow/platform/orchestrator/main.go:288.2,357.51 38 0
axonflow/platform/orchestrator/main.go:360.29,373.38 8 0
axonflow/platform/orchestrator/main.go:373.38,375.19 1 0
axonflow/platform/orchestrator/main.go:375.19,377.4 1 0
axonflow/platform/orchestrator/main.go:378.3,378.19 1 0
axonflow/platform/orchestrator/main.go:378.19,380.4 1 0
axonflow/platform/orchestrator/main.go:381.3,381.19 1 0
axonflow/platform/orchestrator/main.go:381.19,383.4 1 0
axonflow/platform/orchestrator/main.go:384.3,384.22 1 0
axonflow/platform/orchestrator/main.go:384.22,386.4 1 0
axonflow/platform/orchestrator/main.go:388.3,390.93 2 0
axonflow/platform/orchestrator/main.go:393.2,393.17 1 0
axonflow/platform/orchestrator/main.go:393.17,484.17 5 0
axonflow/platform/orchestrator/main.go:484.17,487.4 2 0
axonflow/platform/orchestrator/main.go:487.9,487.47 1 0
axonflow/platform/orchestrator/main.go:487.47,491.4 3 0
axonflow/platform/orchestrator/main.go:491.9,493.4 1 0
axonflow/platform/orchestrator/main.go:494.8,497.3 2 0
axonflow/platform/orchestrator/main.go:500.2,500.20 1 0
axonflow/platform/orchestrator/main.go:500.20,503.23 2 0
axonflow/platform/orchestrator/main.go:503.23,505.4 1 0
axonflow/platform/orchestrator/main.go:506.3,512.18 4 0
axonflow/platform/orchestrator/main.go:512.18,524.54 3 0
axonflow/platform/orchestrator/main.go:524.54,526.5 1 0
axonflow/platform/orchestrator/main.go:526.10,528.5 1 0
axonflow/platform/orchestrator/main.go:531.4,531.50 1 0
axonflow/platform/orchestrator/main.go:531.50,536.5 4 0
axonflow/platform/orchestrator/main.go:537.9,540.4 1 0
axonflow/platform/orchestrator/main.go:544.2,545.16 2 0
axonflow/platform/orchestrator/main.go:545.16,550.3 4 0
axonflow/platform/orchestrator/main.go:550.8,553.3 2 0
axonflow/platform/orchestrator/main.go:556.2,561.34 4 0
axonflow/platform/orchestrator/main.go:561.34,563.3 1 0
axonflow/platform/orchestrator/main.go:563.8,565.3 1 0
axonflow/platform/orchestrator/main.go:568.2,594.27 11 0
axonflow/platform/orchestrator/main.go:594.27,596.3 1 0
axonflow/platform/orchestrator/main.go:596.8,599.3 2 0
axonflow/platform/orchestrator/main.go:602.2,603.22 2 0
axonflow/platform/orchestrator/main.go:603.22,606.3 2 0
axonflow/platform/orchestrator/main.go:606.8,608.3 1 0
axonflow/platform/orchestrator/main.go:611.2,612.22 2 0
axonflow/platform/orchestrator/main.go:612.22,615.3 2 0
axonflow/platform/orchestrator/main.go:615.8,617.3 1 0
axonflow/platform/orchestrator/main.go:620.2,627.28 6 0
axonflow/platform/orchestrator/main.go:627.28,630.3 2 0
axonflow/platform/orchestrator/main.go:630.8,632.3 1 0
axonflow/platform/orchestrator/main.go:633.2,638.20 4 0
axonflow/platform/orchestrator/main.go:638.20,642.77 3 0
axonflow/platform/orchestrator/main.go:642.77,647.4 2 0
axonflow/platform/orchestrator/main.go:648.3,657.54 8 0
axonflow/platform/orchestrator/main.go:658.8,661.3 2 0
axonflow/platform/orchestrator/main.go:664.60,674.27 2 1
axonflow/platform/orchestrator/main.go:674.27,676.3 1 1
axonflow/platform/orchestrator/main.go:677.2,677.29 1 1
axonflow/platform/orchestrator/main.go:677.29,679.3 1 1
axonflow/platform/orchestrator/main.go:681.2,693.58 3 1
axonflow/platform/orchestrator/main.go:693.58,695.3 1 0
axonflow/platform/orchestrator/main.go:698.68,702.61 3 0
axonflow/platform/orchestrator/main.go:702.61,705.3 2 0
axonflow/platform/orchestrator/main.go:708.2,708.25 1 0
axonflow/platform/orchestrator/main.go:708.25,710.3 1 0
axonflow/platform/orchestrator/main.go:713.2,727.32 9 0
axonflow/platform/orchestrator/main.go:727.32,730.60 3 0
axonflow/platform/orchestrator/main.go:730.60,732.4 1 0
axonflow/platform/orchestrator/main.go:733.3,734.34 2 0
axonflow/platform/orchestrator/main.go:737.2,737.27 1 0
axonflow/platform/orchestrator/main.go:737.27,748.33 6 0
axonflow/platform/orchestrator/main.go:748.33,750.4 1 0
axonflow/platform/orchestrator/main.go:752.3,762.61 4 0
axonflow/platform/orchestrator/main.go:762.61,764.4 1 0
axonflow/platform/orchestrator/main.go:765.3,765.9 1 0
axonflow/platform/orchestrator/main.go:770.2,770.36 1 0
axonflow/platform/orchestrator/main.go:770.36,776.17 4 0
axonflow/platform/orchestrator/main.go:776.17,782.34 5 0
axonflow/platform/orchestrator/main.go:782.34,784.5 1 0
axonflow/platform/orchestrator/main.go:785.4,786.10 2 0
axonflow/platform/orchestrator/main.go:790.3,793.33 3 0
axonflow/platform/orchestrator/main.go:793.33,795.4 1 0
axonflow/platform/orchestrator/main.go:797.3,798.61 2 0
axonflow/platform/orchestrator/main.go:798.61,800.4 1 0
axonflow/platform/orchestrator/main.go:801.3,801.9 1 0
axonflow/platform/orchestrator/main.go:805.2,811.28 5 0
axonflow/platform/orchestrator/main.go:811.28,813.3 1 0
axonflow/platform/orchestrator/main.go:814.2,816.17 2 0
axonflow/platform/orchestrator/main.go:816.17,829.3 3 0
axonflow/platform/orchestrator/main.go:829.8,834.26 5 0
axonflow/platform/orchestrator/main.go:834.26,836.4 1 0
axonflow/platform/orchestrator/main.go:837.3,841.47 3 0
axonflow/platform/orchestrator/main.go:841.47,844.51 3 0
axonflow/platform/orchestrator/main.go:844.51,846.5 1 0
axonflow/platform/orchestrator/main.go:847.4,848.35 2 0
axonflow/platform/orchestrator/main.go:851.3,851.17 1 0
axonflow/platform/orchestrator/main.go:851.17,861.34 6 0
axonflow/platform/orchestrator/main.go:861.34,863.5 1 0
axonflow/platform/orchestrator/main.go:865.4,866.10 2 0
axonflow/platform/orchestrator/main.go:871.2,888.32 8 0
axonflow/platform/orchestrator/main.go:888.32,898.3 1 0
axonflow/platform/orchestrator/main.go:901.2,913.60 3 0
axonflow/platform/orchestrator/main.go:913.60,915.3 1 0
axonflow/platform/orchestrator/main.go:918.68,922.58 3 1
axonflow/platform/orchestrator/main.go:922.58,924.3 1 0
axonflow/platform/orchestrator/main.go:927.75,929.65 2 1
axonflow/platform/orchestrator/main.go:929.65,932.3 2 1
axonflow/platform/orchestrator/main.go:934.2,934.65 1 1
axonflow/platform/orchestrator/main.go:934.65,937.3 2 1
axonflow/platform/orchestrator/main.go:939.2,943.17 2 1
axonflow/platform/orchestrator/main.go:943.17,945.3 1 0
axonflow/platform/orchestrator/main.go:948.73,952.60 3 1
axonflow/platform/orchestrator/main.go:952.60,954.3 1 0
axonflow/platform/orchestrator/main.go:957.64,964.65 2 1
axonflow/platform/orchestrator/main.go:964.65,967.3 2 1
axonflow/platform/orchestrator/main.go:970.2,982.58 4 1
axonflow/platform/orchestrator/main.go:982.58,984.3 1 0
axonflow/platform/orchestrator/main.go:987.61,991.59 3 1
axonflow/platform/orchestrator/main.go:991.59,993.3 1 0
axonflow/platform/orchestrator/main.go:997.83,998.23 1 1
axonflow/platform/orchestrator/main.go:998.23,1000.3 1 1
axonflow/platform/orchestrator/main.go:1002.2,1004.41 3 1
axonflow/platform/orchestrator/main.go:1004.41,1004.73 1 1
axonflow/platform/orchestrator/main.go:1006.2,1007.26 2 1
axonflow/platform/orchestrator/main.go:1007.26,1009.3 1 0
axonflow/platform/orchestrator/main.go:1011.2,1011.31 1 1
axonflow/platform/orchestrator/main.go:1014.56,1016.2 1 1
axonflow/platform/orchestrator/main.go:1018.56,1020.2 1 1
axonflow/platform/orchestrator/main.go:1022.56,1024.2 1 1
axonflow/platform/orchestrator/main.go:1026.60,1027.23 1 1
axonflow/platform/orchestrator/main.go:1027.23,1029.3 1 1
axonflow/platform/orchestrator/main.go:1031.2,1032.28 2 1
axonflow/platform/orchestrator/main.go:1032.28,1034.3 1 1
axonflow/platform/orchestrator/main.go:1036.2,1036.45 1 1
axonflow/platform/orchestrator/main.go:1040.74,1043.37 3 1
axonflow/platform/orchestrator/main.go:1043.37,1044.23 1 0
axonflow/platform/orchestrator/main.go:1044.23,1046.4 1 0
axonflow/platform/orchestrator/main.go:1048.2,1048.30 1 1
axonflow/platform/orchestrator/main.go:1052.153,1057.13 4 0
axonflow/platform/orchestrator/main.go:1057.13,1059.3 1 0
axonflow/platform/orchestrator/main.go:1059.8,1059.20 1 0
axonflow/platform/orchestrator/main.go:1059.20,1063.3 3 0
axonflow/platform/orchestrator/main.go:1063.8,1068.36 4 0
axonflow/platform/orchestrator/main.go:1068.36,1070.4 1 0
axonflow/platform/orchestrator/main.go:1072.3,1072.31 1 0
axonflow/platform/orchestrator/main.go:1072.31,1074.4 1 0
axonflow/platform/orchestrator/main.go:1078.2,1078.23 1 0
axonflow/platform/orchestrator/main.go:1078.23,1080.14 2 0
axonflow/platform/orchestrator/main.go:1080.14,1085.4 2 0
axonflow/platform/orchestrator/main.go:1086.3,1087.14 2 0
axonflow/platform/orchestrator/main.go:1087.14,1089.4 1 0
axonflow/platform/orchestrator/main.go:1089.9,1089.21 1 0
axonflow/platform/orchestrator/main.go:1089.21,1091.4 1 0
axonflow/platform/orchestrator/main.go:1091.9,1093.4 1 0
axonflow/platform/orchestrator/main.go:1094.3,1095.32 2 0
axonflow/platform/orchestrator/main.go:1095.32,1097.4 1 0
axonflow/platform/orchestrator/main.go:1101.2,1101.32 1 0
axonflow/platform/orchestrator/main.go:1101.32,1103.14 2 0
axonflow/platform/orchestrator/main.go:1103.14,1109.4 2 0
axonflow/platform/orchestrator/main.go:1110.3,1111.14 2 0
axonflow/platform/orchestrator/main.go:1111.14,1113.4 1 0
axonflow/platform/orchestrator/main.go:1113.9,1115.4 1 0
axonflow/platform/orchestrator/main.go:1116.3,1119.31 4 0
axonflow/platform/orchestrator/main.go:1119.31,1121.4 1 0
axonflow/platform/orchestrator/main.go:1126.67,1135.51 6 1
axonflow/platform/orchestrator/main.go:1135.51,1139.45 4 0
axonflow/platform/orchestrator/main.go:1139.45,1141.4 1 0
axonflow/platform/orchestrator/main.go:1145.2,1154.32 9 1
axonflow/platform/orchestrator/main.go:1154.32,1161.44 7 1
axonflow/platform/orchestrator/main.go:1161.44,1163.4 1 0
axonflow/platform/orchestrator/main.go:1164.3,1179.68 10 1
axonflow/platform/orchestrator/main.go:1179.68,1189.4 1 0
axonflow/platform/orchestrator/main.go:1192.3,1192.65 1 1
axonflow/platform/orchestrator/main.go:1192.65,1203.4 1 0
axonflow/platform/orchestrator/main.go:1204.3,1204.35 1 1
axonflow/platform/orchestrator/main.go:1205.8,1211.3 4 1
axonflow/platform/orchestrator/main.go:1214.2,1219.23 4 1
axonflow/platform/orchestrator/main.go:1219.23,1221.3 1 0
axonflow/platform/orchestrator/main.go:1224.2,1262.17 2 1
axonflow/platform/orchestrator/main.go:1262.17,1264.3 1 0
axonflow/platform/orchestrator/main.go:1267.65,1277.67 2 1
axonflow/platform/orchestrator/main.go:1277.67,1280.3 2 1
axonflow/platform/orchestrator/main.go:1282.2,1282.26 1 0
axonflow/platform/orchestrator/main.go:1282.26,1284.3 1 0
axonflow/platform/orchestrator/main.go:1286.2,1287.16 2 0
axonflow/platform/orchestrator/main.go:1287.16,1290.3 2 0
axonflow/platform/orchestrator/main.go:1292.2,1293.59 2 0
axonflow/platform/orchestrator/main.go:1293.59,1295.3 1 0
axonflow/platform/orchestrator/main.go:1298.69,1302.20 3 1
axonflow/platform/orchestrator/main.go:1302.20,1305.3 2 1
axonflow/platform/orchestrator/main.go:1308.2,1317.16 3 0
axonflow/platform/orchestrator/main.go:1317.16,1320.3 2 0
axonflow/platform/orchestrator/main.go:1322.2,1323.59 2 0
axonflow/platform/orchestrator/main.go:1323.59,1325.3 1 0
axonflow/platform/orchestrator/main.go:1328.78,1332.20 3 1
axonflow/platform/orchestrator/main.go:1332.20,1335.3 2 1
axonflow/platform/orchestrator/main.go:1338.2,1339.16 2 0
axonflow/platform/orchestrator/main.go:1339.16,1342.3 2 0
axonflow/platform/orchestrator/main.go:1344.2,1351.60 3 0
axonflow/platform/orchestrator/main.go:1351.60,1353.3 1 0
axonflow/platform/orchestrator/main.go:1357.79,1365.60 4 1
axonflow/platform/orchestrator/main.go:1365.60,1367.3 1 0
axonflow/platform/orchestrator/main.go:1370.46,1371.42 1 1
axonflow/platform/orchestrator/main.go:1371.42,1373.3 1 1
axonflow/platform/orchestrator/main.go:1374.2,1374.21 1 1
axonflow/platform/orchestrator/main.go:1377.33,1379.2 1 1
axonflow/platform/orchestrator/main.go:1381.46,1388.50 4 1
axonflow/platform/orchestrator/main.go:1388.50,1390.20 1 0
axonflow/platform/orchestrator/main.go:1390.20,1392.4 1 0
axonflow/platform/orchestrator/main.go:1393.3,1393.19 1 0
axonflow/platform/orchestrator/main.go:1396.2,1396.19 1 1
axonflow/platform/orchestrator/main.go:1396.19,1398.3 1 1
axonflow/platform/orchestrator/main.go:1399.2,1399.18 1 1
axonflow/platform/orchestrator/main.go:1404.52,1407.21 2 1
axonflow/platform/orchestrator/main.go:1407.21,1410.3 2 1
axonflow/platform/orchestrator/main.go:1413.2,1417.19 3 1
axonflow/platform/orchestrator/main.go:1417.19,1420.3 2 1
axonflow/platform/orchestrator/main.go:1421.2,1428.22 4 1
axonflow/platform/orchestrator/main.go:1428.22,1432.3 2 1
axonflow/platform/orchestrator/main.go:1435.2,1453.22 8 1
axonflow/platform/orchestrator/main.go:1458.69,1465.61 2 0
axonflow/platform/orchestrator/main.go:1465.61,1468.3 2 0
axonflow/platform/orchestrator/main.go:1471.2,1471.38 1 0
axonflow/platform/orchestrator/main.go:1471.38,1474.3 2 0
axonflow/platform/orchestrator/main.go:1476.2,1476.39 1 0
axonflow/platform/orchestrator/main.go:1476.39,1479.3 2 0
axonflow/platform/orchestrator/main.go:1482.2,1483.16 2 0
axonflow/platform/orchestrator/main.go:1483.16,1486.3 2 0
axonflow/platform/orchestrator/main.go:1488.2,1489.61 2 0
axonflow/platform/orchestrator/main.go:1489.61,1491.3 1 0
axonflow/platform/orchestrator/main.go:1494.74,1498.23 3 1
axonflow/platform/orchestrator/main.go:1498.23,1501.3 2 1
axonflow/platform/orchestrator/main.go:1503.2,1504.16 2 1
axonflow/platform/orchestrator/main.go:1504.16,1507.3 2 1
axonflow/platform/orchestrator/main.go:1509.2,1510.61 2 1
axonflow/platform/orchestrator/main.go:1510.61,1512.3 1 0
axonflow/platform/orchestrator/main.go:1515.76,1519.20 3 1
axonflow/platform/orchestrator/main.go:1519.20,1520.80 1 1
axonflow/platform/orchestrator/main.go:1520.80,1522.4 1 1
axonflow/platform/orchestrator/main.go:1525.2,1526.16 2 1
axonflow/platform/orchestrator/main.go:1526.16,1529.3 2 0
axonflow/platform/orchestrator/main.go:1531.2,1535.17 2 1
axonflow/platform/orchestrator/main.go:1535.17,1537.3 1 0
axonflow/platform/orchestrator/main.go:1578.65,1584.27 3 1
axonflow/platform/orchestrator/main.go:1584.27,1587.3 2 1
axonflow/platform/orchestrator/main.go:1589.2,1589.27 1 1
axonflow/platform/orchestrator/main.go:1589.27,1592.3 2 1
axonflow/platform/orchestrator/main.go:1595.2,1596.61 2 1
axonflow/platform/orchestrator/main.go:1596.61,1599.3 2 1
axonflow/platform/orchestrator/main.go:1605.2,1605.22 1 1
axonflow/platform/orchestrator/main.go:1605.22,1609.3 3 1
axonflow/platform/orchestrator/main.go:1612.2,1614.23 3 1
axonflow/platform/orchestrator/main.go:1614.23,1615.50 1 0
axonflow/platform/orchestrator/main.go:1615.50,1617.4 1 0
axonflow/platform/orchestrator/main.go:1618.3,1618.46 1 0
axonflow/platform/orchestrator/main.go:1618.46,1620.31 2 0
axonflow/platform/orchestrator/main.go:1620.31,1622.5 1 0
axonflow/platform/orchestrator/main.go:1627.2,1633.21 3 1
axonflow/platform/orchestrator/main.go:1633.21,1636.3 2 1
axonflow/platform/orchestrator/main.go:1639.2,1639.22 1 0
axonflow/platform/orchestrator/main.go:1639.22,1641.71 1 0
axonflow/platform/orchestrator/main.go:1641.71,1644.4 2 0
axonflow/platform/orchestrator/main.go:1644.9,1646.4 1 0
axonflow/platform/orchestrator/main.go:1648.2,1648.29 1 0
axonflow/platform/orchestrator/main.go:1648.29,1650.3 1 0
axonflow/platform/orchestrator/main.go:1652.2,1665.16 4 0
axonflow/platform/orchestrator/main.go:1665.16,1669.3 3 0
axonflow/platform/orchestrator/main.go:1671.2,1680.16 6 0
axonflow/platform/orchestrator/main.go:1680.16,1684.3 3 0
axonflow/platform/orchestrator/main.go:1686.2,1693.39 4 0
axonflow/platform/orchestrator/main.go:1693.39,1696.72 2 0
axonflow/platform/orchestrator/main.go:1696.72,1698.4 1 0
axonflow/platform/orchestrator/main.go:1700.3,1704.4 1 0
axonflow/platform/orchestrator/main.go:1708.2,1712.29 4 0
axonflow/platform/orchestrator/main.go:1712.29,1713.57 1 0
axonflow/platform/orchestrator/main.go:1713.57,1716.4 2 0
axonflow/platform/orchestrator/main.go:1716.9,1720.4 2 0
axonflow/platform/orchestrator/main.go:1721.8,1724.3 2 0
axonflow/platform/orchestrator/main.go:1726.2,1742.60 4 0
axonflow/platform/orchestrator/main.go:1742.60,1744.3 1 0
axonflow/platform/orchestrator/main.go:1747.60,1748.19 1 1
axonflow/platform/orchestrator/main.go:1748.19,1750.3 1 1
axonflow/platform/orchestrator/main.go:1751.2,1752.24 2 1
axonflow/platform/orchestrator/main.go:1752.24,1754.3 1 1
axonflow/platform/orchestrator/main.go:1755.2,1755.13 1 1
axonflow/platform/orchestrator/main.go:1758.46,1759.19 1 1
axonflow/platform/orchestrator/main.go:1759.19,1761.3 1 1
axonflow/platform/orchestrator/main.go:1762.2,1762.36 1 1
axonflow/platform/orchestrator/main.go:1762.36,1764.3 1 1
axonflow/platform/orchestrator/main.go:1765.2,1765.11 1 1
axonflow/platform/orchestrator/main.go:1772.73,1773.29 1 0
axonflow/platform/orchestrator/main.go:1773.29,1776.3 2 0
axonflow/platform/orchestrator/main.go:1778.2,1778.39 1 0
axonflow/platform/orchestrator/main.go:1782.78,1783.29 1 0
axonflow/platform/orchestrator/main.go:1783.29,1786.3 2 0
axonflow/platform/orchestrator/main.go:1789.2,1792.41 4 0
axonflow/platform/orchestrator/main.go:1796.67,1797.29 1 0
axonflow/platform/orchestrator/main.go:1797.29,1800.3 2 0
axonflow/platform/orchestrator/main.go:1801.2,1804.41 4 0
axonflow/platform/orchestrator/main.go:1808.71,1809.29 1 0
axonflow/platform/orchestrator/main.go:1809.29,1812.3 2 0
axonflow/platform/orchestrator/main.go:1813.2,1816.41 4 0
axonflow/platform/orchestrator/main.go:1820.69,1821.29 1 0
axonflow/platform/orchestrator/main.go:1821.29,1824.3 2 0
axonflow/platform/orchestrator/main.go:1825.2,1825.37 1 0
axonflow/platform/orchestrator/main.go:1829.69,1830.29 1 0
axonflow/platform/orchestrator/main.go:1830.29,1833.3 2 0
axonflow/platform/orchestrator/main.go:1834.2,1834.37 1 0
axonflow/platform/orchestrator/main.go:1841.69,1842.31 1 0
axonflow/platform/orchestrator/main.go:1842.31,1845.3 2 0
axonflow/platform/orchestrator/main.go:1846.2,1846.46 1 0
axonflow/platform/orchestrator/main.go:1850.68,1851.31 1 0
axonflow/platform/orchestrator/main.go:1851.31,1854.3 2 0
axonflow/platform/orchestrator/main.go:1855.2,1857.56 3 0
axonflow/platform/orchestrator/main.go:1861.70,1862.31 1 0
axonflow/platform/orchestrator/main.go:1862.31,1865.3 2 0
axonflow/platform/orchestrator/main.go:1866.2,1868.58 3 0
axonflow/platform/orchestrator/main.go:1872.75,1873.31 1 0
axonflow/platform/orchestrator/main.go:1873.31,1876.3 2 0
axonflow/platform/orchestrator/main.go:1877.2,1877.46 1 0
axonflow/platform/orchestrator/main.go:1881.70,1882.31 1 0
axonflow/platform/orchestrator/main.go:1882.31,1885.3 2 0
axonflow/platform/orchestrator/main.go:1886.2,1886.46 1 0
axonflow/platform/orchestrator/mcp_connector_processor.go:54.13,59.2 3 1
axonflow/platform/orchestrator/mcp_connector_processor.go:67.56,69.2 1 1
axonflow/platform/orchestrator/mcp_connector_processor.go:72.177,74.25 2 1
axonflow/platform/orchestrator/mcp_connector_processor.go:74.25,77.3 2 1
axonflow/platform/orchestrator/mcp_connector_processor.go:80.2,80.30 1 1
axonflow/platform/orchestrator/mcp_connector_processor.go:80.30,83.3 2 1
[...]
axonflow/platform/orchestrator/template_api_repository.go:318.2,318.24 1 0
axonflow/platform/orchestrator/template_api_service.go:30.106,35.2 1 0
axonflow/platform/orchestrator/template_api_service.go:38.104,40.2 1 0
axonflow/platform/orchestrator/template_api_service.go:43.122,45.16 2 0
axonflow/platform/orchestrator/template_api_service.go:45.16,47.3 1 0
axonflow/platform/orchestrator/template_api_service.go:49.2,49.25 1 0
axonflow/platform/orchestrator/template_api_service.go:49.25,51.3 1 0
axonflow/platform/orchestrator/template_api_service.go:52.2,52.21 1 0
axonflow/platform/orchestrator/template_api_service.go:52.21,54.3 1 0
axonflow/platform/orchestrator/template_api_service.go:56.2,66.8 2 0
axonflow/platform/orchestrator/template_api_service.go:70.168,73.16 2 0
axonflow/platform/orchestrator/template_api_service.go:73.16,75.3 1 0
axonflow/platform/orchestrator/template_api_service.go:76.2,76.21 1 0
axonflow/platform/orchestrator/template_api_service.go:76.21,78.3 1 0
axonflow/platform/orchestrator/template_api_service.go:81.2,81.62 1 0
axonflow/platform/orchestrator/template_api_service.go:81.62,83.3 1 0
axonflow/platform/orchestrator/template_api_service.go:86.2,87.16 2 0
axonflow/platform/orchestrator/template_api_service.go:87.16,89.3 1 0
axonflow/platform/orchestrator/template_api_service.go:92.2,93.16 2 0
axonflow/platform/orchestrator/template_api_service.go:93.16,95.3 1 0
axonflow/platform/orchestrator/template_api_service.go:98.2,98.25 1 0
axonflow/platform/orchestrator/template_api_service.go:98.25,100.3 1 0
axonflow/platform/orchestrator/template_api_service.go:103.2,126.57 3 0
axonflow/platform/orchestrator/template_api_service.go:126.57,128.3 1 0
axonflow/platform/orchestrator/template_api_service.go:131.2,136.63 2 0
axonflow/platform/orchestrator/template_api_service.go:136.63,139.3 1 0
axonflow/platform/orchestrator/template_api_service.go:141.2,146.8 1 0
axonflow/platform/orchestrator/template_api_service.go:150.107,153.82 2 1
axonflow/platform/orchestrator/template_api_service.go:153.82,158.3 1 1
axonflow/platform/orchestrator/template_api_service.go:160.2,160.32 1 1
axonflow/platform/orchestrator/template_api_service.go:160.32,165.3 1 1
axonflow/platform/orchestrator/template_api_service.go:168.2,168.39 1 1
axonflow/platform/orchestrator/template_api_service.go:168.39,169.17 1 1
axonflow/platform/orchestrator/template_api_service.go:169.17,170.51 1 1
axonflow/platform/orchestrator/template_api_service.go:170.51,175.5 1 1
axonflow/platform/orchestrator/template_api_service.go:180.2,180.39 1 1
axonflow/platform/orchestrator/template_api_service.go:180.39,181.53 1 1
axonflow/platform/orchestrator/template_api_service.go:181.53,182.26 1 1
axonflow/platform/orchestrator/template_api_service.go:182.26,184.43 1 1
axonflow/platform/orchestrator/template_api_service.go:184.43,186.49 2 1
axonflow/platform/orchestrator/template_api_service.go:186.49,191.7 1 1
axonflow/platform/orchestrator/template_api_service.go:197.2,197.21 1 1
axonflow/platform/orchestrator/template_api_service.go:197.21,199.3 1 1
axonflow/platform/orchestrator/template_api_service.go:201.2,201.12 1 1
axonflow/platform/orchestrator/template_api_service.go:205.171,208.28 2 1
axonflow/platform/orchestrator/template_api_service.go:208.28,209.23 1 1
axonflow/platform/orchestrator/template_api_service.go:209.23,211.4 1 1
axonflow/platform/orchestrator/template_api_service.go:215.2,216.29 2 1
axonflow/platform/orchestrator/template_api_service.go:216.29,218.3 1 1
axonflow/platform/orchestrator/template_api_service.go:219.2,219.27 1 1
axonflow/platform/orchestrator/template_api_service.go:219.27,221.3 1 1
axonflow/platform/orchestrator/template_api_service.go:224.2,225.16 2 1
axonflow/platform/orchestrator/template_api_service.go:225.16,227.3 1 0
axonflow/platform/orchestrator/template_api_service.go:229.2,229.45 1 1
axonflow/platform/orchestrator/template_api_service.go:233.116,234.27 1 1
axonflow/platform/orchestrator/template_api_service.go:235.14,236.47 1 1
axonflow/platform/orchestrator/template_api_service.go:237.30,239.27 2 1
axonflow/platform/orchestrator/template_api_service.go:239.27,241.18 2 1
axonflow/platform/orchestrator/template_api_service.go:241.18,243.5 1 0
axonflow/platform/orchestrator/template_api_service.go:244.4,244.29 1 1
axonflow/platform/orchestrator/template_api_service.go:246.3,246.21 1 1
axonflow/platform/orchestrator/template_api_service.go:247.21,249.25 2 1
axonflow/platform/orchestrator/template_api_service.go:249.25,251.18 2 1
axonflow/platform/orchestrator/template_api_service.go:251.18,253.5 1 0
axonflow/platform/orchestrator/template_api_service.go:254.4,254.27 1 1
axonflow/platform/orchestrator/template_api_service.go:256.3,256.21 1 1
axonflow/platform/orchestrator/template_api_service.go:257.10,258.20 1 1
axonflow/platform/orchestrator/template_api_service.go:263.102,269.74 3 1
axonflow/platform/orchestrator/template_api_service.go:269.74,272.50 2 1
axonflow/platform/orchestrator/template_api_service.go:272.50,274.4 1 1
axonflow/platform/orchestrator/template_api_service.go:275.3,275.13 1 1
axonflow/platform/orchestrator/template_api_service.go:279.2,279.67 1 1
axonflow/platform/orchestrator/template_api_service.go:279.67,281.50 2 1
axonflow/platform/orchestrator/template_api_service.go:281.50,283.4 1 1
axonflow/platform/orchestrator/template_api_service.go:284.3,284.15 1 1
axonflow/platform/orchestrator/template_api_service.go:287.2,287.15 1 1
axonflow/platform/orchestrator/template_api_service.go:291.136,298.44 5 1
axonflow/platform/orchestrator/template_api_service.go:298.44,300.3 1 1
axonflow/platform/orchestrator/template_api_service.go:300.8,302.3 1 1
axonflow/platform/orchestrator/template_api_service.go:305.2,305.42 1 1
axonflow/platform/orchestrator/template_api_service.go:306.15,307.20 1 1
axonflow/platform/orchestrator/template_api_service.go:308.11,309.15 1 1
axonflow/platform/orchestrator/template_api_service.go:310.10,311.16 1 1
axonflow/platform/orchestrator/template_api_service.go:315.2,315.61 1 1
axonflow/platform/orchestrator/template_api_service.go:315.61,316.27 1 1
axonflow/platform/orchestrator/template_api_service.go:316.27,317.53 1 1
axonflow/platform/orchestrator/template_api_service.go:317.53,324.5 2 1
axonflow/platform/orchestrator/template_api_service.go:329.2,329.57 1 1
axonflow/platform/orchestrator/template_api_service.go:329.57,330.26 1 1
axonflow/platform/orchestrator/template_api_service.go:330.26,331.52 1 1
axonflow/platform/orchestrator/template_api_service.go:331.52,335.68 2 1
axonflow/platform/orchestrator/template_api_service.go:335.68,337.6 1 1
axonflow/platform/orchestrator/template_api_service.go:338.5,338.38 1 1
axonflow/platform/orchestrator/template_api_service.go:343.2,343.26 1 1
axonflow/platform/orchestrator/template_api_service.go:343.26,345.3 1 1
axonflow/platform/orchestrator/template_api_service.go:347.2,347.23 1 1
axonflow/platform/orchestrator/template_api_service.go:347.23,349.3 1 1
axonflow/platform/orchestrator/template_api_service.go:351.2,351.55 1 1
axonflow/platform/orchestrator/template_api_service.go:355.80,357.2 1 0
axonflow/platform/orchestrator/template_api_service.go:360.117,362.2 1 0
axonflow/platform/orchestrator/template_api_service.go:365.68,366.34 1 1
axonflow/platform/orchestrator/template_api_service.go:366.34,368.3 1 1
axonflow/platform/orchestrator/template_api_service.go:369.2,369.11 1 1
axonflow/platform/orchestrator/template_api_service.go:377.50,379.31 2 1
axonflow/platform/orchestrator/template_api_service.go:379.31,381.3 1 1
axonflow/platform/orchestrator/template_api_service.go:382.2,382.33 1 1
axonflow/platform/orchestrator/workflow_engine.go:30.13,35.2 2 1
axonflow/platform/orchestrator/workflow_engine.go:137.60,141.2 1 1
axonflow/platform/orchestrator/workflow_engine.go:143.85,148.2 4 1
axonflow/platform/orchestrator/workflow_engine.go:150.87,154.13 4 1
axonflow/platform/orchestrator/workflow_engine.go:154.13,156.3 1 1
axonflow/platform/orchestrator/workflow_engine.go:157.2,157.23 1 1
axonflow/platform/orchestrator/workflow_engine.go:160.87,165.2 4 1
axonflow/platform/orchestrator/workflow_engine.go:172.63,174.2 1 1
axonflow/platform/orchestrator/workflow_engine.go:176.172,184.34 4 1
axonflow/platform/orchestrator/workflow_engine.go:184.34,189.44 3 0
axonflow/platform/orchestrator/workflow_engine.go:189.44,190.64 1 0
axonflow/platform/orchestrator/workflow_engine.go:190.64,191.83 1 0
axonflow/platform/orchestrator/workflow_engine.go:191.83,194.28 2 0
axonflow/platform/orchestrator/workflow_engine.go:194.28,196.7 1 0
axonflow/platform/orchestrator/workflow_engine.go:197.6,197.72 1 0
axonflow/platform/orchestrator/workflow_engine.go:202.3,203.28 2 0
axonflow/platform/orchestrator/workflow_engine.go:203.28,206.4 2 0
axonflow/platform/orchestrator/workflow_engine.go:206.9,208.4 1 0
axonflow/platform/orchestrator/workflow_engine.go:212.2,231.16 4 1
axonflow/platform/orchestrator/workflow_engine.go:231.16,234.3 2 0
axonflow/platform/orchestrator/workflow_engine.go:236.2,241.28 2 1
axonflow/platform/orchestrator/workflow_engine.go:241.28,245.3 2 0
axonflow/platform/orchestrator/workflow_engine.go:247.2,247.64 1 1
axonflow/platform/orchestrator/workflow_engine.go:247.64,250.3 1 0
axonflow/platform/orchestrator/workflow_engine.go:253.2,253.34 1 1
axonflow/platform/orchestrator/workflow_engine.go:253.34,258.53 3 0
axonflow/platform/orchestrator/workflow_engine.go:258.53,261.4 2 0
axonflow/platform/orchestrator/workflow_engine.go:263.3,263.80 1 0
axonflow/platform/orchestrator/workflow_engine.go:267.2,276.24 2 1
axonflow/platform/orchestrator/workflow_engine.go:276.24,277.85 1 0
axonflow/platform/orchestrator/workflow_engine.go:277.85,280.4 2 0
axonflow/platform/orchestrator/workflow_engine.go:280.9,282.4 1 0
axonflow/platform/orchestrator/workflow_engine.go:285.2,286.20 2 1
axonflow/platform/orchestrator/workflow_engine.go:289.136,293.36 2 1
axonflow/platform/orchestrator/workflow_engine.go:293.36,295.36 2 1
axonflow/platform/orchestrator/workflow_engine.go:295.36,297.4 1 1
axonflow/platform/orchestrator/workflow_engine.go:301.2,301.43 1 1
axonflow/platform/orchestrator/workflow_engine.go:301.43,302.37 1 1
axonflow/platform/orchestrator/workflow_engine.go:302.37,303.44 1 1
axonflow/platform/orchestrator/workflow_engine.go:303.44,305.38 2 1
axonflow/platform/orchestrator/workflow_engine.go:305.38,307.6 1 1
axonflow/platform/orchestrator/workflow_engine.go:312.2,312.15 1 1
axonflow/platform/orchestrator/workflow_engine.go:316.66,324.2 2 1
axonflow/platform/orchestrator/workflow_engine.go:327.93,332.43 4 1
axonflow/platform/orchestrator/workflow_engine.go:332.43,333.37 1 1
axonflow/platform/orchestrator/workflow_engine.go:333.37,335.40 1 1
axonflow/platform/orchestrator/workflow_engine.go:335.40,336.13 1 1
axonflow/platform/orchestrator/workflow_engine.go:339.4,342.82 2 1
axonflow/platform/orchestrator/workflow_engine.go:342.82,345.5 2 1
axonflow/platform/orchestrator/workflow_engine.go:345.10,347.33 1 1
axonflow/platform/orchestrator/workflow_engine.go:347.33,348.46 1 1
axonflow/platform/orchestrator/workflow_engine.go:348.46,350.158 1 1
axonflow/platform/orchestrator/workflow_engine.go:350.158,351.16 1 1
axonflow/platform/orchestrator/workflow_engine.go:353.7,353.65 1 1
axonflow/platform/orchestrator/workflow_engine.go:355.6,355.31 1 1
axonflow/platform/orchestrator/workflow_engine.go:361.2,364.25 3 1
axonflow/platform/orchestrator/workflow_engine.go:367.106,368.38 1 1
axonflow/platform/orchestrator/workflow_engine.go:368.38,370.62 2 1
axonflow/platform/orchestrator/workflow_engine.go:370.62,372.4 1 1
axonflow/platform/orchestrator/workflow_engine.go:374.2,374.63 1 1
axonflow/platform/orchestrator/workflow_engine.go:380.54,382.2 1 1
axonflow/platform/orchestrator/workflow_engine.go:384.176,396.21 4 1
axonflow/platform/orchestrator/workflow_engine.go:396.21,399.3 2 1
axonflow/platform/orchestrator/workflow_engine.go:399.8,402.3 2 1
axonflow/platform/orchestrator/workflow_engine.go:406.2,408.20 2 1
axonflow/platform/orchestrator/workflow_engine.go:411.103,416.39 1 1
axonflow/platform/orchestrator/workflow_engine.go:416.39,418.22 2 1
axonflow/platform/orchestrator/workflow_engine.go:418.22,427.4 4 1
axonflow/platform/orchestrator/workflow_engine.go:431.2,431.14 1 0
axonflow/platform/orchestrator/workflow_engine.go:434.100,436.68 1 1
axonflow/platform/orchestrator/workflow_engine.go:436.68,438.3 1 1
axonflow/platform/orchestrator/workflow_engine.go:440.2,441.44 2 1
axonflow/platform/orchestrator/workflow_engine.go:441.44,445.44 3 1
axonflow/platform/orchestrator/workflow_engine.go:445.44,446.67 1 1
axonflow/platform/orchestrator/workflow_engine.go:446.67,447.60 1 1
axonflow/platform/orchestrator/workflow_engine.go:447.60,449.6 1 1
axonflow/platform/orchestrator/workflow_engine.go:454.2,454.12 1 1
axonflow/platform/orchestrator/workflow_engine.go:460.56,462.2 1 1
axonflow/platform/orchestrator/workflow_engine.go:464.177,473.23 2 1
axonflow/platform/orchestrator/workflow_engine.go:474.24,477.29 3 1
axonflow/platform/orchestrator/workflow_engine.go:479.25,481.44 2 1
axonflow/platform/orchestrator/workflow_engine.go:483.23,485.38 2 1
axonflow/platform/orchestrator/workflow_engine.go:487.10,488.54 1 1
axonflow/platform/orchestrator/workflow_engine.go:491.2,491.20 1 1
axonflow/platform/orchestrator/workflow_engine.go:495.42,507.2 4 1
axonflow/platform/orchestrator/workflow_engine.go:510.102,511.19 1 1
axonflow/platform/orchestrator/workflow_engine.go:511.19,513.3 1 1
axonflow/platform/orchestrator/workflow_engine.go:515.2,520.51 3 1
axonflow/platform/orchestrator/workflow_engine.go:524.158,538.59 2 1
axonflow/platform/orchestrator/workflow_engine.go:538.59,540.3 1 0
axonflow/platform/orchestrator/workflow_engine.go:542.2,545.43 2 1
axonflow/platform/orchestrator/workflow_engine.go:545.43,557.14 4 1
axonflow/platform/orchestrator/workflow_engine.go:557.14,565.4 7 1
axonflow/platform/orchestrator/workflow_engine.go:568.3,573.17 5 1
axonflow/platform/orchestrator/workflow_engine.go:573.17,583.4 7 0
axonflow/platform/orchestrator/workflow_engine.go:585.3,592.24 4 1
axonflow/platform/orchestrator/workflow_engine.go:592.24,594.39 1 1
axonflow/platform/orchestrator/workflow_engine.go:594.39,596.5 1 1
axonflow/platform/orchestrator/workflow_engine.go:599.3,599.79 1 1
axonflow/platform/orchestrator/workflow_engine.go:603.2,608.50 4 1
axonflow/platform/orchestrator/workflow_engine.go:608.50,610.3 1 1
axonflow/platform/orchestrator/workflow_engine.go:612.2,615.23 3 1
axonflow/platform/orchestrator/workflow_engine.go:618.107,626.43 4 1
axonflow/platform/orchestrator/workflow_engine.go:626.43,628.37 2 1
axonflow/platform/orchestrator/workflow_engine.go:628.37,629.44 1 1
axonflow/platform/orchestrator/workflow_engine.go:629.44,632.38 3 1
axonflow/platform/orchestrator/workflow_engine.go:632.38,635.6 2 1
axonflow/platform/orchestrator/workflow_engine.go:635.11,635.55 1 1
axonflow/platform/orchestrator/workflow_engine.go:635.55,639.6 2 1
axonflow/platform/orchestrator/workflow_engine.go:639.11,641.6 1 1
axonflow/platform/orchestrator/workflow_engine.go:646.2,647.21 2 1
axonflow/platform/orchestrator/workflow_engine.go:647.21,649.3 1 1
axonflow/platform/orchestrator/workflow_engine.go:651.2,651.15 1 1
axonflow/platform/orchestrator/workflow_engine.go:655.49,657.19 2 1
axonflow/platform/orchestrator/workflow_engine.go:657.19,659.3 1 1
axonflow/platform/orchestrator/workflow_engine.go:660.2,660.13 1 1
axonflow/platform/orchestrator/workflow_engine.go:664.50,665.22 1 1
axonflow/platform/orchestrator/workflow_engine.go:665.22,667.3 1 1
axonflow/platform/orchestrator/workflow_engine.go:668.2,668.27 1 1
axonflow/platform/orchestrator/workflow_engine.go:672.78,674.2 1 1
axonflow/platform/orchestrator/workflow_engine.go:677.88,681.2 1 1
axonflow/platform/orchestrator/workflow_engine.go:684.43,686.2 1 1
axonflow/platform/orchestrator/workflow_engine.go:689.64,697.2 2 1
axonflow/platform/orchestrator/workflow_engine.go:703.95,709.42 3 1
axonflow/platform/orchestrator/workflow_engine.go:709.42,710.49 1 1
axonflow/platform/orchestrator/workflow_engine.go:710.49,712.4 1 1
axonflow/platform/orchestrator/workflow_engine.go:715.2,715.30 1 1
axonflow/platform/orchestrator/workflow_engine.go:730.198,732.18 1 1
axonflow/platform/orchestrator/workflow_engine.go:732.18,734.3 1 0
axonflow/platform/orchestrator/workflow_engine.go:737.2,749.59 2 1
axonflow/platform/orchestrator/workflow_engine.go:749.59,751.3 1 0
axonflow/platform/orchestrator/workflow_engine.go:753.2,759.42 3 1
axonflow/platform/orchestrator/workflow_engine.go:759.42,763.47 2 1
axonflow/platform/orchestrator/workflow_engine.go:763.47,766.18 2 1
axonflow/platform/orchestrator/workflow_engine.go:766.18,772.5 5 0
axonflow/platform/orchestrator/workflow_engine.go:775.4,780.40 4 1
axonflow/platform/orchestrator/workflow_engine.go:780.40,781.29 1 1
axonflow/platform/orchestrator/workflow_engine.go:781.29,782.44 1 1
axonflow/platform/orchestrator/workflow_engine.go:782.44,785.7 2 1
axonflow/platform/orchestrator/workflow_engine.go:788.4,788.104 1 1
axonflow/platform/orchestrator/workflow_engine.go:789.9,792.37 2 1
axonflow/platform/orchestrator/workflow_engine.go:792.37,794.19 2 1
axonflow/platform/orchestrator/workflow_engine.go:794.19,801.6 5 0
axonflow/platform/orchestrator/workflow_engine.go:803.5,808.33 4 1
axonflow/platform/orchestrator/workflow_engine.go:808.33,809.48 1 1
axonflow/platform/orchestrator/workflow_engine.go:809.48,812.7 2 1
axonflow/platform/orchestrator/workflow_engine.go:814.5,814.105 1 1
axonflow/platform/orchestrator/workflow_engine.go:820.2,826.50 5 1
axonflow/platform/orchestrator/workflow_engine.go:826.50,828.3 1 0
axonflow/platform/orchestrator/workflow_engine.go:830.2,833.23 3 1
axonflow/platform/orchestrator/workflow_engine.go:843.104,844.40 1 1
axonflow/platform/orchestrator/workflow_engine.go:844.40,847.3 1 1
axonflow/platform/orchestrator/workflow_engine.go:851.2,853.20 2 1
axonflow/platform/orchestrator/workflow_engine.go:853.20,866.3 3 1
axonflow/platform/orchestrator/workflow_engine.go:866.8,872.3 1 0
axonflow/platform/orchestrator/workflow_engine.go:874.2,874.15 1 1
axonflow/platform/orchestrator/workflow_engine.go:878.175,885.29 5 1
axonflow/platform/orchestrator/workflow_engine.go:885.29,887.36 2 1
axonflow/platform/orchestrator/workflow_engine.go:887.36,896.18 6 1
axonflow/platform/orchestrator/workflow_engine.go:896.18,898.5 1 0
axonflow/platform/orchestrator/workflow_engine.go:898.10,900.5 1 1
axonflow/platform/orchestrator/workflow_engine.go:905.2,913.29 5 1
axonflow/platform/orchestrator/workflow_engine.go:913.29,914.17 1 1
axonflow/platform/orchestrator/workflow_engine.go:914.17,919.75 3 0
axonflow/platform/orchestrator/workflow_engine.go:919.75,921.5 1 0
axonflow/platform/orchestrator/workflow_engine.go:923.3,923.15 1 1
axonflow/platform/orchestrator/workflow_engine.go:927.2,927.59 1 1
axonflow/platform/orchestrator/workflow_engine.go:927.59,932.3 2 0
axonflow/platform/orchestrator/workflow_engine.go:935.2,935.36 1 1
axonflow/platform/orchestrator/workflow_engine.go:935.36,937.3 1 0
axonflow/platform/orchestrator/workflow_engine.go:939.2,939.57 1 1
axonflow/platform/orchestrator/workflow_engine.go:939.57,941.3 1 0
axonflow/platform/orchestrator/workflow_engine.go:943.2,943.21 1 1
axonflow/platform/orchestrator/workflow_engine.go:947.167,959.13 4 1
axonflow/platform/orchestrator/workflow_engine.go:959.13,968.3 8 1
axonflow/platform/orchestrator/workflow_engine.go:971.2,977.16 6 1
axonflow/platform/orchestrator/workflow_engine.go:977.16,982.3 4 0
axonflow/platform/orchestrator/workflow_engine.go:985.2,986.23 2 1
axonflow/platform/orchestrator/workflow_engine.go:986.23,987.57 1 1
axonflow/platform/orchestrator/workflow_engine.go:987.57,989.4 1 0
axonflow/platform/orchestrator/workflow_engine.go:990.3,991.70 1 1
axonflow/platform/orchestrator/workflow_engine.go:992.8,994.3 1 0
axonflow/platform/orchestrator/workflow_engine.go:996.2,999.27 3 1
